<?xml version="1.0" encoding="utf-8"?>
<CoverageSession xmlns:xsd="http://www.w3.org/2001/XMLSchema" xmlns:xsi="http://www.w3.org/2001/XMLSchema-instance" Version="0.0.0.0">
  <Summary numSequencePoints="499" visitedSequencePoints="442" numBranchPoints="0" visitedBranchPoints="0" sequenceCoverage="88.58" branchCoverage="0.0" maxCyclomaticComplexity="0" minCyclomaticComplexity="0" maxCrapScore="0" minCrapScore="0" visitedClasses="12" numClasses="12" visitedMethods="36" numMethods="36" />
  <Modules>
    <Module>
      <Summary numSequencePoints="499" visitedSequencePoints="442" numBranchPoints="0" visitedBranchPoints="0" sequenceCoverage="88.58" branchCoverage="0.0" maxCyclomaticComplexity="0" minCyclomaticComplexity="0" maxCrapScore="0" minCrapScore="0" visitedClasses="12" numClasses="12" visitedMethods="36" numMethods="36" />
      <ModuleTime>0001-01-01T00:00:00</ModuleTime>
      <ModuleName>Assembly-CSharp</ModuleName>
      <Files>
        <File uid="1" fullPath="C:/Users/William Brett/Documents/GitHub/DuskVale/Assets/Scripts/BulletManager.cs" />
        <File uid="2" fullPath="C:/Users/William Brett/Documents/GitHub/DuskVale/Assets/Scripts/CameraController.cs" />
        <File uid="3" fullPath="C:/Users/William Brett/Documents/GitHub/DuskVale/Assets/Scripts/CellPathway.cs" />
        <File uid="4" fullPath="C:/Users/William Brett/Documents/GitHub/DuskVale/Assets/Scripts/HealthManager.cs" />
        <File uid="5" fullPath="C:/Users/William Brett/Documents/GitHub/DuskVale/Assets/Scripts/LoadManager.cs" />
        <File uid="6" fullPath="C:/Users/William Brett/Documents/GitHub/DuskVale/Assets/Scripts/MetadataRecord.cs" />
        <File uid="7" fullPath="C:/Users/William Brett/Documents/GitHub/DuskVale/Assets/Scripts/PlatformEffector.cs" />
        <File uid="8" fullPath="C:/Users/William Brett/Documents/GitHub/DuskVale/Assets/Scripts/PlayerController.cs" />
        <File uid="9" fullPath="C:/Users/William Brett/Documents/GitHub/DuskVale/Assets/Scripts/PlayerRecord.cs" />
        <File uid="10" fullPath="C:/Users/William Brett/Documents/GitHub/DuskVale/Assets/Scripts/SaveManager.cs" />
        <File uid="11" fullPath="C:/Users/William Brett/Documents/GitHub/DuskVale/Assets/Scripts/SkeletonAwake.cs" />
        <File uid="12" fullPath="C:/Users/William Brett/Documents/GitHub/DuskVale/Assets/Scripts/SkeletonController.cs" />
      </Files>
      <Classes>
        <Class>
          <Summary numSequencePoints="25" visitedSequencePoints="25" numBranchPoints="0" visitedBranchPoints="0" sequenceCoverage="100.0" branchCoverage="0.0" maxCyclomaticComplexity="0" minCyclomaticComplexity="0" maxCrapScore="0" minCrapScore="0" visitedClasses="1" numClasses="1" visitedMethods="3" numMethods="3" />
          <FullName>BulletManager</FullName>
          <Methods>
            <Method visited="true" cyclomaticComplexity="0" nPathComplexity="0" sequenceCoverage="100.0" branchCoverage="0" crapScore="0" isConstructor="false" isStatic="false" isGetter="false" isSetter="false">
              <Summary numSequencePoints="12" visitedSequencePoints="12" numBranchPoints="0" visitedBranchPoints="0" sequenceCoverage="100.0" branchCoverage="0" maxCyclomaticComplexity="0" minCyclomaticComplexity="0" maxCrapScore="0" minCrapScore="0" visitedClasses="0" numClasses="0" visitedMethods="1" numMethods="1" />
              <MetadataToken>100663297</MetadataToken>
              <Name>System.Void BulletManager::Start()</Name>
              <FileRef uid="1" />
              <SequencePoints>
                <SequencePoint vc="9" uspid="1" ordinal="0" offset="0" sl="18" sc="5" el="18" ec="5" bec="0" bev="0" fileid="1" />
                <SequencePoint vc="9" uspid="2" ordinal="0" offset="1" sl="19" sc="9" el="19" ec="9" bec="0" bev="0" fileid="1" />
                <SequencePoint vc="9" uspid="3" ordinal="0" offset="13" sl="20" sc="9" el="20" ec="9" bec="0" bev="0" fileid="1" />
                <SequencePoint vc="9" uspid="4" ordinal="0" offset="25" sl="21" sc="9" el="21" ec="9" bec="0" bev="0" fileid="1" />
                <SequencePoint vc="8" uspid="5" ordinal="0" offset="52" sl="22" sc="9" el="22" ec="9" bec="0" bev="0" fileid="1" />
                <SequencePoint vc="8" uspid="6" ordinal="0" offset="53" sl="23" sc="13" el="23" ec="13" bec="0" bev="0" fileid="1" />
                <SequencePoint vc="8" uspid="7" ordinal="0" offset="66" sl="24" sc="13" el="24" ec="13" bec="0" bev="0" fileid="1" />
                <SequencePoint vc="8" uspid="8" ordinal="0" offset="94" sl="25" sc="9" el="25" ec="9" bec="0" bev="0" fileid="1" />
                <SequencePoint vc="1" uspid="9" ordinal="0" offset="97" sl="27" sc="9" el="27" ec="9" bec="0" bev="0" fileid="1" />
                <SequencePoint vc="1" uspid="10" ordinal="0" offset="98" sl="28" sc="13" el="28" ec="13" bec="0" bev="0" fileid="1" />
                <SequencePoint vc="1" uspid="11" ordinal="0" offset="125" sl="29" sc="9" el="29" ec="9" bec="0" bev="0" fileid="1" />
                <SequencePoint vc="9" uspid="12" ordinal="0" offset="126" sl="31" sc="5" el="31" ec="5" bec="0" bev="0" fileid="1" />
              </SequencePoints>
              <BranchPoints />
            </Method>
            <Method visited="true" cyclomaticComplexity="0" nPathComplexity="0" sequenceCoverage="100.0" branchCoverage="0" crapScore="0" isConstructor="false" isStatic="false" isGetter="false" isSetter="false">
              <Summary numSequencePoints="3" visitedSequencePoints="3" numBranchPoints="0" visitedBranchPoints="0" sequenceCoverage="100.0" branchCoverage="0" maxCyclomaticComplexity="0" minCyclomaticComplexity="0" maxCrapScore="0" minCrapScore="0" visitedClasses="0" numClasses="0" visitedMethods="1" numMethods="1" />
              <MetadataToken>100663298</MetadataToken>
              <Name>System.Void BulletManager::Update()</Name>
              <FileRef uid="1" />
              <SequencePoints>
                <SequencePoint vc="75" uspid="13" ordinal="0" offset="0" sl="35" sc="5" el="35" ec="5" bec="0" bev="0" fileid="1" />
                <SequencePoint vc="75" uspid="14" ordinal="0" offset="1" sl="36" sc="9" el="36" ec="9" bec="0" bev="0" fileid="1" />
                <SequencePoint vc="75" uspid="15" ordinal="0" offset="30" sl="37" sc="5" el="37" ec="5" bec="0" bev="0" fileid="1" />
              </SequencePoints>
              <BranchPoints />
            </Method>
            <Method visited="true" cyclomaticComplexity="0" nPathComplexity="0" sequenceCoverage="100.0" branchCoverage="0" crapScore="0" isConstructor="false" isStatic="false" isGetter="false" isSetter="false">
              <Summary numSequencePoints="10" visitedSequencePoints="10" numBranchPoints="0" visitedBranchPoints="0" sequenceCoverage="100.0" branchCoverage="0" maxCyclomaticComplexity="0" minCyclomaticComplexity="0" maxCrapScore="0" minCrapScore="0" visitedClasses="0" numClasses="0" visitedMethods="1" numMethods="1" />
              <MetadataToken>100663299</MetadataToken>
              <Name>System.Void BulletManager::OnTriggerEnter2D(UnityEngine.Collider2D)</Name>
              <FileRef uid="1" />
              <SequencePoints>
                <SequencePoint vc="21" uspid="16" ordinal="0" offset="0" sl="55" sc="5" el="55" ec="5" bec="0" bev="0" fileid="1" />
                <SequencePoint vc="21" uspid="17" ordinal="0" offset="1" sl="56" sc="9" el="56" ec="9" bec="0" bev="0" fileid="1" />
                <SequencePoint vc="8" uspid="18" ordinal="0" offset="21" sl="57" sc="9" el="57" ec="9" bec="0" bev="0" fileid="1" />
                <SequencePoint vc="8" uspid="19" ordinal="0" offset="22" sl="58" sc="13" el="58" ec="13" bec="0" bev="0" fileid="1" />
                <SequencePoint vc="8" uspid="20" ordinal="0" offset="35" sl="59" sc="9" el="59" ec="9" bec="0" bev="0" fileid="1" />
                <SequencePoint vc="21" uspid="21" ordinal="0" offset="36" sl="61" sc="9" el="61" ec="9" bec="0" bev="0" fileid="1" />
                <SequencePoint vc="13" uspid="22" ordinal="0" offset="77" sl="62" sc="9" el="62" ec="9" bec="0" bev="0" fileid="1" />
                <SequencePoint vc="13" uspid="23" ordinal="0" offset="78" sl="63" sc="13" el="63" ec="13" bec="0" bev="0" fileid="1" />
                <SequencePoint vc="13" uspid="24" ordinal="0" offset="90" sl="64" sc="9" el="64" ec="9" bec="0" bev="0" fileid="1" />
                <SequencePoint vc="21" uspid="25" ordinal="0" offset="91" sl="65" sc="5" el="65" ec="5" bec="0" bev="0" fileid="1" />
              </SequencePoints>
              <BranchPoints />
            </Method>
          </Methods>
        </Class>
        <Class>
          <Summary numSequencePoints="61" visitedSequencePoints="46" numBranchPoints="0" visitedBranchPoints="0" sequenceCoverage="75.41" branchCoverage="0.0" maxCyclomaticComplexity="0" minCyclomaticComplexity="0" maxCrapScore="0" minCrapScore="0" visitedClasses="1" numClasses="1" visitedMethods="2" numMethods="2" />
          <FullName>CameraController</FullName>
          <Methods>
            <Method visited="true" cyclomaticComplexity="0" nPathComplexity="0" sequenceCoverage="57.14" branchCoverage="0" crapScore="0" isConstructor="false" isStatic="false" isGetter="false" isSetter="false">
              <Summary numSequencePoints="35" visitedSequencePoints="20" numBranchPoints="0" visitedBranchPoints="0" sequenceCoverage="57.14" branchCoverage="0" maxCyclomaticComplexity="0" minCyclomaticComplexity="0" maxCrapScore="0" minCrapScore="0" visitedClasses="0" numClasses="0" visitedMethods="1" numMethods="1" />
              <MetadataToken>100663301</MetadataToken>
              <Name>System.Void CameraController::Start()</Name>
              <FileRef uid="2" />
              <SequencePoints>
                <SequencePoint vc="5" uspid="26" ordinal="0" offset="0" sl="23" sc="5" el="23" ec="5" bec="0" bev="0" fileid="2" />
                <SequencePoint vc="5" uspid="27" ordinal="0" offset="1" sl="24" sc="9" el="24" ec="9" bec="0" bev="0" fileid="2" />
                <SequencePoint vc="5" uspid="28" ordinal="0" offset="13" sl="25" sc="9" el="25" ec="9" bec="0" bev="0" fileid="2" />
                <SequencePoint vc="5" uspid="29" ordinal="0" offset="29" sl="26" sc="9" el="26" ec="9" bec="0" bev="0" fileid="2" />
                <SequencePoint vc="5" uspid="30" ordinal="0" offset="43" sl="27" sc="9" el="27" ec="9" bec="0" bev="0" fileid="2" />
                <SequencePoint vc="5" uspid="31" ordinal="0" offset="44" sl="28" sc="13" el="28" ec="13" bec="0" bev="0" fileid="2" />
                <SequencePoint vc="5" uspid="32" ordinal="0" offset="63" sl="29" sc="9" el="29" ec="9" bec="0" bev="0" fileid="2" />
                <SequencePoint vc="0" uspid="33" ordinal="0" offset="66" sl="31" sc="9" el="31" ec="9" bec="0" bev="0" fileid="2" />
                <SequencePoint vc="0" uspid="34" ordinal="0" offset="67" sl="32" sc="13" el="32" ec="13" bec="0" bev="0" fileid="2" />
                <SequencePoint vc="0" uspid="35" ordinal="0" offset="79" sl="33" sc="9" el="33" ec="9" bec="0" bev="0" fileid="2" />
                <SequencePoint vc="5" uspid="36" ordinal="0" offset="80" sl="35" sc="9" el="35" ec="9" bec="0" bev="0" fileid="2" />
                <SequencePoint vc="5" uspid="37" ordinal="0" offset="96" sl="36" sc="9" el="36" ec="9" bec="0" bev="0" fileid="2" />
                <SequencePoint vc="5" uspid="38" ordinal="0" offset="110" sl="37" sc="9" el="37" ec="9" bec="0" bev="0" fileid="2" />
                <SequencePoint vc="5" uspid="39" ordinal="0" offset="111" sl="38" sc="13" el="38" ec="13" bec="0" bev="0" fileid="2" />
                <SequencePoint vc="5" uspid="40" ordinal="0" offset="135" sl="39" sc="13" el="39" ec="13" bec="0" bev="0" fileid="2" />
                <SequencePoint vc="5" uspid="41" ordinal="0" offset="159" sl="40" sc="13" el="40" ec="13" bec="0" bev="0" fileid="2" />
                <SequencePoint vc="5" uspid="42" ordinal="0" offset="183" sl="41" sc="13" el="41" ec="13" bec="0" bev="0" fileid="2" />
                <SequencePoint vc="5" uspid="43" ordinal="0" offset="207" sl="42" sc="9" el="42" ec="9" bec="0" bev="0" fileid="2" />
                <SequencePoint vc="5" uspid="44" ordinal="0" offset="208" sl="44" sc="9" el="44" ec="9" bec="0" bev="0" fileid="2" />
                <SequencePoint vc="0" uspid="45" ordinal="0" offset="224" sl="45" sc="9" el="45" ec="9" bec="0" bev="0" fileid="2" />
                <SequencePoint vc="0" uspid="46" ordinal="0" offset="225" sl="46" sc="13" el="46" ec="13" bec="0" bev="0" fileid="2" />
                <SequencePoint vc="0" uspid="47" ordinal="0" offset="236" sl="47" sc="9" el="47" ec="9" bec="0" bev="0" fileid="2" />
                <SequencePoint vc="5" uspid="48" ordinal="0" offset="237" sl="48" sc="9" el="48" ec="9" bec="0" bev="0" fileid="2" />
                <SequencePoint vc="0" uspid="49" ordinal="0" offset="253" sl="49" sc="9" el="49" ec="9" bec="0" bev="0" fileid="2" />
                <SequencePoint vc="0" uspid="50" ordinal="0" offset="254" sl="50" sc="13" el="50" ec="13" bec="0" bev="0" fileid="2" />
                <SequencePoint vc="0" uspid="51" ordinal="0" offset="265" sl="51" sc="9" el="51" ec="9" bec="0" bev="0" fileid="2" />
                <SequencePoint vc="5" uspid="52" ordinal="0" offset="266" sl="52" sc="9" el="52" ec="9" bec="0" bev="0" fileid="2" />
                <SequencePoint vc="0" uspid="53" ordinal="0" offset="284" sl="53" sc="9" el="53" ec="9" bec="0" bev="0" fileid="2" />
                <SequencePoint vc="0" uspid="54" ordinal="0" offset="285" sl="54" sc="13" el="54" ec="13" bec="0" bev="0" fileid="2" />
                <SequencePoint vc="0" uspid="55" ordinal="0" offset="296" sl="55" sc="9" el="55" ec="9" bec="0" bev="0" fileid="2" />
                <SequencePoint vc="5" uspid="56" ordinal="0" offset="297" sl="56" sc="9" el="56" ec="9" bec="0" bev="0" fileid="2" />
                <SequencePoint vc="0" uspid="57" ordinal="0" offset="315" sl="57" sc="9" el="57" ec="9" bec="0" bev="0" fileid="2" />
                <SequencePoint vc="0" uspid="58" ordinal="0" offset="316" sl="58" sc="13" el="58" ec="13" bec="0" bev="0" fileid="2" />
                <SequencePoint vc="0" uspid="59" ordinal="0" offset="327" sl="59" sc="9" el="59" ec="9" bec="0" bev="0" fileid="2" />
                <SequencePoint vc="5" uspid="60" ordinal="0" offset="328" sl="60" sc="5" el="60" ec="5" bec="0" bev="0" fileid="2" />
              </SequencePoints>
              <BranchPoints />
            </Method>
            <Method visited="true" cyclomaticComplexity="0" nPathComplexity="0" sequenceCoverage="100.0" branchCoverage="0" crapScore="0" isConstructor="false" isStatic="false" isGetter="false" isSetter="false">
              <Summary numSequencePoints="26" visitedSequencePoints="26" numBranchPoints="0" visitedBranchPoints="0" sequenceCoverage="100.0" branchCoverage="0" maxCyclomaticComplexity="0" minCyclomaticComplexity="0" maxCrapScore="0" minCrapScore="0" visitedClasses="0" numClasses="0" visitedMethods="1" numMethods="1" />
              <MetadataToken>100663302</MetadataToken>
              <Name>System.Void CameraController::Update()</Name>
              <FileRef uid="2" />
              <SequencePoints>
                <SequencePoint vc="6994" uspid="61" ordinal="0" offset="0" sl="66" sc="5" el="66" ec="5" bec="0" bev="0" fileid="2" />
                <SequencePoint vc="6994" uspid="62" ordinal="0" offset="1" sl="67" sc="9" el="67" ec="9" bec="0" bev="0" fileid="2" />
                <SequencePoint vc="6994" uspid="63" ordinal="0" offset="23" sl="68" sc="9" el="68" ec="9" bec="0" bev="0" fileid="2" />
                <SequencePoint vc="6994" uspid="64" ordinal="0" offset="45" sl="70" sc="9" el="70" ec="9" bec="0" bev="0" fileid="2" />
                <SequencePoint vc="1655" uspid="65" ordinal="0" offset="66" sl="71" sc="9" el="71" ec="9" bec="0" bev="0" fileid="2" />
                <SequencePoint vc="1655" uspid="66" ordinal="0" offset="67" sl="72" sc="13" el="72" ec="13" bec="0" bev="0" fileid="2" />
                <SequencePoint vc="1655" uspid="67" ordinal="0" offset="79" sl="73" sc="9" el="73" ec="9" bec="0" bev="0" fileid="2" />
                <SequencePoint vc="5339" uspid="68" ordinal="0" offset="82" sl="74" sc="14" el="74" ec="14" bec="0" bev="0" fileid="2" />
                <SequencePoint vc="2522" uspid="69" ordinal="0" offset="105" sl="75" sc="9" el="75" ec="9" bec="0" bev="0" fileid="2" />
                <SequencePoint vc="2522" uspid="70" ordinal="0" offset="106" sl="76" sc="13" el="76" ec="13" bec="0" bev="0" fileid="2" />
                <SequencePoint vc="2522" uspid="71" ordinal="0" offset="118" sl="77" sc="9" el="77" ec="9" bec="0" bev="0" fileid="2" />
                <SequencePoint vc="6994" uspid="72" ordinal="0" offset="119" sl="78" sc="9" el="78" ec="9" bec="0" bev="0" fileid="2" />
                <SequencePoint vc="92" uspid="73" ordinal="0" offset="142" sl="79" sc="9" el="79" ec="9" bec="0" bev="0" fileid="2" />
                <SequencePoint vc="92" uspid="74" ordinal="0" offset="143" sl="80" sc="13" el="80" ec="13" bec="0" bev="0" fileid="2" />
                <SequencePoint vc="92" uspid="75" ordinal="0" offset="155" sl="81" sc="9" el="81" ec="9" bec="0" bev="0" fileid="2" />
                <SequencePoint vc="6902" uspid="76" ordinal="0" offset="158" sl="82" sc="14" el="82" ec="14" bec="0" bev="0" fileid="2" />
                <SequencePoint vc="1510" uspid="77" ordinal="0" offset="181" sl="83" sc="9" el="83" ec="9" bec="0" bev="0" fileid="2" />
                <SequencePoint vc="1510" uspid="78" ordinal="0" offset="182" sl="84" sc="13" el="84" ec="13" bec="0" bev="0" fileid="2" />
                <SequencePoint vc="1510" uspid="79" ordinal="0" offset="194" sl="85" sc="9" el="85" ec="9" bec="0" bev="0" fileid="2" />
                <SequencePoint vc="6994" uspid="80" ordinal="0" offset="195" sl="87" sc="9" el="87" ec="9" bec="0" bev="0" fileid="2" />
                <SequencePoint vc="6994" uspid="81" ordinal="0" offset="230" sl="88" sc="9" el="88" ec="9" bec="0" bev="0" fileid="2" />
                <SequencePoint vc="6994" uspid="82" ordinal="0" offset="265" sl="89" sc="9" el="89" ec="9" bec="0" bev="0" fileid="2" />
                <SequencePoint vc="6994" uspid="83" ordinal="0" offset="341" sl="90" sc="9" el="90" ec="9" bec="0" bev="0" fileid="2" />
                <SequencePoint vc="6994" uspid="84" ordinal="0" offset="354" sl="91" sc="9" el="91" ec="9" bec="0" bev="0" fileid="2" />
                <SequencePoint vc="6994" uspid="85" ordinal="0" offset="432" sl="92" sc="9" el="92" ec="9" bec="0" bev="0" fileid="2" />
                <SequencePoint vc="6994" uspid="86" ordinal="0" offset="445" sl="94" sc="5" el="94" ec="5" bec="0" bev="0" fileid="2" />
              </SequencePoints>
              <BranchPoints />
            </Method>
          </Methods>
        </Class>
        <Class>
          <Summary numSequencePoints="11" visitedSequencePoints="11" numBranchPoints="0" visitedBranchPoints="0" sequenceCoverage="100.0" branchCoverage="0.0" maxCyclomaticComplexity="0" minCyclomaticComplexity="0" maxCrapScore="0" minCrapScore="0" visitedClasses="1" numClasses="1" visitedMethods="1" numMethods="1" />
          <FullName>CellPathway</FullName>
          <Methods>
            <Method visited="true" cyclomaticComplexity="0" nPathComplexity="0" sequenceCoverage="100.0" branchCoverage="0" crapScore="0" isConstructor="false" isStatic="false" isGetter="false" isSetter="false">
              <Summary numSequencePoints="11" visitedSequencePoints="11" numBranchPoints="0" visitedBranchPoints="0" sequenceCoverage="100.0" branchCoverage="0" maxCyclomaticComplexity="0" minCyclomaticComplexity="0" maxCrapScore="0" minCrapScore="0" visitedClasses="0" numClasses="0" visitedMethods="1" numMethods="1" />
              <MetadataToken>100663304</MetadataToken>
              <Name>System.Void CellPathway::OnTriggerEnter2D(UnityEngine.Collider2D)</Name>
              <FileRef uid="3" />
              <SequencePoints>
                <SequencePoint vc="12" uspid="87" ordinal="0" offset="0" sl="13" sc="5" el="13" ec="5" bec="0" bev="0" fileid="3" />
                <SequencePoint vc="12" uspid="88" ordinal="0" offset="1" sl="14" sc="9" el="14" ec="9" bec="0" bev="0" fileid="3" />
                <SequencePoint vc="4" uspid="89" ordinal="0" offset="21" sl="15" sc="9" el="15" ec="9" bec="0" bev="0" fileid="3" />
                <SequencePoint vc="4" uspid="90" ordinal="0" offset="22" sl="16" sc="13" el="16" ec="13" bec="0" bev="0" fileid="3" />
                <SequencePoint vc="4" uspid="91" ordinal="0" offset="38" sl="17" sc="13" el="17" ec="13" bec="0" bev="0" fileid="3" />
                <SequencePoint vc="4" uspid="92" ordinal="0" offset="52" sl="18" sc="13" el="18" ec="13" bec="0" bev="0" fileid="3" />
                <SequencePoint vc="4" uspid="93" ordinal="0" offset="53" sl="19" sc="17" el="19" ec="17" bec="0" bev="0" fileid="3" />
                <SequencePoint vc="4" uspid="94" ordinal="0" offset="77" sl="21" sc="17" el="21" ec="17" bec="0" bev="0" fileid="3" />
                <SequencePoint vc="4" uspid="95" ordinal="0" offset="89" sl="22" sc="13" el="22" ec="13" bec="0" bev="0" fileid="3" />
                <SequencePoint vc="4" uspid="96" ordinal="0" offset="90" sl="23" sc="9" el="23" ec="9" bec="0" bev="0" fileid="3" />
                <SequencePoint vc="12" uspid="97" ordinal="0" offset="91" sl="25" sc="5" el="25" ec="5" bec="0" bev="0" fileid="3" />
              </SequencePoints>
              <BranchPoints />
            </Method>
          </Methods>
        </Class>
        <Class>
          <Summary numSequencePoints="39" visitedSequencePoints="36" numBranchPoints="0" visitedBranchPoints="0" sequenceCoverage="92.31" branchCoverage="0.0" maxCyclomaticComplexity="0" minCyclomaticComplexity="0" maxCrapScore="0" minCrapScore="0" visitedClasses="1" numClasses="1" visitedMethods="3" numMethods="3" />
          <FullName>HealthManager</FullName>
          <Methods>
            <Method visited="true" cyclomaticComplexity="0" nPathComplexity="0" sequenceCoverage="100.0" branchCoverage="0" crapScore="0" isConstructor="false" isStatic="false" isGetter="false" isSetter="false">
              <Summary numSequencePoints="6" visitedSequencePoints="6" numBranchPoints="0" visitedBranchPoints="0" sequenceCoverage="100.0" branchCoverage="0" maxCyclomaticComplexity="0" minCyclomaticComplexity="0" maxCrapScore="0" minCrapScore="0" visitedClasses="0" numClasses="0" visitedMethods="1" numMethods="1" />
              <MetadataToken>100663306</MetadataToken>
              <Name>System.Void HealthManager::Start()</Name>
              <FileRef uid="4" />
              <SequencePoints>
                <SequencePoint vc="6" uspid="98" ordinal="0" offset="0" sl="15" sc="5" el="15" ec="5" bec="0" bev="0" fileid="4" />
                <SequencePoint vc="6" uspid="99" ordinal="0" offset="1" sl="16" sc="9" el="16" ec="9" bec="0" bev="0" fileid="4" />
                <SequencePoint vc="6" uspid="100" ordinal="0" offset="13" sl="17" sc="9" el="17" ec="9" bec="0" bev="0" fileid="4" />
                <SequencePoint vc="6" uspid="101" ordinal="0" offset="25" sl="18" sc="9" el="18" ec="9" bec="0" bev="0" fileid="4" />
                <SequencePoint vc="6" uspid="102" ordinal="0" offset="32" sl="19" sc="9" el="19" ec="9" bec="0" bev="0" fileid="4" />
                <SequencePoint vc="6" uspid="103" ordinal="0" offset="39" sl="20" sc="5" el="20" ec="5" bec="0" bev="0" fileid="4" />
              </SequencePoints>
              <BranchPoints />
            </Method>
            <Method visited="true" cyclomaticComplexity="0" nPathComplexity="0" sequenceCoverage="100.0" branchCoverage="0" crapScore="0" isConstructor="false" isStatic="false" isGetter="false" isSetter="false">
              <Summary numSequencePoints="14" visitedSequencePoints="14" numBranchPoints="0" visitedBranchPoints="0" sequenceCoverage="100.0" branchCoverage="0" maxCyclomaticComplexity="0" minCyclomaticComplexity="0" maxCrapScore="0" minCrapScore="0" visitedClasses="0" numClasses="0" visitedMethods="1" numMethods="1" />
              <MetadataToken>100663307</MetadataToken>
              <Name>System.Void HealthManager::Update()</Name>
              <FileRef uid="4" />
              <SequencePoints>
                <SequencePoint vc="11545" uspid="104" ordinal="0" offset="0" sl="24" sc="5" el="24" ec="5" bec="0" bev="0" fileid="4" />
                <SequencePoint vc="11545" uspid="105" ordinal="0" offset="1" sl="25" sc="9" el="25" ec="9" bec="0" bev="0" fileid="4" />
                <SequencePoint vc="4539" uspid="106" ordinal="0" offset="14" sl="26" sc="9" el="26" ec="9" bec="0" bev="0" fileid="4" />
                <SequencePoint vc="4539" uspid="107" ordinal="0" offset="15" sl="27" sc="13" el="27" ec="13" bec="0" bev="0" fileid="4" />
                <SequencePoint vc="4539" uspid="108" ordinal="0" offset="29" sl="28" sc="9" el="28" ec="9" bec="0" bev="0" fileid="4" />
                <SequencePoint vc="11545" uspid="109" ordinal="0" offset="30" sl="29" sc="9" el="29" ec="9" bec="0" bev="0" fileid="4" />
                <SequencePoint vc="25" uspid="110" ordinal="0" offset="43" sl="30" sc="9" el="30" ec="9" bec="0" bev="0" fileid="4" />
                <SequencePoint vc="25" uspid="111" ordinal="0" offset="44" sl="31" sc="13" el="31" ec="13" bec="0" bev="0" fileid="4" />
                <SequencePoint vc="25" uspid="112" ordinal="0" offset="58" sl="32" sc="13" el="32" ec="13" bec="0" bev="0" fileid="4" />
                <SequencePoint vc="1" uspid="113" ordinal="0" offset="71" sl="33" sc="13" el="33" ec="13" bec="0" bev="0" fileid="4" />
                <SequencePoint vc="1" uspid="114" ordinal="0" offset="72" sl="34" sc="17" el="34" ec="17" bec="0" bev="0" fileid="4" />
                <SequencePoint vc="1" uspid="115" ordinal="0" offset="85" sl="35" sc="13" el="35" ec="13" bec="0" bev="0" fileid="4" />
                <SequencePoint vc="25" uspid="116" ordinal="0" offset="86" sl="36" sc="9" el="36" ec="9" bec="0" bev="0" fileid="4" />
                <SequencePoint vc="11545" uspid="117" ordinal="0" offset="87" sl="37" sc="5" el="37" ec="5" bec="0" bev="0" fileid="4" />
              </SequencePoints>
              <BranchPoints />
            </Method>
            <Method visited="true" cyclomaticComplexity="0" nPathComplexity="0" sequenceCoverage="84.21" branchCoverage="0" crapScore="0" isConstructor="false" isStatic="false" isGetter="false" isSetter="false">
              <Summary numSequencePoints="19" visitedSequencePoints="16" numBranchPoints="0" visitedBranchPoints="0" sequenceCoverage="84.21" branchCoverage="0" maxCyclomaticComplexity="0" minCyclomaticComplexity="0" maxCrapScore="0" minCrapScore="0" visitedClasses="0" numClasses="0" visitedMethods="1" numMethods="1" />
              <MetadataToken>100663308</MetadataToken>
              <Name>System.Void HealthManager::TakeDamage(System.Int32)</Name>
              <FileRef uid="4" />
              <SequencePoints>
                <SequencePoint vc="9" uspid="118" ordinal="0" offset="0" sl="40" sc="5" el="40" ec="5" bec="0" bev="0" fileid="4" />
                <SequencePoint vc="9" uspid="119" ordinal="0" offset="1" sl="41" sc="9" el="41" ec="9" bec="0" bev="0" fileid="4" />
                <SequencePoint vc="2" uspid="120" ordinal="0" offset="17" sl="42" sc="9" el="42" ec="9" bec="0" bev="0" fileid="4" />
                <SequencePoint vc="2" uspid="121" ordinal="0" offset="18" sl="43" sc="13" el="43" ec="13" bec="0" bev="0" fileid="4" />
                <SequencePoint vc="2" uspid="122" ordinal="0" offset="32" sl="44" sc="13" el="44" ec="13" bec="0" bev="0" fileid="4" />
                <SequencePoint vc="2" uspid="123" ordinal="0" offset="42" sl="46" sc="13" el="46" ec="13" bec="0" bev="0" fileid="4" />
                <SequencePoint vc="1" uspid="124" ordinal="0" offset="58" sl="47" sc="13" el="47" ec="13" bec="0" bev="0" fileid="4" />
                <SequencePoint vc="1" uspid="125" ordinal="0" offset="59" sl="48" sc="17" el="48" ec="17" bec="0" bev="0" fileid="4" />
                <SequencePoint vc="0" uspid="126" ordinal="0" offset="79" sl="49" sc="17" el="49" ec="17" bec="0" bev="0" fileid="4" />
                <SequencePoint vc="0" uspid="127" ordinal="0" offset="80" sl="50" sc="21" el="50" ec="21" bec="0" bev="0" fileid="4" />
                <SequencePoint vc="0" uspid="128" ordinal="0" offset="93" sl="51" sc="17" el="51" ec="17" bec="0" bev="0" fileid="4" />
                <SequencePoint vc="1" uspid="129" ordinal="0" offset="96" sl="52" sc="22" el="52" ec="22" bec="0" bev="0" fileid="4" />
                <SequencePoint vc="1" uspid="130" ordinal="0" offset="116" sl="53" sc="17" el="53" ec="17" bec="0" bev="0" fileid="4" />
                <SequencePoint vc="1" uspid="131" ordinal="0" offset="117" sl="54" sc="21" el="54" ec="21" bec="0" bev="0" fileid="4" />
                <SequencePoint vc="1" uspid="132" ordinal="0" offset="129" sl="55" sc="21" el="55" ec="21" bec="0" bev="0" fileid="4" />
                <SequencePoint vc="1" uspid="133" ordinal="0" offset="147" sl="56" sc="17" el="56" ec="17" bec="0" bev="0" fileid="4" />
                <SequencePoint vc="1" uspid="134" ordinal="0" offset="148" sl="57" sc="13" el="57" ec="13" bec="0" bev="0" fileid="4" />
                <SequencePoint vc="2" uspid="135" ordinal="0" offset="149" sl="58" sc="9" el="58" ec="9" bec="0" bev="0" fileid="4" />
                <SequencePoint vc="9" uspid="136" ordinal="0" offset="150" sl="60" sc="5" el="60" ec="5" bec="0" bev="0" fileid="4" />
              </SequencePoints>
              <BranchPoints />
            </Method>
          </Methods>
        </Class>
        <Class>
          <Summary numSequencePoints="55" visitedSequencePoints="38" numBranchPoints="0" visitedBranchPoints="0" sequenceCoverage="69.09" branchCoverage="0.0" maxCyclomaticComplexity="0" minCyclomaticComplexity="0" maxCrapScore="0" minCrapScore="0" visitedClasses="1" numClasses="1" visitedMethods="4" numMethods="4" />
          <FullName>LoadManager</FullName>
          <Methods>
            <Method visited="true" cyclomaticComplexity="0" nPathComplexity="0" sequenceCoverage="100.0" branchCoverage="0" crapScore="0" isConstructor="false" isStatic="false" isGetter="false" isSetter="false">
              <Summary numSequencePoints="3" visitedSequencePoints="3" numBranchPoints="0" visitedBranchPoints="0" sequenceCoverage="100.0" branchCoverage="0" maxCyclomaticComplexity="0" minCyclomaticComplexity="0" maxCrapScore="0" minCrapScore="0" visitedClasses="0" numClasses="0" visitedMethods="1" numMethods="1" />
              <MetadataToken>100663310</MetadataToken>
              <Name>System.Void LoadManager::Start()</Name>
              <FileRef uid="5" />
              <SequencePoints>
                <SequencePoint vc="1" uspid="137" ordinal="0" offset="0" sl="19" sc="5" el="19" ec="5" bec="0" bev="0" fileid="5" />
                <SequencePoint vc="1" uspid="138" ordinal="0" offset="1" sl="20" sc="9" el="20" ec="9" bec="0" bev="0" fileid="5" />
                <SequencePoint vc="1" uspid="139" ordinal="0" offset="8" sl="21" sc="5" el="21" ec="5" bec="0" bev="0" fileid="5" />
              </SequencePoints>
              <BranchPoints />
            </Method>
            <Method visited="true" cyclomaticComplexity="0" nPathComplexity="0" sequenceCoverage="65.12" branchCoverage="0" crapScore="0" isConstructor="false" isStatic="false" isGetter="false" isSetter="false">
              <Summary numSequencePoints="43" visitedSequencePoints="28" numBranchPoints="0" visitedBranchPoints="0" sequenceCoverage="65.12" branchCoverage="0" maxCyclomaticComplexity="0" minCyclomaticComplexity="0" maxCrapScore="0" minCrapScore="0" visitedClasses="0" numClasses="0" visitedMethods="1" numMethods="1" />
              <MetadataToken>100663311</MetadataToken>
              <Name>System.Void LoadManager::LoadGame()</Name>
              <FileRef uid="5" />
              <SequencePoints>
                <SequencePoint vc="1" uspid="140" ordinal="0" offset="0" sl="25" sc="5" el="25" ec="5" bec="0" bev="0" fileid="5" />
                <SequencePoint vc="1" uspid="141" ordinal="0" offset="1" sl="26" sc="9" el="26" ec="9" bec="0" bev="0" fileid="5" />
                <SequencePoint vc="1" uspid="142" ordinal="0" offset="8" sl="27" sc="9" el="27" ec="9" bec="0" bev="0" fileid="5" />
                <SequencePoint vc="0" uspid="143" ordinal="0" offset="24" sl="28" sc="9" el="28" ec="9" bec="0" bev="0" fileid="5" />
                <SequencePoint vc="0" uspid="144" ordinal="0" offset="25" sl="29" sc="13" el="29" ec="13" bec="0" bev="0" fileid="5" />
                <SequencePoint vc="1" uspid="145" ordinal="0" offset="30" sl="31" sc="9" el="31" ec="9" bec="0" bev="0" fileid="5" />
                <SequencePoint vc="1" uspid="146" ordinal="0" offset="47" sl="32" sc="9" el="32" ec="9" bec="0" bev="0" fileid="5" />
                <SequencePoint vc="1" uspid="147" ordinal="0" offset="64" sl="33" sc="9" el="33" ec="9" bec="0" bev="0" fileid="5" />
                <SequencePoint vc="1" uspid="148" ordinal="0" offset="80" sl="34" sc="9" el="34" ec="9" bec="0" bev="0" fileid="5" />
                <SequencePoint vc="1" uspid="149" ordinal="0" offset="94" sl="35" sc="9" el="35" ec="9" bec="0" bev="0" fileid="5" />
                <SequencePoint vc="1" uspid="150" ordinal="0" offset="95" sl="36" sc="13" el="36" ec="13" bec="0" bev="0" fileid="5" />
                <SequencePoint vc="1" uspid="151" ordinal="0" offset="111" sl="38" sc="9" el="38" ec="9" bec="0" bev="0" fileid="5" />
                <SequencePoint vc="0" uspid="152" ordinal="0" offset="114" sl="39" sc="14" el="39" ec="14" bec="0" bev="0" fileid="5" />
                <SequencePoint vc="1" uspid="153" ordinal="0" offset="121" sl="40" sc="9" el="40" ec="9" bec="0" bev="0" fileid="5" />
                <SequencePoint vc="1" uspid="154" ordinal="0" offset="135" sl="41" sc="9" el="41" ec="9" bec="0" bev="0" fileid="5" />
                <SequencePoint vc="1" uspid="155" ordinal="0" offset="136" sl="42" sc="13" el="42" ec="13" bec="0" bev="0" fileid="5" />
                <SequencePoint vc="1" uspid="156" ordinal="0" offset="158" sl="43" sc="9" el="43" ec="9" bec="0" bev="0" fileid="5" />
                <SequencePoint vc="0" uspid="157" ordinal="0" offset="161" sl="45" sc="9" el="45" ec="9" bec="0" bev="0" fileid="5" />
                <SequencePoint vc="0" uspid="158" ordinal="0" offset="162" sl="46" sc="13" el="46" ec="13" bec="0" bev="0" fileid="5" />
                <SequencePoint vc="0" uspid="159" ordinal="0" offset="169" sl="47" sc="9" el="47" ec="9" bec="0" bev="0" fileid="5" />
                <SequencePoint vc="1" uspid="160" ordinal="0" offset="170" sl="48" sc="9" el="48" ec="9" bec="0" bev="0" fileid="5" />
                <SequencePoint vc="1" uspid="161" ordinal="0" offset="184" sl="49" sc="9" el="49" ec="9" bec="0" bev="0" fileid="5" />
                <SequencePoint vc="1" uspid="162" ordinal="0" offset="185" sl="50" sc="13" el="50" ec="13" bec="0" bev="0" fileid="5" />
                <SequencePoint vc="1" uspid="163" ordinal="0" offset="207" sl="51" sc="9" el="51" ec="9" bec="0" bev="0" fileid="5" />
                <SequencePoint vc="0" uspid="164" ordinal="0" offset="210" sl="53" sc="9" el="53" ec="9" bec="0" bev="0" fileid="5" />
                <SequencePoint vc="0" uspid="165" ordinal="0" offset="211" sl="54" sc="13" el="54" ec="13" bec="0" bev="0" fileid="5" />
                <SequencePoint vc="0" uspid="166" ordinal="0" offset="218" sl="55" sc="9" el="55" ec="9" bec="0" bev="0" fileid="5" />
                <SequencePoint vc="1" uspid="167" ordinal="0" offset="219" sl="56" sc="9" el="56" ec="9" bec="0" bev="0" fileid="5" />
                <SequencePoint vc="1" uspid="168" ordinal="0" offset="235" sl="57" sc="9" el="57" ec="9" bec="0" bev="0" fileid="5" />
                <SequencePoint vc="1" uspid="169" ordinal="0" offset="236" sl="58" sc="13" el="58" ec="13" bec="0" bev="0" fileid="5" />
                <SequencePoint vc="1" uspid="170" ordinal="0" offset="258" sl="59" sc="9" el="59" ec="9" bec="0" bev="0" fileid="5" />
                <SequencePoint vc="0" uspid="171" ordinal="0" offset="261" sl="61" sc="9" el="61" ec="9" bec="0" bev="0" fileid="5" />
                <SequencePoint vc="0" uspid="172" ordinal="0" offset="262" sl="62" sc="13" el="62" ec="13" bec="0" bev="0" fileid="5" />
                <SequencePoint vc="0" uspid="173" ordinal="0" offset="269" sl="63" sc="9" el="63" ec="9" bec="0" bev="0" fileid="5" />
                <SequencePoint vc="1" uspid="174" ordinal="0" offset="270" sl="64" sc="9" el="64" ec="9" bec="0" bev="0" fileid="5" />
                <SequencePoint vc="1" uspid="175" ordinal="0" offset="306" sl="65" sc="9" el="65" ec="9" bec="0" bev="0" fileid="5" />
                <SequencePoint vc="1" uspid="176" ordinal="0" offset="322" sl="66" sc="9" el="66" ec="9" bec="0" bev="0" fileid="5" />
                <SequencePoint vc="1" uspid="177" ordinal="0" offset="323" sl="67" sc="13" el="67" ec="13" bec="0" bev="0" fileid="5" />
                <SequencePoint vc="1" uspid="178" ordinal="0" offset="339" sl="68" sc="9" el="68" ec="9" bec="0" bev="0" fileid="5" />
                <SequencePoint vc="0" uspid="179" ordinal="0" offset="342" sl="70" sc="9" el="70" ec="9" bec="0" bev="0" fileid="5" />
                <SequencePoint vc="0" uspid="180" ordinal="0" offset="343" sl="71" sc="13" el="71" ec="13" bec="0" bev="0" fileid="5" />
                <SequencePoint vc="0" uspid="181" ordinal="0" offset="354" sl="72" sc="9" el="72" ec="9" bec="0" bev="0" fileid="5" />
                <SequencePoint vc="1" uspid="182" ordinal="0" offset="355" sl="73" sc="5" el="73" ec="5" bec="0" bev="0" fileid="5" />
              </SequencePoints>
              <BranchPoints />
            </Method>
            <Method visited="true" cyclomaticComplexity="0" nPathComplexity="0" sequenceCoverage="66.67" branchCoverage="0" crapScore="0" isConstructor="false" isStatic="false" isGetter="false" isSetter="false">
              <Summary numSequencePoints="6" visitedSequencePoints="4" numBranchPoints="0" visitedBranchPoints="0" sequenceCoverage="66.67" branchCoverage="0" maxCyclomaticComplexity="0" minCyclomaticComplexity="0" maxCrapScore="0" minCrapScore="0" visitedClasses="0" numClasses="0" visitedMethods="1" numMethods="1" />
              <MetadataToken>100663312</MetadataToken>
              <Name>System.Boolean LoadManager::TranslateBool(System.Int32)</Name>
              <FileRef uid="5" />
              <SequencePoints>
                <SequencePoint vc="3" uspid="183" ordinal="0" offset="0" sl="76" sc="5" el="76" ec="5" bec="0" bev="0" fileid="5" />
                <SequencePoint vc="3" uspid="184" ordinal="0" offset="1" sl="77" sc="9" el="77" ec="9" bec="0" bev="0" fileid="5" />
                <SequencePoint vc="0" uspid="185" ordinal="0" offset="16" sl="80" sc="17" el="80" ec="17" bec="0" bev="0" fileid="5" />
                <SequencePoint vc="3" uspid="186" ordinal="0" offset="20" sl="82" sc="17" el="82" ec="17" bec="0" bev="0" fileid="5" />
                <SequencePoint vc="0" uspid="187" ordinal="0" offset="24" sl="84" sc="17" el="84" ec="17" bec="0" bev="0" fileid="5" />
                <SequencePoint vc="3" uspid="188" ordinal="0" offset="28" sl="86" sc="5" el="86" ec="5" bec="0" bev="0" fileid="5" />
              </SequencePoints>
              <BranchPoints />
            </Method>
            <Method visited="true" cyclomaticComplexity="0" nPathComplexity="0" sequenceCoverage="100.0" branchCoverage="0" crapScore="0" isConstructor="false" isStatic="false" isGetter="false" isSetter="false">
              <Summary numSequencePoints="3" visitedSequencePoints="3" numBranchPoints="0" visitedBranchPoints="0" sequenceCoverage="100.0" branchCoverage="0" maxCyclomaticComplexity="0" minCyclomaticComplexity="0" maxCrapScore="0" minCrapScore="0" visitedClasses="0" numClasses="0" visitedMethods="1" numMethods="1" />
              <MetadataToken>100663313</MetadataToken>
              <Name>System.Void LoadManager::SpawnPlayer()</Name>
              <FileRef uid="5" />
              <SequencePoints>
                <SequencePoint vc="1" uspid="189" ordinal="0" offset="0" sl="89" sc="5" el="89" ec="5" bec="0" bev="0" fileid="5" />
                <SequencePoint vc="1" uspid="190" ordinal="0" offset="1" sl="90" sc="9" el="90" ec="9" bec="0" bev="0" fileid="5" />
                <SequencePoint vc="1" uspid="191" ordinal="0" offset="47" sl="91" sc="5" el="91" ec="5" bec="0" bev="0" fileid="5" />
              </SequencePoints>
              <BranchPoints />
            </Method>
          </Methods>
        </Class>
        <Class>
          <Summary numSequencePoints="21" visitedSequencePoints="17" numBranchPoints="0" visitedBranchPoints="0" sequenceCoverage="80.95" branchCoverage="0.0" maxCyclomaticComplexity="0" minCyclomaticComplexity="0" maxCrapScore="0" minCrapScore="0" visitedClasses="1" numClasses="1" visitedMethods="3" numMethods="3" />
          <FullName>MetadataRecord</FullName>
          <Methods>
            <Method visited="true" cyclomaticComplexity="0" nPathComplexity="0" sequenceCoverage="100.0" branchCoverage="0" crapScore="0" isConstructor="false" isStatic="false" isGetter="false" isSetter="false">
              <Summary numSequencePoints="3" visitedSequencePoints="3" numBranchPoints="0" visitedBranchPoints="0" sequenceCoverage="100.0" branchCoverage="0" maxCyclomaticComplexity="0" minCyclomaticComplexity="0" maxCrapScore="0" minCrapScore="0" visitedClasses="0" numClasses="0" visitedMethods="1" numMethods="1" />
              <MetadataToken>100663315</MetadataToken>
              <Name>System.Void MetadataRecord::Start()</Name>
              <FileRef uid="6" />
              <SequencePoints>
                <SequencePoint vc="5" uspid="192" ordinal="0" offset="0" sl="20" sc="5" el="20" ec="5" bec="0" bev="0" fileid="6" />
                <SequencePoint vc="5" uspid="193" ordinal="0" offset="1" sl="21" sc="9" el="21" ec="9" bec="0" bev="0" fileid="6" />
                <SequencePoint vc="5" uspid="194" ordinal="0" offset="28" sl="22" sc="5" el="22" ec="5" bec="0" bev="0" fileid="6" />
              </SequencePoints>
              <BranchPoints />
            </Method>
            <Method visited="true" cyclomaticComplexity="0" nPathComplexity="0" sequenceCoverage="80.00" branchCoverage="0" crapScore="0" isConstructor="false" isStatic="false" isGetter="false" isSetter="false">
              <Summary numSequencePoints="10" visitedSequencePoints="8" numBranchPoints="0" visitedBranchPoints="0" sequenceCoverage="80.00" branchCoverage="0" maxCyclomaticComplexity="0" minCyclomaticComplexity="0" maxCrapScore="0" minCrapScore="0" visitedClasses="0" numClasses="0" visitedMethods="1" numMethods="1" />
              <MetadataToken>100663316</MetadataToken>
              <Name>UnityEngine.Vector3 MetadataRecord::GetSpawn(System.String)</Name>
              <FileRef uid="6" />
              <SequencePoints>
                <SequencePoint vc="5" uspid="195" ordinal="0" offset="0" sl="24" sc="5" el="24" ec="5" bec="0" bev="0" fileid="6" />
                <SequencePoint vc="5" uspid="196" ordinal="0" offset="1" sl="25" sc="9" el="25" ec="9" bec="0" bev="0" fileid="6" />
                <SequencePoint vc="1" uspid="197" ordinal="0" offset="77" sl="28" sc="17" el="28" ec="17" bec="0" bev="0" fileid="6" />
                <SequencePoint vc="1" uspid="198" ordinal="0" offset="95" sl="30" sc="17" el="30" ec="17" bec="0" bev="0" fileid="6" />
                <SequencePoint vc="1" uspid="199" ordinal="0" offset="113" sl="32" sc="17" el="32" ec="17" bec="0" bev="0" fileid="6" />
                <SequencePoint vc="1" uspid="200" ordinal="0" offset="131" sl="34" sc="17" el="34" ec="17" bec="0" bev="0" fileid="6" />
                <SequencePoint vc="1" uspid="201" ordinal="0" offset="149" sl="36" sc="17" el="36" ec="17" bec="0" bev="0" fileid="6" />
                <SequencePoint vc="0" uspid="202" ordinal="0" offset="158" sl="38" sc="17" el="38" ec="17" bec="0" bev="0" fileid="6" />
                <SequencePoint vc="0" uspid="203" ordinal="0" offset="167" sl="40" sc="17" el="40" ec="17" bec="0" bev="0" fileid="6" />
                <SequencePoint vc="5" uspid="204" ordinal="0" offset="176" sl="42" sc="5" el="42" ec="5" bec="0" bev="0" fileid="6" />
              </SequencePoints>
              <BranchPoints />
            </Method>
            <Method visited="true" cyclomaticComplexity="0" nPathComplexity="0" sequenceCoverage="75.00" branchCoverage="0" crapScore="0" isConstructor="false" isStatic="false" isGetter="false" isSetter="false">
              <Summary numSequencePoints="8" visitedSequencePoints="6" numBranchPoints="0" visitedBranchPoints="0" sequenceCoverage="75.00" branchCoverage="0" maxCyclomaticComplexity="0" minCyclomaticComplexity="0" maxCrapScore="0" minCrapScore="0" visitedClasses="0" numClasses="0" visitedMethods="1" numMethods="1" />
              <MetadataToken>100663317</MetadataToken>
              <Name>UnityEngine.Vector3 MetadataRecord::LoadSavePointTF()</Name>
              <FileRef uid="6" />
              <SequencePoints>
                <SequencePoint vc="1" uspid="205" ordinal="0" offset="0" sl="45" sc="5" el="45" ec="5" bec="0" bev="0" fileid="6" />
                <SequencePoint vc="1" uspid="206" ordinal="0" offset="1" sl="46" sc="9" el="46" ec="9" bec="0" bev="0" fileid="6" />
                <SequencePoint vc="1" uspid="207" ordinal="0" offset="12" sl="47" sc="9" el="47" ec="9" bec="0" bev="0" fileid="6" />
                <SequencePoint vc="1" uspid="208" ordinal="0" offset="21" sl="48" sc="9" el="48" ec="9" bec="0" bev="0" fileid="6" />
                <SequencePoint vc="1" uspid="209" ordinal="0" offset="22" sl="49" sc="13" el="49" ec="13" bec="0" bev="0" fileid="6" />
                <SequencePoint vc="0" uspid="210" ordinal="0" offset="38" sl="52" sc="9" el="52" ec="9" bec="0" bev="0" fileid="6" />
                <SequencePoint vc="0" uspid="211" ordinal="0" offset="39" sl="53" sc="13" el="53" ec="13" bec="0" bev="0" fileid="6" />
                <SequencePoint vc="1" uspid="212" ordinal="0" offset="48" sl="55" sc="5" el="55" ec="5" bec="0" bev="0" fileid="6" />
              </SequencePoints>
              <BranchPoints />
            </Method>
          </Methods>
        </Class>
        <Class>
          <Summary numSequencePoints="18" visitedSequencePoints="18" numBranchPoints="0" visitedBranchPoints="0" sequenceCoverage="100.0" branchCoverage="0.0" maxCyclomaticComplexity="0" minCyclomaticComplexity="0" maxCrapScore="0" minCrapScore="0" visitedClasses="1" numClasses="1" visitedMethods="2" numMethods="2" />
          <FullName>PlatformEffector</FullName>
          <Methods>
            <Method visited="true" cyclomaticComplexity="0" nPathComplexity="0" sequenceCoverage="100.0" branchCoverage="0" crapScore="0" isConstructor="false" isStatic="false" isGetter="false" isSetter="false">
              <Summary numSequencePoints="9" visitedSequencePoints="9" numBranchPoints="0" visitedBranchPoints="0" sequenceCoverage="100.0" branchCoverage="0" maxCyclomaticComplexity="0" minCyclomaticComplexity="0" maxCrapScore="0" minCrapScore="0" visitedClasses="0" numClasses="0" visitedMethods="1" numMethods="1" />
              <MetadataToken>100663319</MetadataToken>
              <Name>System.Void PlatformEffector::Start()</Name>
              <FileRef uid="7" />
              <SequencePoints>
                <SequencePoint vc="9" uspid="213" ordinal="0" offset="0" sl="15" sc="5" el="15" ec="5" bec="0" bev="0" fileid="7" />
                <SequencePoint vc="9" uspid="214" ordinal="0" offset="1" sl="16" sc="9" el="16" ec="9" bec="0" bev="0" fileid="7" />
                <SequencePoint vc="9" uspid="215" ordinal="0" offset="13" sl="18" sc="9" el="18" ec="9" bec="0" bev="0" fileid="7" />
                <SequencePoint vc="9" uspid="216" ordinal="0" offset="29" sl="19" sc="9" el="19" ec="9" bec="0" bev="0" fileid="7" />
                <SequencePoint vc="9" uspid="217" ordinal="0" offset="43" sl="20" sc="9" el="20" ec="9" bec="0" bev="0" fileid="7" />
                <SequencePoint vc="9" uspid="218" ordinal="0" offset="44" sl="21" sc="13" el="21" ec="13" bec="0" bev="0" fileid="7" />
                <SequencePoint vc="9" uspid="219" ordinal="0" offset="63" sl="22" sc="9" el="22" ec="9" bec="0" bev="0" fileid="7" />
                <SequencePoint vc="9" uspid="220" ordinal="0" offset="64" sl="23" sc="9" el="23" ec="9" bec="0" bev="0" fileid="7" />
                <SequencePoint vc="9" uspid="221" ordinal="0" offset="76" sl="24" sc="5" el="24" ec="5" bec="0" bev="0" fileid="7" />
              </SequencePoints>
              <BranchPoints />
            </Method>
            <Method visited="true" cyclomaticComplexity="0" nPathComplexity="0" sequenceCoverage="100.0" branchCoverage="0" crapScore="0" isConstructor="false" isStatic="false" isGetter="false" isSetter="false">
              <Summary numSequencePoints="9" visitedSequencePoints="9" numBranchPoints="0" visitedBranchPoints="0" sequenceCoverage="100.0" branchCoverage="0" maxCyclomaticComplexity="0" minCyclomaticComplexity="0" maxCrapScore="0" minCrapScore="0" visitedClasses="0" numClasses="0" visitedMethods="1" numMethods="1" />
              <MetadataToken>100663320</MetadataToken>
              <Name>System.Void PlatformEffector::Update()</Name>
              <FileRef uid="7" />
              <SequencePoints>
                <SequencePoint vc="15282" uspid="222" ordinal="0" offset="0" sl="28" sc="5" el="28" ec="5" bec="0" bev="0" fileid="7" />
                <SequencePoint vc="15282" uspid="223" ordinal="0" offset="1" sl="29" sc="9" el="29" ec="9" bec="0" bev="0" fileid="7" />
                <SequencePoint vc="741" uspid="224" ordinal="0" offset="22" sl="30" sc="9" el="30" ec="9" bec="0" bev="0" fileid="7" />
                <SequencePoint vc="741" uspid="225" ordinal="0" offset="23" sl="31" sc="13" el="31" ec="13" bec="0" bev="0" fileid="7" />
                <SequencePoint vc="741" uspid="226" ordinal="0" offset="47" sl="32" sc="9" el="32" ec="9" bec="0" bev="0" fileid="7" />
                <SequencePoint vc="14541" uspid="227" ordinal="0" offset="50" sl="34" sc="9" el="34" ec="9" bec="0" bev="0" fileid="7" />
                <SequencePoint vc="14541" uspid="228" ordinal="0" offset="51" sl="35" sc="13" el="35" ec="13" bec="0" bev="0" fileid="7" />
                <SequencePoint vc="14541" uspid="229" ordinal="0" offset="75" sl="37" sc="9" el="37" ec="9" bec="0" bev="0" fileid="7" />
                <SequencePoint vc="15282" uspid="230" ordinal="0" offset="76" sl="38" sc="5" el="38" ec="5" bec="0" bev="0" fileid="7" />
              </SequencePoints>
              <BranchPoints />
            </Method>
          </Methods>
        </Class>
        <Class>
          <Summary numSequencePoints="136" visitedSequencePoints="130" numBranchPoints="0" visitedBranchPoints="0" sequenceCoverage="95.59" branchCoverage="0.0" maxCyclomaticComplexity="0" minCyclomaticComplexity="0" maxCrapScore="0" minCrapScore="0" visitedClasses="1" numClasses="1" visitedMethods="5" numMethods="5" />
          <FullName>PlayerController</FullName>
          <Methods>
            <Method visited="true" cyclomaticComplexity="0" nPathComplexity="0" sequenceCoverage="100.0" branchCoverage="0" crapScore="0" isConstructor="false" isStatic="false" isGetter="false" isSetter="false">
              <Summary numSequencePoints="9" visitedSequencePoints="9" numBranchPoints="0" visitedBranchPoints="0" sequenceCoverage="100.0" branchCoverage="0" maxCyclomaticComplexity="0" minCyclomaticComplexity="0" maxCrapScore="0" minCrapScore="0" visitedClasses="0" numClasses="0" visitedMethods="1" numMethods="1" />
              <MetadataToken>100663322</MetadataToken>
              <Name>System.Void PlayerController::Start()</Name>
              <FileRef uid="8" />
              <SequencePoints>
                <SequencePoint vc="1" uspid="231" ordinal="0" offset="0" sl="44" sc="5" el="44" ec="5" bec="0" bev="0" fileid="8" />
                <SequencePoint vc="1" uspid="232" ordinal="0" offset="1" sl="45" sc="9" el="45" ec="9" bec="0" bev="0" fileid="8" />
                <SequencePoint vc="1" uspid="233" ordinal="0" offset="13" sl="46" sc="9" el="46" ec="9" bec="0" bev="0" fileid="8" />
                <SequencePoint vc="1" uspid="234" ordinal="0" offset="25" sl="47" sc="9" el="47" ec="9" bec="0" bev="0" fileid="8" />
                <SequencePoint vc="1" uspid="235" ordinal="0" offset="37" sl="48" sc="9" el="48" ec="9" bec="0" bev="0" fileid="8" />
                <SequencePoint vc="1" uspid="236" ordinal="0" offset="49" sl="49" sc="9" el="49" ec="9" bec="0" bev="0" fileid="8" />
                <SequencePoint vc="1" uspid="237" ordinal="0" offset="61" sl="50" sc="9" el="50" ec="9" bec="0" bev="0" fileid="8" />
                <SequencePoint vc="1" uspid="238" ordinal="0" offset="68" sl="51" sc="9" el="51" ec="9" bec="0" bev="0" fileid="8" />
                <SequencePoint vc="1" uspid="239" ordinal="0" offset="75" sl="52" sc="5" el="52" ec="5" bec="0" bev="0" fileid="8" />
              </SequencePoints>
              <BranchPoints />
            </Method>
            <Method visited="true" cyclomaticComplexity="0" nPathComplexity="0" sequenceCoverage="100.0" branchCoverage="0" crapScore="0" isConstructor="false" isStatic="false" isGetter="false" isSetter="false">
              <Summary numSequencePoints="3" visitedSequencePoints="3" numBranchPoints="0" visitedBranchPoints="0" sequenceCoverage="100.0" branchCoverage="0" maxCyclomaticComplexity="0" minCyclomaticComplexity="0" maxCrapScore="0" minCrapScore="0" visitedClasses="0" numClasses="0" visitedMethods="1" numMethods="1" />
              <MetadataToken>100663323</MetadataToken>
              <Name>System.Void PlayerController::OnLevelWasLoaded(System.Int32)</Name>
              <FileRef uid="8" />
              <SequencePoints>
                <SequencePoint vc="5" uspid="240" ordinal="0" offset="0" sl="55" sc="5" el="55" ec="5" bec="0" bev="0" fileid="8" />
                <SequencePoint vc="5" uspid="241" ordinal="0" offset="1" sl="56" sc="9" el="56" ec="9" bec="0" bev="0" fileid="8" />
                <SequencePoint vc="5" uspid="242" ordinal="0" offset="8" sl="57" sc="5" el="57" ec="5" bec="0" bev="0" fileid="8" />
              </SequencePoints>
              <BranchPoints />
            </Method>
            <Method visited="true" cyclomaticComplexity="0" nPathComplexity="0" sequenceCoverage="96.70" branchCoverage="0" crapScore="0" isConstructor="false" isStatic="false" isGetter="false" isSetter="false">
              <Summary numSequencePoints="91" visitedSequencePoints="88" numBranchPoints="0" visitedBranchPoints="0" sequenceCoverage="96.70" branchCoverage="0" maxCyclomaticComplexity="0" minCyclomaticComplexity="0" maxCrapScore="0" minCrapScore="0" visitedClasses="0" numClasses="0" visitedMethods="1" numMethods="1" />
              <MetadataToken>100663324</MetadataToken>
              <Name>System.Void PlayerController::Update()</Name>
              <FileRef uid="8" />
              <SequencePoints>
                <SequencePoint vc="6995" uspid="243" ordinal="0" offset="0" sl="61" sc="5" el="61" ec="5" bec="0" bev="0" fileid="8" />
                <SequencePoint vc="6995" uspid="244" ordinal="0" offset="1" sl="62" sc="9" el="62" ec="9" bec="0" bev="0" fileid="8" />
                <SequencePoint vc="6226" uspid="245" ordinal="0" offset="33" sl="62" sc="65" el="62" ec="65" bec="0" bev="0" fileid="8" />
                <SequencePoint vc="6226" uspid="246" ordinal="0" offset="34" sl="63" sc="13" el="63" ec="13" bec="0" bev="0" fileid="8" />
                <SequencePoint vc="6226" uspid="247" ordinal="0" offset="84" sl="64" sc="9" el="64" ec="9" bec="0" bev="0" fileid="8" />
                <SequencePoint vc="769" uspid="248" ordinal="0" offset="87" sl="65" sc="14" el="65" ec="14" bec="0" bev="0" fileid="8" />
                <SequencePoint vc="270" uspid="249" ordinal="0" offset="100" sl="66" sc="9" el="66" ec="9" bec="0" bev="0" fileid="8" />
                <SequencePoint vc="270" uspid="250" ordinal="0" offset="101" sl="67" sc="13" el="67" ec="13" bec="0" bev="0" fileid="8" />
                <SequencePoint vc="270" uspid="251" ordinal="0" offset="115" sl="68" sc="9" el="68" ec="9" bec="0" bev="0" fileid="8" />
                <SequencePoint vc="6995" uspid="252" ordinal="0" offset="116" sl="69" sc="9" el="69" ec="9" bec="0" bev="0" fileid="8" />
                <SequencePoint vc="6995" uspid="253" ordinal="0" offset="164" sl="70" sc="9" el="70" ec="9" bec="0" bev="0" fileid="8" />
                <SequencePoint vc="4816" uspid="254" ordinal="0" offset="174" sl="71" sc="9" el="71" ec="9" bec="0" bev="0" fileid="8" />
                <SequencePoint vc="4816" uspid="255" ordinal="0" offset="175" sl="72" sc="13" el="72" ec="13" bec="0" bev="0" fileid="8" />
                <SequencePoint vc="4816" uspid="256" ordinal="0" offset="182" sl="73" sc="13" el="73" ec="13" bec="0" bev="0" fileid="8" />
                <SequencePoint vc="4816" uspid="257" ordinal="0" offset="189" sl="74" sc="9" el="74" ec="9" bec="0" bev="0" fileid="8" />
                <SequencePoint vc="2179" uspid="258" ordinal="0" offset="192" sl="76" sc="9" el="76" ec="9" bec="0" bev="0" fileid="8" />
                <SequencePoint vc="2179" uspid="259" ordinal="0" offset="193" sl="77" sc="13" el="77" ec="13" bec="0" bev="0" fileid="8" />
                <SequencePoint vc="7" uspid="260" ordinal="0" offset="207" sl="78" sc="13" el="78" ec="13" bec="0" bev="0" fileid="8" />
                <SequencePoint vc="7" uspid="261" ordinal="0" offset="208" sl="79" sc="17" el="79" ec="17" bec="0" bev="0" fileid="8" />
                <SequencePoint vc="0" uspid="262" ordinal="0" offset="225" sl="79" sc="43" el="79" ec="43" bec="0" bev="0" fileid="8" />
                <SequencePoint vc="0" uspid="263" ordinal="0" offset="226" sl="80" sc="21" el="80" ec="21" bec="0" bev="0" fileid="8" />
                <SequencePoint vc="0" uspid="264" ordinal="0" offset="260" sl="81" sc="17" el="81" ec="17" bec="0" bev="0" fileid="8" />
                <SequencePoint vc="7" uspid="265" ordinal="0" offset="263" sl="83" sc="17" el="83" ec="17" bec="0" bev="0" fileid="8" />
                <SequencePoint vc="7" uspid="266" ordinal="0" offset="264" sl="84" sc="21" el="84" ec="21" bec="0" bev="0" fileid="8" />
                <SequencePoint vc="7" uspid="267" ordinal="0" offset="298" sl="85" sc="17" el="85" ec="17" bec="0" bev="0" fileid="8" />
                <SequencePoint vc="7" uspid="268" ordinal="0" offset="299" sl="86" sc="17" el="86" ec="17" bec="0" bev="0" fileid="8" />
                <SequencePoint vc="7" uspid="269" ordinal="0" offset="307" sl="87" sc="13" el="87" ec="13" bec="0" bev="0" fileid="8" />
                <SequencePoint vc="2179" uspid="270" ordinal="0" offset="308" sl="88" sc="9" el="88" ec="9" bec="0" bev="0" fileid="8" />
                <SequencePoint vc="6995" uspid="271" ordinal="0" offset="309" sl="89" sc="9" el="89" ec="9" bec="0" bev="0" fileid="8" />
                <SequencePoint vc="32" uspid="272" ordinal="0" offset="359" sl="90" sc="9" el="90" ec="9" bec="0" bev="0" fileid="8" />
                <SequencePoint vc="32" uspid="273" ordinal="0" offset="360" sl="91" sc="13" el="91" ec="13" bec="0" bev="0" fileid="8" />
                <SequencePoint vc="32" uspid="274" ordinal="0" offset="367" sl="92" sc="13" el="92" ec="13" bec="0" bev="0" fileid="8" />
                <SequencePoint vc="12" uspid="275" ordinal="0" offset="379" sl="93" sc="13" el="93" ec="13" bec="0" bev="0" fileid="8" />
                <SequencePoint vc="12" uspid="276" ordinal="0" offset="380" sl="94" sc="17" el="94" ec="17" bec="0" bev="0" fileid="8" />
                <SequencePoint vc="12" uspid="277" ordinal="0" offset="419" sl="95" sc="13" el="95" ec="13" bec="0" bev="0" fileid="8" />
                <SequencePoint vc="20" uspid="278" ordinal="0" offset="425" sl="96" sc="18" el="96" ec="18" bec="0" bev="0" fileid="8" />
                <SequencePoint vc="2" uspid="279" ordinal="0" offset="473" sl="97" sc="13" el="97" ec="13" bec="0" bev="0" fileid="8" />
                <SequencePoint vc="2" uspid="280" ordinal="0" offset="474" sl="98" sc="17" el="98" ec="17" bec="0" bev="0" fileid="8" />
                <SequencePoint vc="2" uspid="281" ordinal="0" offset="510" sl="99" sc="17" el="99" ec="17" bec="0" bev="0" fileid="8" />
                <SequencePoint vc="2" uspid="282" ordinal="0" offset="517" sl="100" sc="17" el="100" ec="17" bec="0" bev="0" fileid="8" />
                <SequencePoint vc="2" uspid="283" ordinal="0" offset="525" sl="101" sc="13" el="101" ec="13" bec="0" bev="0" fileid="8" />
                <SequencePoint vc="18" uspid="284" ordinal="0" offset="531" sl="102" sc="18" el="102" ec="18" bec="0" bev="0" fileid="8" />
                <SequencePoint vc="2" uspid="285" ordinal="0" offset="579" sl="103" sc="13" el="103" ec="13" bec="0" bev="0" fileid="8" />
                <SequencePoint vc="2" uspid="286" ordinal="0" offset="580" sl="104" sc="17" el="104" ec="17" bec="0" bev="0" fileid="8" />
                <SequencePoint vc="2" uspid="287" ordinal="0" offset="615" sl="105" sc="17" el="105" ec="17" bec="0" bev="0" fileid="8" />
                <SequencePoint vc="2" uspid="288" ordinal="0" offset="623" sl="106" sc="17" el="106" ec="17" bec="0" bev="0" fileid="8" />
                <SequencePoint vc="2" uspid="289" ordinal="0" offset="630" sl="107" sc="13" el="107" ec="13" bec="0" bev="0" fileid="8" />
                <SequencePoint vc="16" uspid="290" ordinal="0" offset="633" sl="108" sc="18" el="108" ec="18" bec="0" bev="0" fileid="8" />
                <SequencePoint vc="12" uspid="291" ordinal="0" offset="659" sl="109" sc="13" el="109" ec="13" bec="0" bev="0" fileid="8" />
                <SequencePoint vc="12" uspid="292" ordinal="0" offset="660" sl="110" sc="17" el="110" ec="17" bec="0" bev="0" fileid="8" />
                <SequencePoint vc="12" uspid="293" ordinal="0" offset="699" sl="111" sc="17" el="111" ec="17" bec="0" bev="0" fileid="8" />
                <SequencePoint vc="12" uspid="294" ordinal="0" offset="706" sl="112" sc="13" el="112" ec="13" bec="0" bev="0" fileid="8" />
                <SequencePoint vc="32" uspid="295" ordinal="0" offset="707" sl="113" sc="9" el="113" ec="9" bec="0" bev="0" fileid="8" />
                <SequencePoint vc="6963" uspid="296" ordinal="0" offset="710" sl="114" sc="14" el="114" ec="14" bec="0" bev="0" fileid="8" />
                <SequencePoint vc="34" uspid="297" ordinal="0" offset="726" sl="115" sc="9" el="115" ec="9" bec="0" bev="0" fileid="8" />
                <SequencePoint vc="34" uspid="298" ordinal="0" offset="727" sl="116" sc="13" el="116" ec="13" bec="0" bev="0" fileid="8" />
                <SequencePoint vc="29" uspid="299" ordinal="0" offset="756" sl="117" sc="13" el="117" ec="13" bec="0" bev="0" fileid="8" />
                <SequencePoint vc="29" uspid="300" ordinal="0" offset="757" sl="118" sc="17" el="118" ec="17" bec="0" bev="0" fileid="8" />
                <SequencePoint vc="29" uspid="301" ordinal="0" offset="812" sl="119" sc="13" el="119" ec="13" bec="0" bev="0" fileid="8" />
                <SequencePoint vc="34" uspid="302" ordinal="0" offset="813" sl="120" sc="9" el="120" ec="9" bec="0" bev="0" fileid="8" />
                <SequencePoint vc="6995" uspid="303" ordinal="0" offset="814" sl="122" sc="9" el="122" ec="9" bec="0" bev="0" fileid="8" />
                <SequencePoint vc="9" uspid="304" ordinal="0" offset="875" sl="123" sc="9" el="123" ec="9" bec="0" bev="0" fileid="8" />
                <SequencePoint vc="9" uspid="305" ordinal="0" offset="876" sl="124" sc="13" el="124" ec="13" bec="0" bev="0" fileid="8" />
                <SequencePoint vc="9" uspid="306" ordinal="0" offset="883" sl="125" sc="9" el="125" ec="9" bec="0" bev="0" fileid="8" />
                <SequencePoint vc="6986" uspid="307" ordinal="0" offset="886" sl="126" sc="14" el="126" ec="14" bec="0" bev="0" fileid="8" />
                <SequencePoint vc="90" uspid="308" ordinal="0" offset="901" sl="127" sc="9" el="127" ec="9" bec="0" bev="0" fileid="8" />
                <SequencePoint vc="90" uspid="309" ordinal="0" offset="902" sl="128" sc="13" el="128" ec="13" bec="0" bev="0" fileid="8" />
                <SequencePoint vc="90" uspid="310" ordinal="0" offset="916" sl="129" sc="9" el="129" ec="9" bec="0" bev="0" fileid="8" />
                <SequencePoint vc="6995" uspid="311" ordinal="0" offset="917" sl="131" sc="9" el="131" ec="9" bec="0" bev="0" fileid="8" />
                <SequencePoint vc="6556" uspid="312" ordinal="0" offset="943" sl="132" sc="9" el="132" ec="9" bec="0" bev="0" fileid="8" />
                <SequencePoint vc="6556" uspid="313" ordinal="0" offset="944" sl="133" sc="13" el="133" ec="13" bec="0" bev="0" fileid="8" />
                <SequencePoint vc="6556" uspid="314" ordinal="0" offset="951" sl="134" sc="9" el="134" ec="9" bec="0" bev="0" fileid="8" />
                <SequencePoint vc="6995" uspid="315" ordinal="0" offset="952" sl="136" sc="9" el="136" ec="9" bec="0" bev="0" fileid="8" />
                <SequencePoint vc="439" uspid="316" ordinal="0" offset="984" sl="137" sc="9" el="137" ec="9" bec="0" bev="0" fileid="8" />
                <SequencePoint vc="439" uspid="317" ordinal="0" offset="985" sl="138" sc="13" el="138" ec="13" bec="0" bev="0" fileid="8" />
                <SequencePoint vc="439" uspid="318" ordinal="0" offset="1012" sl="139" sc="13" el="139" ec="13" bec="0" bev="0" fileid="8" />
                <SequencePoint vc="439" uspid="319" ordinal="0" offset="1019" sl="140" sc="9" el="140" ec="9" bec="0" bev="0" fileid="8" />
                <SequencePoint vc="6995" uspid="320" ordinal="0" offset="1020" sl="143" sc="9" el="143" ec="9" bec="0" bev="0" fileid="8" />
                <SequencePoint vc="1426" uspid="321" ordinal="0" offset="1054" sl="144" sc="9" el="144" ec="9" bec="0" bev="0" fileid="8" />
                <SequencePoint vc="1426" uspid="322" ordinal="0" offset="1055" sl="145" sc="13" el="145" ec="13" bec="0" bev="0" fileid="8" />
                <SequencePoint vc="1426" uspid="323" ordinal="0" offset="1068" sl="146" sc="9" el="146" ec="9" bec="0" bev="0" fileid="8" />
                <SequencePoint vc="5569" uspid="324" ordinal="0" offset="1071" sl="147" sc="14" el="147" ec="14" bec="0" bev="0" fileid="8" />
                <SequencePoint vc="1851" uspid="325" ordinal="0" offset="1105" sl="148" sc="9" el="148" ec="9" bec="0" bev="0" fileid="8" />
                <SequencePoint vc="1851" uspid="326" ordinal="0" offset="1106" sl="149" sc="13" el="149" ec="13" bec="0" bev="0" fileid="8" />
                <SequencePoint vc="1851" uspid="327" ordinal="0" offset="1119" sl="150" sc="9" el="150" ec="9" bec="0" bev="0" fileid="8" />
                <SequencePoint vc="6995" uspid="328" ordinal="0" offset="1120" sl="152" sc="9" el="152" ec="9" bec="0" bev="0" fileid="8" />
                <SequencePoint vc="6995" uspid="329" ordinal="0" offset="1153" sl="153" sc="9" el="153" ec="9" bec="0" bev="0" fileid="8" />
                <SequencePoint vc="6995" uspid="330" ordinal="0" offset="1176" sl="154" sc="9" el="154" ec="9" bec="0" bev="0" fileid="8" />
                <SequencePoint vc="6995" uspid="331" ordinal="0" offset="1214" sl="155" sc="9" el="155" ec="9" bec="0" bev="0" fileid="8" />
                <SequencePoint vc="6995" uspid="332" ordinal="0" offset="1238" sl="156" sc="9" el="156" ec="9" bec="0" bev="0" fileid="8" />
                <SequencePoint vc="6995" uspid="333" ordinal="0" offset="1261" sl="157" sc="5" el="157" ec="5" bec="0" bev="0" fileid="8" />
              </SequencePoints>
              <BranchPoints />
            </Method>
            <Method visited="true" cyclomaticComplexity="0" nPathComplexity="0" sequenceCoverage="100.0" branchCoverage="0" crapScore="0" isConstructor="false" isStatic="false" isGetter="false" isSetter="false">
              <Summary numSequencePoints="11" visitedSequencePoints="11" numBranchPoints="0" visitedBranchPoints="0" sequenceCoverage="100.0" branchCoverage="0" maxCyclomaticComplexity="0" minCyclomaticComplexity="0" maxCrapScore="0" minCrapScore="0" visitedClasses="0" numClasses="0" visitedMethods="1" numMethods="1" />
              <MetadataToken>100663325</MetadataToken>
              <Name>System.Void PlayerController::ZoneIn()</Name>
              <FileRef uid="8" />
              <SequencePoints>
                <SequencePoint vc="6" uspid="334" ordinal="0" offset="0" sl="160" sc="5" el="160" ec="5" bec="0" bev="0" fileid="8" />
                <SequencePoint vc="6" uspid="335" ordinal="0" offset="1" sl="161" sc="9" el="161" ec="9" bec="0" bev="0" fileid="8" />
                <SequencePoint vc="6" uspid="336" ordinal="0" offset="17" sl="162" sc="9" el="162" ec="9" bec="0" bev="0" fileid="8" />
                <SequencePoint vc="5" uspid="337" ordinal="0" offset="31" sl="163" sc="9" el="163" ec="9" bec="0" bev="0" fileid="8" />
                <SequencePoint vc="5" uspid="338" ordinal="0" offset="32" sl="164" sc="13" el="164" ec="13" bec="0" bev="0" fileid="8" />
                <SequencePoint vc="5" uspid="339" ordinal="0" offset="68" sl="165" sc="9" el="165" ec="9" bec="0" bev="0" fileid="8" />
                <SequencePoint vc="1" uspid="340" ordinal="0" offset="71" sl="167" sc="9" el="167" ec="9" bec="0" bev="0" fileid="8" />
                <SequencePoint vc="1" uspid="341" ordinal="0" offset="72" sl="168" sc="13" el="168" ec="13" bec="0" bev="0" fileid="8" />
                <SequencePoint vc="1" uspid="342" ordinal="0" offset="104" sl="169" sc="9" el="169" ec="9" bec="0" bev="0" fileid="8" />
                <SequencePoint vc="6" uspid="343" ordinal="0" offset="105" sl="170" sc="9" el="170" ec="9" bec="0" bev="0" fileid="8" />
                <SequencePoint vc="6" uspid="344" ordinal="0" offset="112" sl="171" sc="5" el="171" ec="5" bec="0" bev="0" fileid="8" />
              </SequencePoints>
              <BranchPoints />
            </Method>
            <Method visited="true" cyclomaticComplexity="0" nPathComplexity="0" sequenceCoverage="86.36" branchCoverage="0" crapScore="0" isConstructor="false" isStatic="false" isGetter="false" isSetter="false">
              <Summary numSequencePoints="22" visitedSequencePoints="19" numBranchPoints="0" visitedBranchPoints="0" sequenceCoverage="86.36" branchCoverage="0" maxCyclomaticComplexity="0" minCyclomaticComplexity="0" maxCrapScore="0" minCrapScore="0" visitedClasses="0" numClasses="0" visitedMethods="1" numMethods="1" />
              <MetadataToken>100663326</MetadataToken>
              <Name>System.Void PlayerController::FireBullet()</Name>
              <FileRef uid="8" />
              <SequencePoints>
                <SequencePoint vc="9" uspid="345" ordinal="0" offset="0" sl="174" sc="5" el="174" ec="5" bec="0" bev="0" fileid="8" />
                <SequencePoint vc="9" uspid="346" ordinal="0" offset="1" sl="175" sc="9" el="175" ec="9" bec="0" bev="0" fileid="8" />
                <SequencePoint vc="8" uspid="347" ordinal="0" offset="16" sl="176" sc="9" el="176" ec="9" bec="0" bev="0" fileid="8" />
                <SequencePoint vc="8" uspid="348" ordinal="0" offset="17" sl="177" sc="13" el="177" ec="13" bec="0" bev="0" fileid="8" />
                <SequencePoint vc="5" uspid="349" ordinal="0" offset="30" sl="177" sc="28" el="177" ec="28" bec="0" bev="0" fileid="8" />
                <SequencePoint vc="5" uspid="350" ordinal="0" offset="31" sl="178" sc="17" el="178" ec="17" bec="0" bev="0" fileid="8" />
                <SequencePoint vc="5" uspid="351" ordinal="0" offset="65" sl="179" sc="13" el="179" ec="13" bec="0" bev="0" fileid="8" />
                <SequencePoint vc="3" uspid="352" ordinal="0" offset="68" sl="181" sc="13" el="181" ec="13" bec="0" bev="0" fileid="8" />
                <SequencePoint vc="3" uspid="353" ordinal="0" offset="69" sl="182" sc="17" el="182" ec="17" bec="0" bev="0" fileid="8" />
                <SequencePoint vc="3" uspid="354" ordinal="0" offset="103" sl="183" sc="13" el="183" ec="13" bec="0" bev="0" fileid="8" />
                <SequencePoint vc="8" uspid="355" ordinal="0" offset="104" sl="185" sc="9" el="185" ec="9" bec="0" bev="0" fileid="8" />
                <SequencePoint vc="1" uspid="356" ordinal="0" offset="107" sl="187" sc="9" el="187" ec="9" bec="0" bev="0" fileid="8" />
                <SequencePoint vc="1" uspid="357" ordinal="0" offset="108" sl="188" sc="13" el="188" ec="13" bec="0" bev="0" fileid="8" />
                <SequencePoint vc="1" uspid="358" ordinal="0" offset="121" sl="189" sc="13" el="189" ec="13" bec="0" bev="0" fileid="8" />
                <SequencePoint vc="1" uspid="359" ordinal="0" offset="122" sl="190" sc="17" el="190" ec="17" bec="0" bev="0" fileid="8" />
                <SequencePoint vc="1" uspid="360" ordinal="0" offset="156" sl="191" sc="13" el="191" ec="13" bec="0" bev="0" fileid="8" />
                <SequencePoint vc="0" uspid="361" ordinal="0" offset="159" sl="193" sc="13" el="193" ec="13" bec="0" bev="0" fileid="8" />
                <SequencePoint vc="0" uspid="362" ordinal="0" offset="160" sl="194" sc="17" el="194" ec="17" bec="0" bev="0" fileid="8" />
                <SequencePoint vc="0" uspid="363" ordinal="0" offset="194" sl="195" sc="13" el="195" ec="13" bec="0" bev="0" fileid="8" />
                <SequencePoint vc="1" uspid="364" ordinal="0" offset="195" sl="197" sc="9" el="197" ec="9" bec="0" bev="0" fileid="8" />
                <SequencePoint vc="9" uspid="365" ordinal="0" offset="196" sl="198" sc="9" el="198" ec="9" bec="0" bev="0" fileid="8" />
                <SequencePoint vc="9" uspid="366" ordinal="0" offset="204" sl="199" sc="5" el="199" ec="5" bec="0" bev="0" fileid="8" />
              </SequencePoints>
              <BranchPoints />
            </Method>
          </Methods>
        </Class>
        <Class>
          <Summary numSequencePoints="15" visitedSequencePoints="15" numBranchPoints="0" visitedBranchPoints="0" sequenceCoverage="100.0" branchCoverage="0.0" maxCyclomaticComplexity="0" minCyclomaticComplexity="0" maxCrapScore="0" minCrapScore="0" visitedClasses="1" numClasses="1" visitedMethods="2" numMethods="2" />
          <FullName>PlayerRecord</FullName>
          <Methods>
            <Method visited="true" cyclomaticComplexity="0" nPathComplexity="0" sequenceCoverage="100.0" branchCoverage="0" crapScore="0" isConstructor="false" isStatic="false" isGetter="false" isSetter="false">
              <Summary numSequencePoints="9" visitedSequencePoints="9" numBranchPoints="0" visitedBranchPoints="0" sequenceCoverage="100.0" branchCoverage="0" maxCyclomaticComplexity="0" minCyclomaticComplexity="0" maxCrapScore="0" minCrapScore="0" visitedClasses="0" numClasses="0" visitedMethods="1" numMethods="1" />
              <MetadataToken>100663328</MetadataToken>
              <Name>System.Void PlayerRecord::SetupRecord(System.Boolean, System.Boolean, System.Boolean, System.Int32)</Name>
              <FileRef uid="9" />
              <SequencePoints>
                <SequencePoint vc="1" uspid="367" ordinal="0" offset="0" sl="15" sc="5" el="15" ec="5" bec="0" bev="0" fileid="9" />
                <SequencePoint vc="1" uspid="368" ordinal="0" offset="1" sl="16" sc="9" el="16" ec="9" bec="0" bev="0" fileid="9" />
                <SequencePoint vc="1" uspid="369" ordinal="0" offset="8" sl="17" sc="9" el="17" ec="9" bec="0" bev="0" fileid="9" />
                <SequencePoint vc="1" uspid="370" ordinal="0" offset="15" sl="18" sc="9" el="18" ec="9" bec="0" bev="0" fileid="9" />
                <SequencePoint vc="1" uspid="371" ordinal="0" offset="22" sl="19" sc="9" el="19" ec="9" bec="0" bev="0" fileid="9" />
                <SequencePoint vc="1" uspid="372" ordinal="0" offset="30" sl="20" sc="9" el="20" ec="9" bec="0" bev="0" fileid="9" />
                <SequencePoint vc="1" uspid="373" ordinal="0" offset="42" sl="21" sc="9" el="21" ec="9" bec="0" bev="0" fileid="9" />
                <SequencePoint vc="1" uspid="374" ordinal="0" offset="54" sl="22" sc="9" el="22" ec="9" bec="0" bev="0" fileid="9" />
                <SequencePoint vc="1" uspid="375" ordinal="0" offset="61" sl="23" sc="5" el="23" ec="5" bec="0" bev="0" fileid="9" />
              </SequencePoints>
              <BranchPoints />
            </Method>
            <Method visited="true" cyclomaticComplexity="0" nPathComplexity="0" sequenceCoverage="100.0" branchCoverage="0" crapScore="0" isConstructor="false" isStatic="false" isGetter="false" isSetter="false">
              <Summary numSequencePoints="6" visitedSequencePoints="6" numBranchPoints="0" visitedBranchPoints="0" sequenceCoverage="100.0" branchCoverage="0" maxCyclomaticComplexity="0" minCyclomaticComplexity="0" maxCrapScore="0" minCrapScore="0" visitedClasses="0" numClasses="0" visitedMethods="1" numMethods="1" />
              <MetadataToken>100663329</MetadataToken>
              <Name>System.Void PlayerRecord::SetData()</Name>
              <FileRef uid="9" />
              <SequencePoints>
                <SequencePoint vc="1" uspid="376" ordinal="0" offset="0" sl="26" sc="5" el="26" ec="5" bec="0" bev="0" fileid="9" />
                <SequencePoint vc="1" uspid="377" ordinal="0" offset="1" sl="27" sc="9" el="27" ec="9" bec="0" bev="0" fileid="9" />
                <SequencePoint vc="1" uspid="378" ordinal="0" offset="18" sl="28" sc="9" el="28" ec="9" bec="0" bev="0" fileid="9" />
                <SequencePoint vc="1" uspid="379" ordinal="0" offset="35" sl="29" sc="9" el="29" ec="9" bec="0" bev="0" fileid="9" />
                <SequencePoint vc="1" uspid="380" ordinal="0" offset="52" sl="30" sc="9" el="30" ec="9" bec="0" bev="0" fileid="9" />
                <SequencePoint vc="1" uspid="381" ordinal="0" offset="69" sl="31" sc="5" el="31" ec="5" bec="0" bev="0" fileid="9" />
              </SequencePoints>
              <BranchPoints />
            </Method>
          </Methods>
        </Class>
        <Class>
          <Summary numSequencePoints="40" visitedSequencePoints="39" numBranchPoints="0" visitedBranchPoints="0" sequenceCoverage="97.50" branchCoverage="0.0" maxCyclomaticComplexity="0" minCyclomaticComplexity="0" maxCrapScore="0" minCrapScore="0" visitedClasses="1" numClasses="1" visitedMethods="6" numMethods="6" />
          <FullName>SaveManager</FullName>
          <Methods>
            <Method visited="true" cyclomaticComplexity="0" nPathComplexity="0" sequenceCoverage="100.0" branchCoverage="0" crapScore="0" isConstructor="false" isStatic="false" isGetter="false" isSetter="false">
              <Summary numSequencePoints="6" visitedSequencePoints="6" numBranchPoints="0" visitedBranchPoints="0" sequenceCoverage="100.0" branchCoverage="0" maxCyclomaticComplexity="0" minCyclomaticComplexity="0" maxCrapScore="0" minCrapScore="0" visitedClasses="0" numClasses="0" visitedMethods="1" numMethods="1" />
              <MetadataToken>100663331</MetadataToken>
              <Name>System.Void SaveManager::Start()</Name>
              <FileRef uid="10" />
              <SequencePoints>
                <SequencePoint vc="3" uspid="382" ordinal="0" offset="0" sl="17" sc="5" el="17" ec="5" bec="0" bev="0" fileid="10" />
                <SequencePoint vc="3" uspid="383" ordinal="0" offset="1" sl="18" sc="9" el="18" ec="9" bec="0" bev="0" fileid="10" />
                <SequencePoint vc="3" uspid="384" ordinal="0" offset="13" sl="19" sc="9" el="19" ec="9" bec="0" bev="0" fileid="10" />
[...]
                <SequencePoint vc="5" uspid="404" ordinal="0" offset="16" sl="45" sc="9" el="45" ec="9" bec="0" bev="0" fileid="10" />
                <SequencePoint vc="5" uspid="405" ordinal="0" offset="17" sl="46" sc="13" el="46" ec="13" bec="0" bev="0" fileid="10" />
                <SequencePoint vc="5" uspid="406" ordinal="0" offset="29" sl="47" sc="13" el="47" ec="13" bec="0" bev="0" fileid="10" />
                <SequencePoint vc="5" uspid="407" ordinal="0" offset="46" sl="48" sc="9" el="48" ec="9" bec="0" bev="0" fileid="10" />
                <SequencePoint vc="8" uspid="408" ordinal="0" offset="47" sl="49" sc="5" el="49" ec="5" bec="0" bev="0" fileid="10" />
              </SequencePoints>
              <BranchPoints />
            </Method>
            <Method visited="true" cyclomaticComplexity="0" nPathComplexity="0" sequenceCoverage="100.0" branchCoverage="0" crapScore="0" isConstructor="false" isStatic="false" isGetter="false" isSetter="false">
              <Summary numSequencePoints="8" visitedSequencePoints="8" numBranchPoints="0" visitedBranchPoints="0" sequenceCoverage="100.0" branchCoverage="0" maxCyclomaticComplexity="0" minCyclomaticComplexity="0" maxCrapScore="0" minCrapScore="0" visitedClasses="0" numClasses="0" visitedMethods="1" numMethods="1" />
              <MetadataToken>100663335</MetadataToken>
              <Name>System.Void SaveManager::SaveGame()</Name>
              <FileRef uid="10" />
              <SequencePoints>
                <SequencePoint vc="1" uspid="409" ordinal="0" offset="0" sl="52" sc="5" el="52" ec="5" bec="0" bev="0" fileid="10" />
                <SequencePoint vc="1" uspid="410" ordinal="0" offset="1" sl="53" sc="9" el="53" ec="9" bec="0" bev="0" fileid="10" />
                <SequencePoint vc="1" uspid="411" ordinal="0" offset="18" sl="54" sc="9" el="54" ec="9" bec="0" bev="0" fileid="10" />
                <SequencePoint vc="1" uspid="412" ordinal="0" offset="40" sl="55" sc="9" el="55" ec="9" bec="0" bev="0" fileid="10" />
                <SequencePoint vc="1" uspid="413" ordinal="0" offset="68" sl="56" sc="9" el="56" ec="9" bec="0" bev="0" fileid="10" />
                <SequencePoint vc="1" uspid="414" ordinal="0" offset="96" sl="57" sc="9" el="57" ec="9" bec="0" bev="0" fileid="10" />
                <SequencePoint vc="1" uspid="415" ordinal="0" offset="124" sl="58" sc="9" el="58" ec="9" bec="0" bev="0" fileid="10" />
                <SequencePoint vc="1" uspid="416" ordinal="0" offset="130" sl="59" sc="5" el="59" ec="5" bec="0" bev="0" fileid="10" />
              </SequencePoints>
              <BranchPoints />
            </Method>
            <Method visited="true" cyclomaticComplexity="0" nPathComplexity="0" sequenceCoverage="80.00" branchCoverage="0" crapScore="0" isConstructor="false" isStatic="false" isGetter="false" isSetter="false">
              <Summary numSequencePoints="5" visitedSequencePoints="4" numBranchPoints="0" visitedBranchPoints="0" sequenceCoverage="80.00" branchCoverage="0" maxCyclomaticComplexity="0" minCyclomaticComplexity="0" maxCrapScore="0" minCrapScore="0" visitedClasses="0" numClasses="0" visitedMethods="1" numMethods="1" />
              <MetadataToken>100663336</MetadataToken>
              <Name>System.Int32 SaveManager::TranslateBool(System.Boolean)</Name>
              <FileRef uid="10" />
              <SequencePoints>
                <SequencePoint vc="3" uspid="417" ordinal="0" offset="0" sl="62" sc="5" el="62" ec="5" bec="0" bev="0" fileid="10" />
                <SequencePoint vc="3" uspid="418" ordinal="0" offset="1" sl="63" sc="9" el="63" ec="9" bec="0" bev="0" fileid="10" />
                <SequencePoint vc="0" uspid="419" ordinal="0" offset="10" sl="66" sc="17" el="66" ec="17" bec="0" bev="0" fileid="10" />
                <SequencePoint vc="3" uspid="420" ordinal="0" offset="14" sl="68" sc="17" el="68" ec="17" bec="0" bev="0" fileid="10" />
                <SequencePoint vc="3" uspid="421" ordinal="0" offset="18" sl="70" sc="5" el="70" ec="5" bec="0" bev="0" fileid="10" />
              </SequencePoints>
              <BranchPoints />
            </Method>
          </Methods>
        </Class>
        <Class>
          <Summary numSequencePoints="7" visitedSequencePoints="7" numBranchPoints="0" visitedBranchPoints="0" sequenceCoverage="100.0" branchCoverage="0.0" maxCyclomaticComplexity="0" minCyclomaticComplexity="0" maxCrapScore="0" minCrapScore="0" visitedClasses="1" numClasses="1" visitedMethods="1" numMethods="1" />
          <FullName>SkeletonAwake</FullName>
          <Methods>
            <Method visited="true" cyclomaticComplexity="0" nPathComplexity="0" sequenceCoverage="100.0" branchCoverage="0" crapScore="0" isConstructor="false" isStatic="false" isGetter="false" isSetter="false">
              <Summary numSequencePoints="7" visitedSequencePoints="7" numBranchPoints="0" visitedBranchPoints="0" sequenceCoverage="100.0" branchCoverage="0" maxCyclomaticComplexity="0" minCyclomaticComplexity="0" maxCrapScore="0" minCrapScore="0" visitedClasses="0" numClasses="0" visitedMethods="1" numMethods="1" />
              <MetadataToken>100663338</MetadataToken>
              <Name>System.Void SkeletonAwake::OnTriggerEnter2D(UnityEngine.Collider2D)</Name>
              <FileRef uid="11" />
              <SequencePoints>
                <SequencePoint vc="46" uspid="422" ordinal="0" offset="0" sl="9" sc="5" el="9" ec="5" bec="0" bev="0" fileid="11" />
                <SequencePoint vc="46" uspid="423" ordinal="0" offset="1" sl="10" sc="9" el="10" ec="9" bec="0" bev="0" fileid="11" />
                <SequencePoint vc="1" uspid="424" ordinal="0" offset="21" sl="11" sc="9" el="11" ec="9" bec="0" bev="0" fileid="11" />
                <SequencePoint vc="1" uspid="425" ordinal="0" offset="22" sl="12" sc="13" el="12" ec="13" bec="0" bev="0" fileid="11" />
                <SequencePoint vc="1" uspid="426" ordinal="0" offset="34" sl="13" sc="13" el="13" ec="13" bec="0" bev="0" fileid="11" />
                <SequencePoint vc="1" uspid="427" ordinal="0" offset="47" sl="14" sc="9" el="14" ec="9" bec="0" bev="0" fileid="11" />
                <SequencePoint vc="46" uspid="428" ordinal="0" offset="48" sl="15" sc="5" el="15" ec="5" bec="0" bev="0" fileid="11" />
              </SequencePoints>
              <BranchPoints />
            </Method>
          </Methods>
        </Class>
        <Class>
          <Summary numSequencePoints="71" visitedSequencePoints="60" numBranchPoints="0" visitedBranchPoints="0" sequenceCoverage="84.51" branchCoverage="0.0" maxCyclomaticComplexity="0" minCyclomaticComplexity="0" maxCrapScore="0" minCrapScore="0" visitedClasses="1" numClasses="1" visitedMethods="4" numMethods="4" />
          <FullName>SkeletonController</FullName>
          <Methods>
            <Method visited="true" cyclomaticComplexity="0" nPathComplexity="0" sequenceCoverage="100.0" branchCoverage="0" crapScore="0" isConstructor="false" isStatic="false" isGetter="false" isSetter="false">
              <Summary numSequencePoints="14" visitedSequencePoints="14" numBranchPoints="0" visitedBranchPoints="0" sequenceCoverage="100.0" branchCoverage="0" maxCyclomaticComplexity="0" minCyclomaticComplexity="0" maxCrapScore="0" minCrapScore="0" visitedClasses="0" numClasses="0" visitedMethods="1" numMethods="1" />
              <MetadataToken>100663340</MetadataToken>
              <Name>System.Void SkeletonController::Start()</Name>
              <FileRef uid="12" />
              <SequencePoints>
                <SequencePoint vc="5" uspid="429" ordinal="0" offset="0" sl="25" sc="5" el="25" ec="5" bec="0" bev="0" fileid="12" />
                <SequencePoint vc="5" uspid="430" ordinal="0" offset="1" sl="26" sc="9" el="26" ec="9" bec="0" bev="0" fileid="12" />
                <SequencePoint vc="5" uspid="431" ordinal="0" offset="13" sl="27" sc="9" el="27" ec="9" bec="0" bev="0" fileid="12" />
                <SequencePoint vc="5" uspid="432" ordinal="0" offset="25" sl="28" sc="9" el="28" ec="9" bec="0" bev="0" fileid="12" />
                <SequencePoint vc="5" uspid="433" ordinal="0" offset="37" sl="29" sc="9" el="29" ec="9" bec="0" bev="0" fileid="12" />
                <SequencePoint vc="5" uspid="434" ordinal="0" offset="49" sl="30" sc="9" el="30" ec="9" bec="0" bev="0" fileid="12" />
                <SequencePoint vc="5" uspid="435" ordinal="0" offset="61" sl="31" sc="9" el="31" ec="9" bec="0" bev="0" fileid="12" />
                <SequencePoint vc="5" uspid="436" ordinal="0" offset="73" sl="32" sc="9" el="32" ec="9" bec="0" bev="0" fileid="12" />
                <SequencePoint vc="5" uspid="437" ordinal="0" offset="85" sl="33" sc="9" el="33" ec="9" bec="0" bev="0" fileid="12" />
                <SequencePoint vc="5" uspid="438" ordinal="0" offset="92" sl="34" sc="9" el="34" ec="9" bec="0" bev="0" fileid="12" />
                <SequencePoint vc="5" uspid="439" ordinal="0" offset="99" sl="35" sc="9" el="35" ec="9" bec="0" bev="0" fileid="12" />
                <SequencePoint vc="5" uspid="440" ordinal="0" offset="115" sl="36" sc="9" el="36" ec="9" bec="0" bev="0" fileid="12" />
                <SequencePoint vc="5" uspid="441" ordinal="0" offset="122" sl="37" sc="9" el="37" ec="9" bec="0" bev="0" fileid="12" />
                <SequencePoint vc="5" uspid="442" ordinal="0" offset="129" sl="38" sc="5" el="38" ec="5" bec="0" bev="0" fileid="12" />
              </SequencePoints>
              <BranchPoints />
            </Method>
            <Method visited="true" cyclomaticComplexity="0" nPathComplexity="0" sequenceCoverage="73.17" branchCoverage="0" crapScore="0" isConstructor="false" isStatic="false" isGetter="false" isSetter="false">
              <Summary numSequencePoints="41" visitedSequencePoints="30" numBranchPoints="0" visitedBranchPoints="0" sequenceCoverage="73.17" branchCoverage="0" maxCyclomaticComplexity="0" minCyclomaticComplexity="0" maxCrapScore="0" minCrapScore="0" visitedClasses="0" numClasses="0" visitedMethods="1" numMethods="1" />
              <MetadataToken>100663341</MetadataToken>
              <Name>System.Void SkeletonController::Update()</Name>
              <FileRef uid="12" />
              <SequencePoints>
                <SequencePoint vc="4550" uspid="443" ordinal="0" offset="0" sl="42" sc="5" el="42" ec="5" bec="0" bev="0" fileid="12" />
                <SequencePoint vc="4550" uspid="444" ordinal="0" offset="1" sl="43" sc="9" el="43" ec="9" bec="0" bev="0" fileid="12" />
                <SequencePoint vc="4550" uspid="445" ordinal="0" offset="22" sl="43" sc="32" el="43" ec="32" bec="0" bev="0" fileid="12" />
                <SequencePoint vc="4550" uspid="446" ordinal="0" offset="23" sl="44" sc="13" el="44" ec="13" bec="0" bev="0" fileid="12" />
                <SequencePoint vc="26" uspid="447" ordinal="0" offset="36" sl="45" sc="13" el="45" ec="13" bec="0" bev="0" fileid="12" />
                <SequencePoint vc="26" uspid="448" ordinal="0" offset="37" sl="46" sc="17" el="46" ec="17" bec="0" bev="0" fileid="12" />
                <SequencePoint vc="26" uspid="449" ordinal="0" offset="51" sl="47" sc="17" el="47" ec="17" bec="0" bev="0" fileid="12" />
                <SequencePoint vc="1" uspid="450" ordinal="0" offset="64" sl="48" sc="17" el="48" ec="17" bec="0" bev="0" fileid="12" />
                <SequencePoint vc="1" uspid="451" ordinal="0" offset="65" sl="49" sc="21" el="49" ec="21" bec="0" bev="0" fileid="12" />
                <SequencePoint vc="1" uspid="452" ordinal="0" offset="72" sl="50" sc="21" el="50" ec="21" bec="0" bev="0" fileid="12" />
                <SequencePoint vc="1" uspid="453" ordinal="0" offset="90" sl="51" sc="21" el="51" ec="21" bec="0" bev="0" fileid="12" />
                <SequencePoint vc="1" uspid="454" ordinal="0" offset="102" sl="52" sc="21" el="52" ec="21" bec="0" bev="0" fileid="12" />
                <SequencePoint vc="1" uspid="455" ordinal="0" offset="114" sl="53" sc="17" el="53" ec="17" bec="0" bev="0" fileid="12" />
                <SequencePoint vc="26" uspid="456" ordinal="0" offset="115" sl="54" sc="13" el="54" ec="13" bec="0" bev="0" fileid="12" />
                <SequencePoint vc="4550" uspid="457" ordinal="0" offset="116" sl="55" sc="13" el="55" ec="13" bec="0" bev="0" fileid="12" />
                <SequencePoint vc="37" uspid="458" ordinal="0" offset="129" sl="56" sc="13" el="56" ec="13" bec="0" bev="0" fileid="12" />
                <SequencePoint vc="37" uspid="459" ordinal="0" offset="130" sl="57" sc="17" el="57" ec="17" bec="0" bev="0" fileid="12" />
                <SequencePoint vc="37" uspid="460" ordinal="0" offset="151" sl="58" sc="17" el="58" ec="17" bec="0" bev="0" fileid="12" />
                <SequencePoint vc="37" uspid="461" ordinal="0" offset="152" sl="59" sc="21" el="59" ec="21" bec="0" bev="0" fileid="12" />
                <SequencePoint vc="37" uspid="462" ordinal="0" offset="203" sl="59" sc="105" el="59" ec="105" bec="0" bev="0" fileid="12" />
                <SequencePoint vc="37" uspid="463" ordinal="0" offset="204" sl="60" sc="25" el="60" ec="25" bec="0" bev="0" fileid="12" />
                <SequencePoint vc="37" uspid="464" ordinal="0" offset="217" sl="61" sc="25" el="61" ec="25" bec="0" bev="0" fileid="12" />
                <SequencePoint vc="37" uspid="465" ordinal="0" offset="257" sl="62" sc="21" el="62" ec="21" bec="0" bev="0" fileid="12" />
                <SequencePoint vc="0" uspid="466" ordinal="0" offset="260" sl="64" sc="21" el="64" ec="21" bec="0" bev="0" fileid="12" />
                <SequencePoint vc="0" uspid="467" ordinal="0" offset="261" sl="65" sc="25" el="65" ec="25" bec="0" bev="0" fileid="12" />
                <SequencePoint vc="0" uspid="468" ordinal="0" offset="274" sl="66" sc="25" el="66" ec="25" bec="0" bev="0" fileid="12" />
                <SequencePoint vc="0" uspid="469" ordinal="0" offset="315" sl="68" sc="21" el="68" ec="21" bec="0" bev="0" fileid="12" />
                <SequencePoint vc="37" uspid="470" ordinal="0" offset="316" sl="70" sc="17" el="70" ec="17" bec="0" bev="0" fileid="12" />
                <SequencePoint vc="0" uspid="471" ordinal="0" offset="319" sl="72" sc="17" el="72" ec="17" bec="0" bev="0" fileid="12" />
                <SequencePoint vc="0" uspid="472" ordinal="0" offset="320" sl="73" sc="21" el="73" ec="21" bec="0" bev="0" fileid="12" />
                <SequencePoint vc="0" uspid="473" ordinal="0" offset="332" sl="74" sc="21" el="74" ec="21" bec="0" bev="0" fileid="12" />
                <SequencePoint vc="0" uspid="474" ordinal="0" offset="349" sl="75" sc="17" el="75" ec="17" bec="0" bev="0" fileid="12" />
                <SequencePoint vc="37" uspid="475" ordinal="0" offset="350" sl="76" sc="13" el="76" ec="13" bec="0" bev="0" fileid="12" />
                <SequencePoint vc="4513" uspid="476" ordinal="0" offset="353" sl="78" sc="13" el="78" ec="13" bec="0" bev="0" fileid="12" />
                <SequencePoint vc="4513" uspid="477" ordinal="0" offset="354" sl="79" sc="17" el="79" ec="17" bec="0" bev="0" fileid="12" />
                <SequencePoint vc="4513" uspid="478" ordinal="0" offset="370" sl="80" sc="13" el="80" ec="13" bec="0" bev="0" fileid="12" />
                <SequencePoint vc="4550" uspid="479" ordinal="0" offset="371" sl="81" sc="9" el="81" ec="9" bec="0" bev="0" fileid="12" />
                <SequencePoint vc="0" uspid="480" ordinal="0" offset="374" sl="83" sc="9" el="83" ec="9" bec="0" bev="0" fileid="12" />
                <SequencePoint vc="0" uspid="481" ordinal="0" offset="375" sl="84" sc="13" el="84" ec="13" bec="0" bev="0" fileid="12" />
                <SequencePoint vc="0" uspid="482" ordinal="0" offset="382" sl="85" sc="9" el="85" ec="9" bec="0" bev="0" fileid="12" />
                <SequencePoint vc="4550" uspid="483" ordinal="0" offset="383" sl="86" sc="5" el="86" ec="5" bec="0" bev="0" fileid="12" />
              </SequencePoints>
              <BranchPoints />
            </Method>
            <Method visited="true" cyclomaticComplexity="0" nPathComplexity="0" sequenceCoverage="100.0" branchCoverage="0" crapScore="0" isConstructor="false" isStatic="false" isGetter="false" isSetter="false">
              <Summary numSequencePoints="6" visitedSequencePoints="6" numBranchPoints="0" visitedBranchPoints="0" sequenceCoverage="100.0" branchCoverage="0" maxCyclomaticComplexity="0" minCyclomaticComplexity="0" maxCrapScore="0" minCrapScore="0" visitedClasses="0" numClasses="0" visitedMethods="1" numMethods="1" />
              <MetadataToken>100663342</MetadataToken>
              <Name>System.Void SkeletonController::OnTriggerEnter2D(UnityEngine.Collider2D)</Name>
              <FileRef uid="12" />
              <SequencePoints>
                <SequencePoint vc="79" uspid="484" ordinal="0" offset="0" sl="89" sc="5" el="89" ec="5" bec="0" bev="0" fileid="12" />
                <SequencePoint vc="79" uspid="485" ordinal="0" offset="1" sl="90" sc="9" el="90" ec="9" bec="0" bev="0" fileid="12" />
                <SequencePoint vc="1" uspid="486" ordinal="0" offset="21" sl="91" sc="9" el="91" ec="9" bec="0" bev="0" fileid="12" />
                <SequencePoint vc="1" uspid="487" ordinal="0" offset="22" sl="92" sc="13" el="92" ec="13" bec="0" bev="0" fileid="12" />
                <SequencePoint vc="1" uspid="488" ordinal="0" offset="40" sl="93" sc="9" el="93" ec="9" bec="0" bev="0" fileid="12" />
                <SequencePoint vc="79" uspid="489" ordinal="0" offset="41" sl="94" sc="5" el="94" ec="5" bec="0" bev="0" fileid="12" />
              </SequencePoints>
              <BranchPoints />
            </Method>
            <Method visited="true" cyclomaticComplexity="0" nPathComplexity="0" sequenceCoverage="100.0" branchCoverage="0" crapScore="0" isConstructor="false" isStatic="false" isGetter="false" isSetter="false">
              <Summary numSequencePoints="10" visitedSequencePoints="10" numBranchPoints="0" visitedBranchPoints="0" sequenceCoverage="100.0" branchCoverage="0" maxCyclomaticComplexity="0" minCyclomaticComplexity="0" maxCrapScore="0" minCrapScore="0" visitedClasses="0" numClasses="0" visitedMethods="1" numMethods="1" />
              <MetadataToken>100663343</MetadataToken>
              <Name>System.Void SkeletonController::WakeUp()</Name>
              <FileRef uid="12" />
              <SequencePoints>
                <SequencePoint vc="1" uspid="490" ordinal="0" offset="0" sl="97" sc="5" el="97" ec="5" bec="0" bev="0" fileid="12" />
                <SequencePoint vc="1" uspid="491" ordinal="0" offset="1" sl="98" sc="9" el="98" ec="9" bec="0" bev="0" fileid="12" />
                <SequencePoint vc="1" uspid="492" ordinal="0" offset="8" sl="99" sc="9" el="99" ec="9" bec="0" bev="0" fileid="12" />
                <SequencePoint vc="1" uspid="493" ordinal="0" offset="26" sl="100" sc="9" el="100" ec="9" bec="0" bev="0" fileid="12" />
                <SequencePoint vc="1" uspid="494" ordinal="0" offset="34" sl="101" sc="9" el="101" ec="9" bec="0" bev="0" fileid="12" />
                <SequencePoint vc="1" uspid="495" ordinal="0" offset="45" sl="102" sc="9" el="102" ec="9" bec="0" bev="0" fileid="12" />
                <SequencePoint vc="1" uspid="496" ordinal="0" offset="54" sl="103" sc="9" el="103" ec="9" bec="0" bev="0" fileid="12" />
                <SequencePoint vc="1" uspid="497" ordinal="0" offset="55" sl="104" sc="13" el="104" ec="13" bec="0" bev="0" fileid="12" />
                <SequencePoint vc="1" uspid="498" ordinal="0" offset="64" sl="105" sc="9" el="105" ec="9" bec="0" bev="0" fileid="12" />
                <SequencePoint vc="1" uspid="499" ordinal="0" offset="65" sl="106" sc="5" el="106" ec="5" bec="0" bev="0" fileid="12" />
              </SequencePoints>
              <BranchPoints />
            </Method>
          </Methods>
        </Class>
      </Classes>
    </Module>
  </Modules>
</CoverageSession>