<?xml version="1.0" encoding="utf-8"?>
<CoverageSession xmlns:xsd="http://www.w3.org/2001/XMLSchema" xmlns:xsi="http://www.w3.org/2001/XMLSchema-instance" Version="0.0.0.0">
  <Summary numSequencePoints="700" visitedSequencePoints="300" numBranchPoints="0" visitedBranchPoints="0" sequenceCoverage="42.86" branchCoverage="0.0" maxCyclomaticComplexity="0" minCyclomaticComplexity="0" maxCrapScore="0" minCrapScore="0" visitedClasses="22" numClasses="33" visitedMethods="44" numMethods="67" />
  <Modules>
    <Module>
      <Summary numSequencePoints="559" visitedSequencePoints="237" numBranchPoints="0" visitedBranchPoints="0" sequenceCoverage="42.40" branchCoverage="0.0" maxCyclomaticComplexity="0" minCyclomaticComplexity="0" maxCrapScore="0" minCrapScore="0" visitedClasses="13" numClasses="16" visitedMethods="32" numMethods="47" />
      <ModuleTime>0001-01-01T00:00:00</ModuleTime>
      <ModuleName>GameAssembly</ModuleName>
      <Files>
        <File uid="1" fullPath="C:/Users/William Brett/Documents/GitHub/DuskVale/Assets/Scripts/BulletManager.cs" />
        <File uid="2" fullPath="C:/Users/William Brett/Documents/GitHub/DuskVale/Assets/Scripts/CameraController.cs" />
        <File uid="3" fullPath="C:/Users/William Brett/Documents/GitHub/DuskVale/Assets/Scripts/CellPathway.cs" />
        <File uid="4" fullPath="C:/Users/William Brett/Documents/GitHub/DuskVale/Assets/Scripts/ExitButton.cs" />
        <File uid="5" fullPath="C:/Users/William Brett/Documents/GitHub/DuskVale/Assets/Scripts/HealthManager.cs" />
        <File uid="6" fullPath="C:/Users/William Brett/Documents/GitHub/DuskVale/Assets/Scripts/LoadChecker.cs" />
        <File uid="7" fullPath="C:/Users/William Brett/Documents/GitHub/DuskVale/Assets/Scripts/LoadManager.cs" />
        <File uid="8" fullPath="C:/Users/William Brett/Documents/GitHub/DuskVale/Assets/Scripts/MainMenuParallax.cs" />
        <File uid="9" fullPath="C:/Users/William Brett/Documents/GitHub/DuskVale/Assets/Scripts/MainMenuStart.cs" />
        <File uid="10" fullPath="C:/Users/William Brett/Documents/GitHub/DuskVale/Assets/Scripts/MetadataRecord.cs" />
        <File uid="11" fullPath="C:/Users/William Brett/Documents/GitHub/DuskVale/Assets/Scripts/PlatformEffector.cs" />
        <File uid="12" fullPath="C:/Users/William Brett/Documents/GitHub/DuskVale/Assets/Scripts/PlayerController.cs" />
        <File uid="13" fullPath="C:/Users/William Brett/Documents/GitHub/DuskVale/Assets/Scripts/PlayerRecord.cs" />
        <File uid="14" fullPath="C:/Users/William Brett/Documents/GitHub/DuskVale/Assets/Scripts/SaveManager.cs" />
        <File uid="15" fullPath="C:/Users/William Brett/Documents/GitHub/DuskVale/Assets/Scripts/SkeletonAwake.cs" />
        <File uid="16" fullPath="C:/Users/William Brett/Documents/GitHub/DuskVale/Assets/Scripts/SkeletonController.cs" />
      </Files>
      <Classes>
        <Class>
          <Summary numSequencePoints="25" visitedSequencePoints="0" numBranchPoints="0" visitedBranchPoints="0" sequenceCoverage="0.0" branchCoverage="0.0" maxCyclomaticComplexity="0" minCyclomaticComplexity="0" maxCrapScore="0" minCrapScore="0" visitedClasses="0" numClasses="1" visitedMethods="0" numMethods="3" />
          <FullName>BulletManager</FullName>
          <Methods>
            <Method visited="false" cyclomaticComplexity="0" nPathComplexity="0" sequenceCoverage="0.0" branchCoverage="0" crapScore="0" isConstructor="false" isStatic="false" isGetter="false" isSetter="false">
              <Summary numSequencePoints="12" visitedSequencePoints="0" numBranchPoints="0" visitedBranchPoints="0" sequenceCoverage="0.0" branchCoverage="0" maxCyclomaticComplexity="0" minCyclomaticComplexity="0" maxCrapScore="0" minCrapScore="0" visitedClasses="0" numClasses="0" visitedMethods="0" numMethods="1" />
              <MetadataToken>100663297</MetadataToken>
              <Name>System.Void BulletManager::Start()</Name>
              <FileRef uid="1" />
              <SequencePoints>
                <SequencePoint vc="0" uspid="1" ordinal="0" offset="0" sl="18" sc="0" el="18" ec="0" bec="0" bev="0" fileid="1" />
                <SequencePoint vc="0" uspid="2" ordinal="0" offset="1" sl="19" sc="0" el="19" ec="0" bec="0" bev="0" fileid="1" />
                <SequencePoint vc="0" uspid="3" ordinal="0" offset="13" sl="20" sc="0" el="20" ec="0" bec="0" bev="0" fileid="1" />
                <SequencePoint vc="0" uspid="4" ordinal="0" offset="25" sl="21" sc="0" el="21" ec="0" bec="0" bev="0" fileid="1" />
                <SequencePoint vc="0" uspid="5" ordinal="0" offset="52" sl="22" sc="0" el="22" ec="0" bec="0" bev="0" fileid="1" />
                <SequencePoint vc="0" uspid="6" ordinal="0" offset="53" sl="23" sc="0" el="23" ec="0" bec="0" bev="0" fileid="1" />
                <SequencePoint vc="0" uspid="7" ordinal="0" offset="66" sl="24" sc="0" el="24" ec="0" bec="0" bev="0" fileid="1" />
                <SequencePoint vc="0" uspid="8" ordinal="0" offset="94" sl="25" sc="0" el="25" ec="0" bec="0" bev="0" fileid="1" />
                <SequencePoint vc="0" uspid="9" ordinal="0" offset="97" sl="27" sc="0" el="27" ec="0" bec="0" bev="0" fileid="1" />
                <SequencePoint vc="0" uspid="10" ordinal="0" offset="98" sl="28" sc="0" el="28" ec="0" bec="0" bev="0" fileid="1" />
                <SequencePoint vc="0" uspid="11" ordinal="0" offset="125" sl="29" sc="0" el="29" ec="0" bec="0" bev="0" fileid="1" />
                <SequencePoint vc="0" uspid="12" ordinal="0" offset="126" sl="31" sc="0" el="31" ec="0" bec="0" bev="0" fileid="1" />
              </SequencePoints>
              <BranchPoints />
            </Method>
            <Method visited="false" cyclomaticComplexity="0" nPathComplexity="0" sequenceCoverage="0.0" branchCoverage="0" crapScore="0" isConstructor="false" isStatic="false" isGetter="false" isSetter="false">
              <Summary numSequencePoints="3" visitedSequencePoints="0" numBranchPoints="0" visitedBranchPoints="0" sequenceCoverage="0.0" branchCoverage="0" maxCyclomaticComplexity="0" minCyclomaticComplexity="0" maxCrapScore="0" minCrapScore="0" visitedClasses="0" numClasses="0" visitedMethods="0" numMethods="1" />
              <MetadataToken>100663298</MetadataToken>
              <Name>System.Void BulletManager::Update()</Name>
              <FileRef uid="1" />
              <SequencePoints>
                <SequencePoint vc="0" uspid="13" ordinal="0" offset="0" sl="35" sc="0" el="35" ec="0" bec="0" bev="0" fileid="1" />
                <SequencePoint vc="0" uspid="14" ordinal="0" offset="1" sl="36" sc="0" el="36" ec="0" bec="0" bev="0" fileid="1" />
                <SequencePoint vc="0" uspid="15" ordinal="0" offset="30" sl="37" sc="0" el="37" ec="0" bec="0" bev="0" fileid="1" />
              </SequencePoints>
              <BranchPoints />
            </Method>
            <Method visited="false" cyclomaticComplexity="0" nPathComplexity="0" sequenceCoverage="0.0" branchCoverage="0" crapScore="0" isConstructor="false" isStatic="false" isGetter="false" isSetter="false">
              <Summary numSequencePoints="10" visitedSequencePoints="0" numBranchPoints="0" visitedBranchPoints="0" sequenceCoverage="0.0" branchCoverage="0" maxCyclomaticComplexity="0" minCyclomaticComplexity="0" maxCrapScore="0" minCrapScore="0" visitedClasses="0" numClasses="0" visitedMethods="0" numMethods="1" />
              <MetadataToken>100663299</MetadataToken>
              <Name>System.Void BulletManager::OnTriggerEnter2D(UnityEngine.Collider2D)</Name>
              <FileRef uid="1" />
              <SequencePoints>
                <SequencePoint vc="0" uspid="16" ordinal="0" offset="0" sl="55" sc="0" el="55" ec="0" bec="0" bev="0" fileid="1" />
                <SequencePoint vc="0" uspid="17" ordinal="0" offset="1" sl="56" sc="0" el="56" ec="0" bec="0" bev="0" fileid="1" />
                <SequencePoint vc="0" uspid="18" ordinal="0" offset="21" sl="57" sc="0" el="57" ec="0" bec="0" bev="0" fileid="1" />
                <SequencePoint vc="0" uspid="19" ordinal="0" offset="22" sl="58" sc="0" el="58" ec="0" bec="0" bev="0" fileid="1" />
                <SequencePoint vc="0" uspid="20" ordinal="0" offset="35" sl="59" sc="0" el="59" ec="0" bec="0" bev="0" fileid="1" />
                <SequencePoint vc="0" uspid="21" ordinal="0" offset="36" sl="61" sc="0" el="61" ec="0" bec="0" bev="0" fileid="1" />
                <SequencePoint vc="0" uspid="22" ordinal="0" offset="77" sl="62" sc="0" el="62" ec="0" bec="0" bev="0" fileid="1" />
                <SequencePoint vc="0" uspid="23" ordinal="0" offset="78" sl="63" sc="0" el="63" ec="0" bec="0" bev="0" fileid="1" />
                <SequencePoint vc="0" uspid="24" ordinal="0" offset="90" sl="64" sc="0" el="64" ec="0" bec="0" bev="0" fileid="1" />
                <SequencePoint vc="0" uspid="25" ordinal="0" offset="91" sl="65" sc="0" el="65" ec="0" bec="0" bev="0" fileid="1" />
              </SequencePoints>
              <BranchPoints />
            </Method>
          </Methods>
        </Class>
        <Class>
          <Summary numSequencePoints="61" visitedSequencePoints="37" numBranchPoints="0" visitedBranchPoints="0" sequenceCoverage="60.66" branchCoverage="0.0" maxCyclomaticComplexity="0" minCyclomaticComplexity="0" maxCrapScore="0" minCrapScore="0" visitedClasses="1" numClasses="1" visitedMethods="2" numMethods="2" />
          <FullName>CameraController</FullName>
          <Methods>
            <Method visited="true" cyclomaticComplexity="0" nPathComplexity="0" sequenceCoverage="57.14" branchCoverage="0" crapScore="0" isConstructor="false" isStatic="false" isGetter="false" isSetter="false">
              <Summary numSequencePoints="35" visitedSequencePoints="20" numBranchPoints="0" visitedBranchPoints="0" sequenceCoverage="57.14" branchCoverage="0" maxCyclomaticComplexity="0" minCyclomaticComplexity="0" maxCrapScore="0" minCrapScore="0" visitedClasses="0" numClasses="0" visitedMethods="1" numMethods="1" />
              <MetadataToken>100663301</MetadataToken>
              <Name>System.Void CameraController::Start()</Name>
              <FileRef uid="2" />
              <SequencePoints>
                <SequencePoint vc="2" uspid="26" ordinal="0" offset="0" sl="23" sc="5" el="23" ec="5" bec="0" bev="0" fileid="2" />
                <SequencePoint vc="2" uspid="27" ordinal="0" offset="1" sl="24" sc="9" el="24" ec="9" bec="0" bev="0" fileid="2" />
                <SequencePoint vc="2" uspid="28" ordinal="0" offset="13" sl="25" sc="9" el="25" ec="9" bec="0" bev="0" fileid="2" />
                <SequencePoint vc="2" uspid="29" ordinal="0" offset="29" sl="26" sc="9" el="26" ec="9" bec="0" bev="0" fileid="2" />
                <SequencePoint vc="2" uspid="30" ordinal="0" offset="43" sl="27" sc="9" el="27" ec="9" bec="0" bev="0" fileid="2" />
                <SequencePoint vc="2" uspid="31" ordinal="0" offset="44" sl="28" sc="13" el="28" ec="13" bec="0" bev="0" fileid="2" />
                <SequencePoint vc="2" uspid="32" ordinal="0" offset="63" sl="29" sc="9" el="29" ec="9" bec="0" bev="0" fileid="2" />
                <SequencePoint vc="0" uspid="33" ordinal="0" offset="66" sl="31" sc="9" el="31" ec="9" bec="0" bev="0" fileid="2" />
                <SequencePoint vc="0" uspid="34" ordinal="0" offset="67" sl="32" sc="13" el="32" ec="13" bec="0" bev="0" fileid="2" />
                <SequencePoint vc="0" uspid="35" ordinal="0" offset="79" sl="33" sc="9" el="33" ec="9" bec="0" bev="0" fileid="2" />
                <SequencePoint vc="2" uspid="36" ordinal="0" offset="80" sl="35" sc="9" el="35" ec="9" bec="0" bev="0" fileid="2" />
                <SequencePoint vc="2" uspid="37" ordinal="0" offset="96" sl="36" sc="9" el="36" ec="9" bec="0" bev="0" fileid="2" />
                <SequencePoint vc="2" uspid="38" ordinal="0" offset="110" sl="37" sc="9" el="37" ec="9" bec="0" bev="0" fileid="2" />
                <SequencePoint vc="2" uspid="39" ordinal="0" offset="111" sl="38" sc="13" el="38" ec="13" bec="0" bev="0" fileid="2" />
                <SequencePoint vc="2" uspid="40" ordinal="0" offset="135" sl="39" sc="13" el="39" ec="13" bec="0" bev="0" fileid="2" />
                <SequencePoint vc="2" uspid="41" ordinal="0" offset="159" sl="40" sc="13" el="40" ec="13" bec="0" bev="0" fileid="2" />
                <SequencePoint vc="2" uspid="42" ordinal="0" offset="183" sl="41" sc="13" el="41" ec="13" bec="0" bev="0" fileid="2" />
                <SequencePoint vc="2" uspid="43" ordinal="0" offset="207" sl="42" sc="9" el="42" ec="9" bec="0" bev="0" fileid="2" />
                <SequencePoint vc="2" uspid="44" ordinal="0" offset="208" sl="44" sc="9" el="44" ec="9" bec="0" bev="0" fileid="2" />
                <SequencePoint vc="0" uspid="45" ordinal="0" offset="224" sl="45" sc="9" el="45" ec="9" bec="0" bev="0" fileid="2" />
                <SequencePoint vc="0" uspid="46" ordinal="0" offset="225" sl="46" sc="13" el="46" ec="13" bec="0" bev="0" fileid="2" />
                <SequencePoint vc="0" uspid="47" ordinal="0" offset="236" sl="47" sc="9" el="47" ec="9" bec="0" bev="0" fileid="2" />
                <SequencePoint vc="2" uspid="48" ordinal="0" offset="237" sl="48" sc="9" el="48" ec="9" bec="0" bev="0" fileid="2" />
                <SequencePoint vc="0" uspid="49" ordinal="0" offset="253" sl="49" sc="9" el="49" ec="9" bec="0" bev="0" fileid="2" />
                <SequencePoint vc="0" uspid="50" ordinal="0" offset="254" sl="50" sc="13" el="50" ec="13" bec="0" bev="0" fileid="2" />
                <SequencePoint vc="0" uspid="51" ordinal="0" offset="265" sl="51" sc="9" el="51" ec="9" bec="0" bev="0" fileid="2" />
                <SequencePoint vc="2" uspid="52" ordinal="0" offset="266" sl="52" sc="9" el="52" ec="9" bec="0" bev="0" fileid="2" />
                <SequencePoint vc="0" uspid="53" ordinal="0" offset="284" sl="53" sc="9" el="53" ec="9" bec="0" bev="0" fileid="2" />
                <SequencePoint vc="0" uspid="54" ordinal="0" offset="285" sl="54" sc="13" el="54" ec="13" bec="0" bev="0" fileid="2" />
                <SequencePoint vc="0" uspid="55" ordinal="0" offset="296" sl="55" sc="9" el="55" ec="9" bec="0" bev="0" fileid="2" />
                <SequencePoint vc="2" uspid="56" ordinal="0" offset="297" sl="56" sc="9" el="56" ec="9" bec="0" bev="0" fileid="2" />
                <SequencePoint vc="0" uspid="57" ordinal="0" offset="315" sl="57" sc="9" el="57" ec="9" bec="0" bev="0" fileid="2" />
                <SequencePoint vc="0" uspid="58" ordinal="0" offset="316" sl="58" sc="13" el="58" ec="13" bec="0" bev="0" fileid="2" />
                <SequencePoint vc="0" uspid="59" ordinal="0" offset="327" sl="59" sc="9" el="59" ec="9" bec="0" bev="0" fileid="2" />
                <SequencePoint vc="2" uspid="60" ordinal="0" offset="328" sl="60" sc="5" el="60" ec="5" bec="0" bev="0" fileid="2" />
              </SequencePoints>
              <BranchPoints />
            </Method>
            <Method visited="true" cyclomaticComplexity="0" nPathComplexity="0" sequenceCoverage="65.38" branchCoverage="0" crapScore="0" isConstructor="false" isStatic="false" isGetter="false" isSetter="false">
              <Summary numSequencePoints="26" visitedSequencePoints="17" numBranchPoints="0" visitedBranchPoints="0" sequenceCoverage="65.38" branchCoverage="0" maxCyclomaticComplexity="0" minCyclomaticComplexity="0" maxCrapScore="0" minCrapScore="0" visitedClasses="0" numClasses="0" visitedMethods="1" numMethods="1" />
              <MetadataToken>100663302</MetadataToken>
              <Name>System.Void CameraController::Update()</Name>
              <FileRef uid="2" />
              <SequencePoints>
                <SequencePoint vc="6095" uspid="61" ordinal="0" offset="0" sl="66" sc="5" el="66" ec="5" bec="0" bev="0" fileid="2" />
                <SequencePoint vc="6095" uspid="62" ordinal="0" offset="1" sl="67" sc="9" el="67" ec="9" bec="0" bev="0" fileid="2" />
                <SequencePoint vc="6095" uspid="63" ordinal="0" offset="23" sl="68" sc="9" el="68" ec="9" bec="0" bev="0" fileid="2" />
                <SequencePoint vc="6095" uspid="64" ordinal="0" offset="45" sl="70" sc="9" el="70" ec="9" bec="0" bev="0" fileid="2" />
                <SequencePoint vc="0" uspid="65" ordinal="0" offset="66" sl="71" sc="9" el="71" ec="9" bec="0" bev="0" fileid="2" />
                <SequencePoint vc="0" uspid="66" ordinal="0" offset="67" sl="72" sc="13" el="72" ec="13" bec="0" bev="0" fileid="2" />
                <SequencePoint vc="0" uspid="67" ordinal="0" offset="79" sl="73" sc="9" el="73" ec="9" bec="0" bev="0" fileid="2" />
                <SequencePoint vc="6095" uspid="68" ordinal="0" offset="82" sl="74" sc="14" el="74" ec="14" bec="0" bev="0" fileid="2" />
                <SequencePoint vc="169" uspid="69" ordinal="0" offset="105" sl="75" sc="9" el="75" ec="9" bec="0" bev="0" fileid="2" />
                <SequencePoint vc="169" uspid="70" ordinal="0" offset="106" sl="76" sc="13" el="76" ec="13" bec="0" bev="0" fileid="2" />
                <SequencePoint vc="169" uspid="71" ordinal="0" offset="118" sl="77" sc="9" el="77" ec="9" bec="0" bev="0" fileid="2" />
                <SequencePoint vc="6095" uspid="72" ordinal="0" offset="119" sl="78" sc="9" el="78" ec="9" bec="0" bev="0" fileid="2" />
                <SequencePoint vc="0" uspid="73" ordinal="0" offset="142" sl="79" sc="9" el="79" ec="9" bec="0" bev="0" fileid="2" />
                <SequencePoint vc="0" uspid="74" ordinal="0" offset="143" sl="80" sc="13" el="80" ec="13" bec="0" bev="0" fileid="2" />
                <SequencePoint vc="0" uspid="75" ordinal="0" offset="155" sl="81" sc="9" el="81" ec="9" bec="0" bev="0" fileid="2" />
                <SequencePoint vc="6095" uspid="76" ordinal="0" offset="158" sl="82" sc="14" el="82" ec="14" bec="0" bev="0" fileid="2" />
                <SequencePoint vc="0" uspid="77" ordinal="0" offset="181" sl="83" sc="9" el="83" ec="9" bec="0" bev="0" fileid="2" />
                <SequencePoint vc="0" uspid="78" ordinal="0" offset="182" sl="84" sc="13" el="84" ec="13" bec="0" bev="0" fileid="2" />
                <SequencePoint vc="0" uspid="79" ordinal="0" offset="194" sl="85" sc="9" el="85" ec="9" bec="0" bev="0" fileid="2" />
                <SequencePoint vc="6095" uspid="80" ordinal="0" offset="195" sl="87" sc="9" el="87" ec="9" bec="0" bev="0" fileid="2" />
                <SequencePoint vc="6095" uspid="81" ordinal="0" offset="230" sl="88" sc="9" el="88" ec="9" bec="0" bev="0" fileid="2" />
                <SequencePoint vc="6095" uspid="82" ordinal="0" offset="265" sl="89" sc="9" el="89" ec="9" bec="0" bev="0" fileid="2" />
                <SequencePoint vc="6095" uspid="83" ordinal="0" offset="341" sl="90" sc="9" el="90" ec="9" bec="0" bev="0" fileid="2" />
                <SequencePoint vc="6095" uspid="84" ordinal="0" offset="354" sl="91" sc="9" el="91" ec="9" bec="0" bev="0" fileid="2" />
                <SequencePoint vc="6095" uspid="85" ordinal="0" offset="432" sl="92" sc="9" el="92" ec="9" bec="0" bev="0" fileid="2" />
                <SequencePoint vc="6095" uspid="86" ordinal="0" offset="445" sl="94" sc="5" el="94" ec="5" bec="0" bev="0" fileid="2" />
              </SequencePoints>
              <BranchPoints />
            </Method>
          </Methods>
        </Class>
        <Class>
          <Summary numSequencePoints="11" visitedSequencePoints="3" numBranchPoints="0" visitedBranchPoints="0" sequenceCoverage="27.27" branchCoverage="0.0" maxCyclomaticComplexity="0" minCyclomaticComplexity="0" maxCrapScore="0" minCrapScore="0" visitedClasses="1" numClasses="1" visitedMethods="1" numMethods="1" />
          <FullName>CellPathway</FullName>
          <Methods>
            <Method visited="true" cyclomaticComplexity="0" nPathComplexity="0" sequenceCoverage="27.27" branchCoverage="0" crapScore="0" isConstructor="false" isStatic="false" isGetter="false" isSetter="false">
              <Summary numSequencePoints="11" visitedSequencePoints="3" numBranchPoints="0" visitedBranchPoints="0" sequenceCoverage="27.27" branchCoverage="0" maxCyclomaticComplexity="0" minCyclomaticComplexity="0" maxCrapScore="0" minCrapScore="0" visitedClasses="0" numClasses="0" visitedMethods="1" numMethods="1" />
              <MetadataToken>100663304</MetadataToken>
              <Name>System.Void CellPathway::OnTriggerEnter2D(UnityEngine.Collider2D)</Name>
              <FileRef uid="3" />
              <SequencePoints>
                <SequencePoint vc="2" uspid="87" ordinal="0" offset="0" sl="13" sc="5" el="13" ec="5" bec="0" bev="0" fileid="3" />
                <SequencePoint vc="2" uspid="88" ordinal="0" offset="1" sl="14" sc="9" el="14" ec="9" bec="0" bev="0" fileid="3" />
                <SequencePoint vc="0" uspid="89" ordinal="0" offset="21" sl="15" sc="9" el="15" ec="9" bec="0" bev="0" fileid="3" />
                <SequencePoint vc="0" uspid="90" ordinal="0" offset="22" sl="16" sc="13" el="16" ec="13" bec="0" bev="0" fileid="3" />
                <SequencePoint vc="0" uspid="91" ordinal="0" offset="38" sl="17" sc="13" el="17" ec="13" bec="0" bev="0" fileid="3" />
                <SequencePoint vc="0" uspid="92" ordinal="0" offset="52" sl="18" sc="13" el="18" ec="13" bec="0" bev="0" fileid="3" />
                <SequencePoint vc="0" uspid="93" ordinal="0" offset="53" sl="19" sc="17" el="19" ec="17" bec="0" bev="0" fileid="3" />
                <SequencePoint vc="0" uspid="94" ordinal="0" offset="77" sl="21" sc="17" el="21" ec="17" bec="0" bev="0" fileid="3" />
                <SequencePoint vc="0" uspid="95" ordinal="0" offset="89" sl="22" sc="13" el="22" ec="13" bec="0" bev="0" fileid="3" />
                <SequencePoint vc="0" uspid="96" ordinal="0" offset="90" sl="23" sc="9" el="23" ec="9" bec="0" bev="0" fileid="3" />
                <SequencePoint vc="2" uspid="97" ordinal="0" offset="91" sl="25" sc="5" el="25" ec="5" bec="0" bev="0" fileid="3" />
              </SequencePoints>
              <BranchPoints />
            </Method>
          </Methods>
        </Class>
        <Class>
          <Summary numSequencePoints="1" visitedSequencePoints="0" numBranchPoints="0" visitedBranchPoints="0" sequenceCoverage="0.0" branchCoverage="0.0" maxCyclomaticComplexity="0" minCyclomaticComplexity="0" maxCrapScore="0" minCrapScore="0" visitedClasses="0" numClasses="1" visitedMethods="0" numMethods="1" />
          <FullName>ExitButton</FullName>
          <Methods>
            <Method visited="false" cyclomaticComplexity="0" nPathComplexity="0" sequenceCoverage="0.0" branchCoverage="0" crapScore="0" isConstructor="false" isStatic="false" isGetter="false" isSetter="false">
              <Summary numSequencePoints="1" visitedSequencePoints="0" numBranchPoints="0" visitedBranchPoints="0" sequenceCoverage="0.0" branchCoverage="0" maxCyclomaticComplexity="0" minCyclomaticComplexity="0" maxCrapScore="0" minCrapScore="0" visitedClasses="0" numClasses="0" visitedMethods="0" numMethods="1" />
              <MetadataToken>100663306</MetadataToken>
              <Name>System.Void ExitButton::ExitGame()</Name>
              <FileRef uid="4" />
              <SequencePoints>
                <SequencePoint vc="0" uspid="98" ordinal="0" offset="0" sl="7" sc="0" el="7" ec="0" bec="0" bev="0" fileid="4" />
              </SequencePoints>
              <BranchPoints />
            </Method>
          </Methods>
        </Class>
        <Class>
          <Summary numSequencePoints="39" visitedSequencePoints="13" numBranchPoints="0" visitedBranchPoints="0" sequenceCoverage="33.33" branchCoverage="0.0" maxCyclomaticComplexity="0" minCyclomaticComplexity="0" maxCrapScore="0" minCrapScore="0" visitedClasses="1" numClasses="1" visitedMethods="2" numMethods="3" />
          <FullName>HealthManager</FullName>
          <Methods>
            <Method visited="true" cyclomaticComplexity="0" nPathComplexity="0" sequenceCoverage="100.0" branchCoverage="0" crapScore="0" isConstructor="false" isStatic="false" isGetter="false" isSetter="false">
              <Summary numSequencePoints="6" visitedSequencePoints="6" numBranchPoints="0" visitedBranchPoints="0" sequenceCoverage="100.0" branchCoverage="0" maxCyclomaticComplexity="0" minCyclomaticComplexity="0" maxCrapScore="0" minCrapScore="0" visitedClasses="0" numClasses="0" visitedMethods="1" numMethods="1" />
              <MetadataToken>100663308</MetadataToken>
              <Name>System.Void HealthManager::Start()</Name>
              <FileRef uid="5" />
              <SequencePoints>
                <SequencePoint vc="3" uspid="99" ordinal="0" offset="0" sl="15" sc="5" el="15" ec="5" bec="0" bev="0" fileid="5" />
                <SequencePoint vc="3" uspid="100" ordinal="0" offset="1" sl="16" sc="9" el="16" ec="9" bec="0" bev="0" fileid="5" />
                <SequencePoint vc="3" uspid="101" ordinal="0" offset="13" sl="17" sc="9" el="17" ec="9" bec="0" bev="0" fileid="5" />
                <SequencePoint vc="3" uspid="102" ordinal="0" offset="25" sl="18" sc="9" el="18" ec="9" bec="0" bev="0" fileid="5" />
                <SequencePoint vc="3" uspid="103" ordinal="0" offset="32" sl="19" sc="9" el="19" ec="9" bec="0" bev="0" fileid="5" />
                <SequencePoint vc="3" uspid="104" ordinal="0" offset="39" sl="20" sc="5" el="20" ec="5" bec="0" bev="0" fileid="5" />
              </SequencePoints>
              <BranchPoints />
            </Method>
            <Method visited="true" cyclomaticComplexity="0" nPathComplexity="0" sequenceCoverage="50.00" branchCoverage="0" crapScore="0" isConstructor="false" isStatic="false" isGetter="false" isSetter="false">
              <Summary numSequencePoints="14" visitedSequencePoints="7" numBranchPoints="0" visitedBranchPoints="0" sequenceCoverage="50.00" branchCoverage="0" maxCyclomaticComplexity="0" minCyclomaticComplexity="0" maxCrapScore="0" minCrapScore="0" visitedClasses="0" numClasses="0" visitedMethods="1" numMethods="1" />
              <MetadataToken>100663309</MetadataToken>
              <Name>System.Void HealthManager::Update()</Name>
              <FileRef uid="5" />
              <SequencePoints>
                <SequencePoint vc="17947" uspid="105" ordinal="0" offset="0" sl="24" sc="5" el="24" ec="5" bec="0" bev="0" fileid="5" />
                <SequencePoint vc="17947" uspid="106" ordinal="0" offset="1" sl="25" sc="9" el="25" ec="9" bec="0" bev="0" fileid="5" />
                <SequencePoint vc="11852" uspid="107" ordinal="0" offset="14" sl="26" sc="9" el="26" ec="9" bec="0" bev="0" fileid="5" />
                <SequencePoint vc="11852" uspid="108" ordinal="0" offset="15" sl="27" sc="13" el="27" ec="13" bec="0" bev="0" fileid="5" />
                <SequencePoint vc="11852" uspid="109" ordinal="0" offset="29" sl="28" sc="9" el="28" ec="9" bec="0" bev="0" fileid="5" />
                <SequencePoint vc="17947" uspid="110" ordinal="0" offset="30" sl="29" sc="9" el="29" ec="9" bec="0" bev="0" fileid="5" />
                <SequencePoint vc="0" uspid="111" ordinal="0" offset="43" sl="30" sc="9" el="30" ec="9" bec="0" bev="0" fileid="5" />
                <SequencePoint vc="0" uspid="112" ordinal="0" offset="44" sl="31" sc="13" el="31" ec="13" bec="0" bev="0" fileid="5" />
                <SequencePoint vc="0" uspid="113" ordinal="0" offset="58" sl="32" sc="13" el="32" ec="13" bec="0" bev="0" fileid="5" />
                <SequencePoint vc="0" uspid="114" ordinal="0" offset="71" sl="33" sc="13" el="33" ec="13" bec="0" bev="0" fileid="5" />
                <SequencePoint vc="0" uspid="115" ordinal="0" offset="72" sl="34" sc="17" el="34" ec="17" bec="0" bev="0" fileid="5" />
                <SequencePoint vc="0" uspid="116" ordinal="0" offset="85" sl="35" sc="13" el="35" ec="13" bec="0" bev="0" fileid="5" />
                <SequencePoint vc="0" uspid="117" ordinal="0" offset="86" sl="36" sc="9" el="36" ec="9" bec="0" bev="0" fileid="5" />
                <SequencePoint vc="17947" uspid="118" ordinal="0" offset="87" sl="37" sc="5" el="37" ec="5" bec="0" bev="0" fileid="5" />
              </SequencePoints>
              <BranchPoints />
            </Method>
            <Method visited="false" cyclomaticComplexity="0" nPathComplexity="0" sequenceCoverage="0.0" branchCoverage="0" crapScore="0" isConstructor="false" isStatic="false" isGetter="false" isSetter="false">
              <Summary numSequencePoints="19" visitedSequencePoints="0" numBranchPoints="0" visitedBranchPoints="0" sequenceCoverage="0.0" branchCoverage="0" maxCyclomaticComplexity="0" minCyclomaticComplexity="0" maxCrapScore="0" minCrapScore="0" visitedClasses="0" numClasses="0" visitedMethods="0" numMethods="1" />
              <MetadataToken>100663310</MetadataToken>
              <Name>System.Void HealthManager::TakeDamage(System.Int32)</Name>
              <FileRef uid="5" />
              <SequencePoints>
                <SequencePoint vc="0" uspid="119" ordinal="0" offset="0" sl="40" sc="0" el="40" ec="0" bec="0" bev="0" fileid="5" />
                <SequencePoint vc="0" uspid="120" ordinal="0" offset="1" sl="41" sc="0" el="41" ec="0" bec="0" bev="0" fileid="5" />
                <SequencePoint vc="0" uspid="121" ordinal="0" offset="17" sl="42" sc="0" el="42" ec="0" bec="0" bev="0" fileid="5" />
                <SequencePoint vc="0" uspid="122" ordinal="0" offset="18" sl="43" sc="0" el="43" ec="0" bec="0" bev="0" fileid="5" />
                <SequencePoint vc="0" uspid="123" ordinal="0" offset="32" sl="44" sc="0" el="44" ec="0" bec="0" bev="0" fileid="5" />
                <SequencePoint vc="0" uspid="124" ordinal="0" offset="42" sl="46" sc="0" el="46" ec="0" bec="0" bev="0" fileid="5" />
                <SequencePoint vc="0" uspid="125" ordinal="0" offset="58" sl="47" sc="0" el="47" ec="0" bec="0" bev="0" fileid="5" />
                <SequencePoint vc="0" uspid="126" ordinal="0" offset="59" sl="48" sc="0" el="48" ec="0" bec="0" bev="0" fileid="5" />
                <SequencePoint vc="0" uspid="127" ordinal="0" offset="79" sl="49" sc="0" el="49" ec="0" bec="0" bev="0" fileid="5" />
                <SequencePoint vc="0" uspid="128" ordinal="0" offset="80" sl="50" sc="0" el="50" ec="0" bec="0" bev="0" fileid="5" />
                <SequencePoint vc="0" uspid="129" ordinal="0" offset="93" sl="51" sc="0" el="51" ec="0" bec="0" bev="0" fileid="5" />
                <SequencePoint vc="0" uspid="130" ordinal="0" offset="96" sl="52" sc="0" el="52" ec="0" bec="0" bev="0" fileid="5" />
                <SequencePoint vc="0" uspid="131" ordinal="0" offset="116" sl="53" sc="0" el="53" ec="0" bec="0" bev="0" fileid="5" />
                <SequencePoint vc="0" uspid="132" ordinal="0" offset="117" sl="54" sc="0" el="54" ec="0" bec="0" bev="0" fileid="5" />
                <SequencePoint vc="0" uspid="133" ordinal="0" offset="129" sl="55" sc="0" el="55" ec="0" bec="0" bev="0" fileid="5" />
                <SequencePoint vc="0" uspid="134" ordinal="0" offset="147" sl="56" sc="0" el="56" ec="0" bec="0" bev="0" fileid="5" />
                <SequencePoint vc="0" uspid="135" ordinal="0" offset="148" sl="57" sc="0" el="57" ec="0" bec="0" bev="0" fileid="5" />
                <SequencePoint vc="0" uspid="136" ordinal="0" offset="149" sl="58" sc="0" el="58" ec="0" bec="0" bev="0" fileid="5" />
                <SequencePoint vc="0" uspid="137" ordinal="0" offset="150" sl="60" sc="0" el="60" ec="0" bec="0" bev="0" fileid="5" />
              </SequencePoints>
              <BranchPoints />
            </Method>
          </Methods>
        </Class>
        <Class>
          <Summary numSequencePoints="7" visitedSequencePoints="3" numBranchPoints="0" visitedBranchPoints="0" sequenceCoverage="42.86" branchCoverage="0.0" maxCyclomaticComplexity="0" minCyclomaticComplexity="0" maxCrapScore="0" minCrapScore="0" visitedClasses="1" numClasses="1" visitedMethods="1" numMethods="1" />
          <FullName>LoadChecker</FullName>
          <Methods>
            <Method visited="true" cyclomaticComplexity="0" nPathComplexity="0" sequenceCoverage="42.86" branchCoverage="0" crapScore="0" isConstructor="false" isStatic="false" isGetter="false" isSetter="false">
              <Summary numSequencePoints="7" visitedSequencePoints="3" numBranchPoints="0" visitedBranchPoints="0" sequenceCoverage="42.86" branchCoverage="0" maxCyclomaticComplexity="0" minCyclomaticComplexity="0" maxCrapScore="0" minCrapScore="0" visitedClasses="0" numClasses="0" visitedMethods="1" numMethods="1" />
              <MetadataToken>100663312</MetadataToken>
              <Name>System.Void LoadChecker::Start()</Name>
              <FileRef uid="6" />
              <SequencePoints>
                <SequencePoint vc="1" uspid="138" ordinal="0" offset="0" sl="10" sc="5" el="10" ec="5" bec="0" bev="0" fileid="6" />
                <SequencePoint vc="1" uspid="139" ordinal="0" offset="1" sl="11" sc="9" el="11" ec="9" bec="0" bev="0" fileid="6" />
                <SequencePoint vc="0" uspid="140" ordinal="0" offset="18" sl="12" sc="9" el="12" ec="9" bec="0" bev="0" fileid="6" />
                <SequencePoint vc="0" uspid="141" ordinal="0" offset="19" sl="13" sc="13" el="13" ec="13" bec="0" bev="0" fileid="6" />
                <SequencePoint vc="0" uspid="142" ordinal="0" offset="36" sl="14" sc="13" el="14" ec="13" bec="0" bev="0" fileid="6" />
                <SequencePoint vc="0" uspid="143" ordinal="0" offset="49" sl="15" sc="9" el="15" ec="9" bec="0" bev="0" fileid="6" />
                <SequencePoint vc="1" uspid="144" ordinal="0" offset="50" sl="16" sc="5" el="16" ec="5" bec="0" bev="0" fileid="6" />
              </SequencePoints>
              <BranchPoints />
            </Method>
          </Methods>
        </Class>
        <Class>
          <Summary numSequencePoints="64" visitedSequencePoints="15" numBranchPoints="0" visitedBranchPoints="0" sequenceCoverage="23.44" branchCoverage="0.0" maxCyclomaticComplexity="0" minCyclomaticComplexity="0" maxCrapScore="0" minCrapScore="0" visitedClasses="1" numClasses="1" visitedMethods="2" numMethods="4" />
          <FullName>LoadManager</FullName>
          <Methods>
            <Method visited="false" cyclomaticComplexity="0" nPathComplexity="0" sequenceCoverage="0.0" branchCoverage="0" crapScore="0" isConstructor="false" isStatic="false" isGetter="false" isSetter="false">
              <Summary numSequencePoints="41" visitedSequencePoints="0" numBranchPoints="0" visitedBranchPoints="0" sequenceCoverage="0.0" branchCoverage="0" maxCyclomaticComplexity="0" minCyclomaticComplexity="0" maxCrapScore="0" minCrapScore="0" visitedClasses="0" numClasses="0" visitedMethods="0" numMethods="1" />
              <MetadataToken>100663314</MetadataToken>
              <Name>System.Void LoadManager::LoadGame()</Name>
              <FileRef uid="7" />
              <SequencePoints>
                <SequencePoint vc="0" uspid="145" ordinal="0" offset="0" sl="25" sc="0" el="25" ec="0" bec="0" bev="0" fileid="7" />
                <SequencePoint vc="0" uspid="146" ordinal="0" offset="1" sl="26" sc="0" el="26" ec="0" bec="0" bev="0" fileid="7" />
                <SequencePoint vc="0" uspid="147" ordinal="0" offset="32" sl="27" sc="0" el="27" ec="0" bec="0" bev="0" fileid="7" />
                <SequencePoint vc="0" uspid="148" ordinal="0" offset="39" sl="28" sc="0" el="28" ec="0" bec="0" bev="0" fileid="7" />
                <SequencePoint vc="0" uspid="149" ordinal="0" offset="56" sl="29" sc="0" el="29" ec="0" bec="0" bev="0" fileid="7" />
                <SequencePoint vc="0" uspid="150" ordinal="0" offset="73" sl="30" sc="0" el="30" ec="0" bec="0" bev="0" fileid="7" />
                <SequencePoint vc="0" uspid="151" ordinal="0" offset="89" sl="31" sc="0" el="31" ec="0" bec="0" bev="0" fileid="7" />
                <SequencePoint vc="0" uspid="152" ordinal="0" offset="103" sl="32" sc="0" el="32" ec="0" bec="0" bev="0" fileid="7" />
                <SequencePoint vc="0" uspid="153" ordinal="0" offset="104" sl="33" sc="0" el="33" ec="0" bec="0" bev="0" fileid="7" />
                <SequencePoint vc="0" uspid="154" ordinal="0" offset="120" sl="35" sc="0" el="35" ec="0" bec="0" bev="0" fileid="7" />
                <SequencePoint vc="0" uspid="155" ordinal="0" offset="123" sl="36" sc="0" el="36" ec="0" bec="0" bev="0" fileid="7" />
                <SequencePoint vc="0" uspid="156" ordinal="0" offset="130" sl="37" sc="0" el="37" ec="0" bec="0" bev="0" fileid="7" />
                <SequencePoint vc="0" uspid="157" ordinal="0" offset="144" sl="38" sc="0" el="38" ec="0" bec="0" bev="0" fileid="7" />
                <SequencePoint vc="0" uspid="158" ordinal="0" offset="145" sl="39" sc="0" el="39" ec="0" bec="0" bev="0" fileid="7" />
                <SequencePoint vc="0" uspid="159" ordinal="0" offset="167" sl="40" sc="0" el="40" ec="0" bec="0" bev="0" fileid="7" />
                <SequencePoint vc="0" uspid="160" ordinal="0" offset="170" sl="42" sc="0" el="42" ec="0" bec="0" bev="0" fileid="7" />
                <SequencePoint vc="0" uspid="161" ordinal="0" offset="171" sl="43" sc="0" el="43" ec="0" bec="0" bev="0" fileid="7" />
                <SequencePoint vc="0" uspid="162" ordinal="0" offset="178" sl="44" sc="0" el="44" ec="0" bec="0" bev="0" fileid="7" />
                <SequencePoint vc="0" uspid="163" ordinal="0" offset="179" sl="45" sc="0" el="45" ec="0" bec="0" bev="0" fileid="7" />
                <SequencePoint vc="0" uspid="164" ordinal="0" offset="193" sl="46" sc="0" el="46" ec="0" bec="0" bev="0" fileid="7" />
                <SequencePoint vc="0" uspid="165" ordinal="0" offset="194" sl="47" sc="0" el="47" ec="0" bec="0" bev="0" fileid="7" />
                <SequencePoint vc="0" uspid="166" ordinal="0" offset="216" sl="48" sc="0" el="48" ec="0" bec="0" bev="0" fileid="7" />
                <SequencePoint vc="0" uspid="167" ordinal="0" offset="219" sl="50" sc="0" el="50" ec="0" bec="0" bev="0" fileid="7" />
                <SequencePoint vc="0" uspid="168" ordinal="0" offset="220" sl="51" sc="0" el="51" ec="0" bec="0" bev="0" fileid="7" />
                <SequencePoint vc="0" uspid="169" ordinal="0" offset="227" sl="52" sc="0" el="52" ec="0" bec="0" bev="0" fileid="7" />
                <SequencePoint vc="0" uspid="170" ordinal="0" offset="228" sl="53" sc="0" el="53" ec="0" bec="0" bev="0" fileid="7" />
                <SequencePoint vc="0" uspid="171" ordinal="0" offset="242" sl="54" sc="0" el="54" ec="0" bec="0" bev="0" fileid="7" />
                <SequencePoint vc="0" uspid="172" ordinal="0" offset="243" sl="55" sc="0" el="55" ec="0" bec="0" bev="0" fileid="7" />
                <SequencePoint vc="0" uspid="173" ordinal="0" offset="265" sl="56" sc="0" el="56" ec="0" bec="0" bev="0" fileid="7" />
                <SequencePoint vc="0" uspid="174" ordinal="0" offset="268" sl="58" sc="0" el="58" ec="0" bec="0" bev="0" fileid="7" />
                <SequencePoint vc="0" uspid="175" ordinal="0" offset="269" sl="59" sc="0" el="59" ec="0" bec="0" bev="0" fileid="7" />
                <SequencePoint vc="0" uspid="176" ordinal="0" offset="276" sl="60" sc="0" el="60" ec="0" bec="0" bev="0" fileid="7" />
                <SequencePoint vc="0" uspid="177" ordinal="0" offset="277" sl="61" sc="0" el="61" ec="0" bec="0" bev="0" fileid="7" />
                <SequencePoint vc="0" uspid="178" ordinal="0" offset="313" sl="62" sc="0" el="62" ec="0" bec="0" bev="0" fileid="7" />
                <SequencePoint vc="0" uspid="179" ordinal="0" offset="329" sl="63" sc="0" el="63" ec="0" bec="0" bev="0" fileid="7" />
                <SequencePoint vc="0" uspid="180" ordinal="0" offset="330" sl="64" sc="0" el="64" ec="0" bec="0" bev="0" fileid="7" />
                <SequencePoint vc="0" uspid="181" ordinal="0" offset="346" sl="65" sc="0" el="65" ec="0" bec="0" bev="0" fileid="7" />
                <SequencePoint vc="0" uspid="182" ordinal="0" offset="349" sl="67" sc="0" el="67" ec="0" bec="0" bev="0" fileid="7" />
                <SequencePoint vc="0" uspid="183" ordinal="0" offset="350" sl="68" sc="0" el="68" ec="0" bec="0" bev="0" fileid="7" />
                <SequencePoint vc="0" uspid="184" ordinal="0" offset="361" sl="69" sc="0" el="69" ec="0" bec="0" bev="0" fileid="7" />
                <SequencePoint vc="0" uspid="185" ordinal="0" offset="362" sl="70" sc="0" el="70" ec="0" bec="0" bev="0" fileid="7" />
              </SequencePoints>
              <BranchPoints />
            </Method>
            <Method visited="true" cyclomaticComplexity="0" nPathComplexity="0" sequenceCoverage="85.71" branchCoverage="0" crapScore="0" isConstructor="false" isStatic="false" isGetter="false" isSetter="false">
              <Summary numSequencePoints="14" visitedSequencePoints="12" numBranchPoints="0" visitedBranchPoints="0" sequenceCoverage="85.71" branchCoverage="0" maxCyclomaticComplexity="0" minCyclomaticComplexity="0" maxCrapScore="0" minCrapScore="0" visitedClasses="0" numClasses="0" visitedMethods="1" numMethods="1" />
              <MetadataToken>100663315</MetadataToken>
              <Name>System.Void LoadManager::NewGame()</Name>
              <FileRef uid="7" />
              <SequencePoints>
                <SequencePoint vc="1" uspid="186" ordinal="0" offset="0" sl="73" sc="5" el="73" ec="5" bec="0" bev="0" fileid="7" />
                <SequencePoint vc="1" uspid="187" ordinal="0" offset="1" sl="74" sc="9" el="74" ec="9" bec="0" bev="0" fileid="7" />
                <SequencePoint vc="1" uspid="188" ordinal="0" offset="8" sl="75" sc="9" el="75" ec="9" bec="0" bev="0" fileid="7" />
                <SequencePoint vc="0" uspid="189" ordinal="0" offset="24" sl="76" sc="9" el="76" ec="9" bec="0" bev="0" fileid="7" />
                <SequencePoint vc="0" uspid="190" ordinal="0" offset="25" sl="77" sc="13" el="77" ec="13" bec="0" bev="0" fileid="7" />
                <SequencePoint vc="1" uspid="191" ordinal="0" offset="27" sl="79" sc="9" el="79" ec="9" bec="0" bev="0" fileid="7" />
                <SequencePoint vc="1" uspid="192" ordinal="0" offset="44" sl="80" sc="9" el="80" ec="9" bec="0" bev="0" fileid="7" />
                <SequencePoint vc="1" uspid="193" ordinal="0" offset="61" sl="81" sc="9" el="81" ec="9" bec="0" bev="0" fileid="7" />
                <SequencePoint vc="1" uspid="194" ordinal="0" offset="77" sl="82" sc="9" el="82" ec="9" bec="0" bev="0" fileid="7" />
                <SequencePoint vc="1" uspid="195" ordinal="0" offset="84" sl="83" sc="9" el="83" ec="9" bec="0" bev="0" fileid="7" />
                <SequencePoint vc="1" uspid="196" ordinal="0" offset="91" sl="84" sc="9" el="84" ec="9" bec="0" bev="0" fileid="7" />
                <SequencePoint vc="1" uspid="197" ordinal="0" offset="98" sl="85" sc="9" el="85" ec="9" bec="0" bev="0" fileid="7" />
                <SequencePoint vc="1" uspid="198" ordinal="0" offset="105" sl="86" sc="9" el="86" ec="9" bec="0" bev="0" fileid="7" />
                <SequencePoint vc="1" uspid="199" ordinal="0" offset="116" sl="88" sc="5" el="88" ec="5" bec="0" bev="0" fileid="7" />
              </SequencePoints>
              <BranchPoints />
            </Method>
            <Method visited="false" cyclomaticComplexity="0" nPathComplexity="0" sequenceCoverage="0.0" branchCoverage="0" crapScore="0" isConstructor="false" isStatic="false" isGetter="false" isSetter="false">
              <Summary numSequencePoints="6" visitedSequencePoints="0" numBranchPoints="0" visitedBranchPoints="0" sequenceCoverage="0.0" branchCoverage="0" maxCyclomaticComplexity="0" minCyclomaticComplexity="0" maxCrapScore="0" minCrapScore="0" visitedClasses="0" numClasses="0" visitedMethods="0" numMethods="1" />
              <MetadataToken>100663316</MetadataToken>
              <Name>System.Boolean LoadManager::TranslateBool(System.Int32)</Name>
              <FileRef uid="7" />
              <SequencePoints>
                <SequencePoint vc="0" uspid="200" ordinal="0" offset="0" sl="91" sc="0" el="91" ec="0" bec="0" bev="0" fileid="7" />
                <SequencePoint vc="0" uspid="201" ordinal="0" offset="1" sl="92" sc="0" el="92" ec="0" bec="0" bev="0" fileid="7" />
                <SequencePoint vc="0" uspid="202" ordinal="0" offset="16" sl="95" sc="0" el="95" ec="0" bec="0" bev="0" fileid="7" />
                <SequencePoint vc="0" uspid="203" ordinal="0" offset="20" sl="97" sc="0" el="97" ec="0" bec="0" bev="0" fileid="7" />
                <SequencePoint vc="0" uspid="204" ordinal="0" offset="24" sl="99" sc="0" el="99" ec="0" bec="0" bev="0" fileid="7" />
                <SequencePoint vc="0" uspid="205" ordinal="0" offset="28" sl="101" sc="0" el="101" ec="0" bec="0" bev="0" fileid="7" />
              </SequencePoints>
              <BranchPoints />
            </Method>
            <Method visited="true" cyclomaticComplexity="0" nPathComplexity="0" sequenceCoverage="100.0" branchCoverage="0" crapScore="0" isConstructor="false" isStatic="false" isGetter="false" isSetter="false">
              <Summary numSequencePoints="3" visitedSequencePoints="3" numBranchPoints="0" visitedBranchPoints="0" sequenceCoverage="100.0" branchCoverage="0" maxCyclomaticComplexity="0" minCyclomaticComplexity="0" maxCrapScore="0" minCrapScore="0" visitedClasses="0" numClasses="0" visitedMethods="1" numMethods="1" />
              <MetadataToken>100663317</MetadataToken>
              <Name>System.Void LoadManager::SpawnPlayer()</Name>
              <FileRef uid="7" />
              <SequencePoints>
                <SequencePoint vc="1" uspid="206" ordinal="0" offset="0" sl="104" sc="5" el="104" ec="5" bec="0" bev="0" fileid="7" />
                <SequencePoint vc="1" uspid="207" ordinal="0" offset="1" sl="105" sc="9" el="105" ec="9" bec="0" bev="0" fileid="7" />
                <SequencePoint vc="1" uspid="208" ordinal="0" offset="47" sl="106" sc="5" el="106" ec="5" bec="0" bev="0" fileid="7" />
              </SequencePoints>
              <BranchPoints />
            </Method>
          </Methods>
        </Class>
        <Class>
          <Summary numSequencePoints="11" visitedSequencePoints="11" numBranchPoints="0" visitedBranchPoints="0" sequenceCoverage="100.0" branchCoverage="0.0" maxCyclomaticComplexity="0" minCyclomaticComplexity="0" maxCrapScore="0" minCrapScore="0" visitedClasses="1" numClasses="1" visitedMethods="2" numMethods="2" />
          <FullName>MainMenuParallax</FullName>
          <Methods>
            <Method visited="true" cyclomaticComplexity="0" nPathComplexity="0" sequenceCoverage="100.0" branchCoverage="0" crapScore="0" isConstructor="false" isStatic="false" isGetter="false" isSetter="false">
              <Summary numSequencePoints="4" visitedSequencePoints="4" numBranchPoints="0" visitedBranchPoints="0" sequenceCoverage="100.0" branchCoverage="0" maxCyclomaticComplexity="0" minCyclomaticComplexity="0" maxCrapScore="0" minCrapScore="0" visitedClasses="0" numClasses="0" visitedMethods="1" numMethods="1" />
              <MetadataToken>100663319</MetadataToken>
              <Name>System.Void MainMenuParallax::Start()</Name>
              <FileRef uid="8" />
              <SequencePoints>
                <SequencePoint vc="2" uspid="209" ordinal="0" offset="0" sl="12" sc="5" el="12" ec="5" bec="0" bev="0" fileid="8" />
                <SequencePoint vc="2" uspid="210" ordinal="0" offset="1" sl="13" sc="9" el="13" ec="9" bec="0" bev="0" fileid="8" />
                <SequencePoint vc="2" uspid="211" ordinal="0" offset="13" sl="14" sc="9" el="14" ec="9" bec="0" bev="0" fileid="8" />
                <SequencePoint vc="2" uspid="212" ordinal="0" offset="25" sl="15" sc="5" el="15" ec="5" bec="0" bev="0" fileid="8" />
              </SequencePoints>
              <BranchPoints />
            </Method>
            <Method visited="true" cyclomaticComplexity="0" nPathComplexity="0" sequenceCoverage="100.0" branchCoverage="0" crapScore="0" isConstructor="false" isStatic="false" isGetter="false" isSetter="false">
              <Summary numSequencePoints="7" visitedSequencePoints="7" numBranchPoints="0" visitedBranchPoints="0" sequenceCoverage="100.0" branchCoverage="0" maxCyclomaticComplexity="0" minCyclomaticComplexity="0" maxCrapScore="0" minCrapScore="0" visitedClasses="0" numClasses="0" visitedMethods="1" numMethods="1" />
              <MetadataToken>100663320</MetadataToken>
              <Name>System.Void MainMenuParallax::Update()</Name>
              <FileRef uid="8" />
              <SequencePoints>
                <SequencePoint vc="280" uspid="213" ordinal="0" offset="0" sl="20" sc="5" el="20" ec="5" bec="0" bev="0" fileid="8" />
                <SequencePoint vc="280" uspid="214" ordinal="0" offset="1" sl="21" sc="9" el="21" ec="9" bec="0" bev="0" fileid="8" />
                <SequencePoint vc="280" uspid="215" ordinal="0" offset="39" sl="22" sc="9" el="22" ec="9" bec="0" bev="0" fileid="8" />
                <SequencePoint vc="1" uspid="216" ordinal="0" offset="66" sl="23" sc="9" el="23" ec="9" bec="0" bev="0" fileid="8" />
                <SequencePoint vc="1" uspid="217" ordinal="0" offset="67" sl="24" sc="13" el="24" ec="13" bec="0" bev="0" fileid="8" />
                <SequencePoint vc="1" uspid="218" ordinal="0" offset="127" sl="25" sc="9" el="25" ec="9" bec="0" bev="0" fileid="8" />
                <SequencePoint vc="280" uspid="219" ordinal="0" offset="128" sl="26" sc="5" el="26" ec="5" bec="0" bev="0" fileid="8" />
              </SequencePoints>
              <BranchPoints />
            </Method>
          </Methods>
        </Class>
        <Class>
          <Summary numSequencePoints="20" visitedSequencePoints="17" numBranchPoints="0" visitedBranchPoints="0" sequenceCoverage="85.00" branchCoverage="0.0" maxCyclomaticComplexity="0" minCyclomaticComplexity="0" maxCrapScore="0" minCrapScore="0" visitedClasses="1" numClasses="1" visitedMethods="3" numMethods="3" />
          <FullName>MainMenuStart</FullName>
          <Methods>
            <Method visited="true" cyclomaticComplexity="0" nPathComplexity="0" sequenceCoverage="100.0" branchCoverage="0" crapScore="0" isConstructor="false" isStatic="false" isGetter="false" isSetter="false">
              <Summary numSequencePoints="4" visitedSequencePoints="4" numBranchPoints="0" visitedBranchPoints="0" sequenceCoverage="100.0" branchCoverage="0" maxCyclomaticComplexity="0" minCyclomaticComplexity="0" maxCrapScore="0" minCrapScore="0" visitedClasses="0" numClasses="0" visitedMethods="1" numMethods="1" />
              <MetadataToken>100663322</MetadataToken>
              <Name>System.Void MainMenuStart::Start()</Name>
              <FileRef uid="9" />
              <SequencePoints>
                <SequencePoint vc="1" uspid="220" ordinal="0" offset="0" sl="13" sc="5" el="13" ec="5" bec="0" bev="0" fileid="9" />
                <SequencePoint vc="1" uspid="221" ordinal="0" offset="1" sl="14" sc="9" el="14" ec="9" bec="0" bev="0" fileid="9" />
                <SequencePoint vc="1" uspid="222" ordinal="0" offset="9" sl="15" sc="9" el="15" ec="9" bec="0" bev="0" fileid="9" />
                <SequencePoint vc="1" uspid="223" ordinal="0" offset="22" sl="16" sc="5" el="16" ec="5" bec="0" bev="0" fileid="9" />
              </SequencePoints>
              <BranchPoints />
            </Method>
            <Method visited="true" cyclomaticComplexity="0" nPathComplexity="0" sequenceCoverage="75.00" branchCoverage="0" crapScore="0" isConstructor="false" isStatic="false" isGetter="false" isSetter="false">
              <Summary numSequencePoints="12" visitedSequencePoints="9" numBranchPoints="0" visitedBranchPoints="0" sequenceCoverage="75.00" branchCoverage="0" maxCyclomaticComplexity="0" minCyclomaticComplexity="0" maxCrapScore="0" minCrapScore="0" visitedClasses="0" numClasses="0" visitedMethods="1" numMethods="1" />
              <MetadataToken>100663323</MetadataToken>
              <Name>System.Void MainMenuStart::Update()</Name>
              <FileRef uid="9" />
              <SequencePoints>
                <SequencePoint vc="136" uspid="224" ordinal="0" offset="0" sl="20" sc="5" el="20" ec="5" bec="0" bev="0" fileid="9" />
                <SequencePoint vc="136" uspid="225" ordinal="0" offset="1" sl="21" sc="9" el="21" ec="9" bec="0" bev="0" fileid="9" />
                <SequencePoint vc="136" uspid="226" ordinal="0" offset="15" sl="22" sc="9" el="22" ec="9" bec="0" bev="0" fileid="9" />
                <SequencePoint vc="1" uspid="227" ordinal="0" offset="31" sl="23" sc="9" el="23" ec="9" bec="0" bev="0" fileid="9" />
                <SequencePoint vc="1" uspid="228" ordinal="0" offset="32" sl="24" sc="13" el="24" ec="13" bec="0" bev="0" fileid="9" />
                <SequencePoint vc="1" uspid="229" ordinal="0" offset="58" sl="25" sc="13" el="25" ec="13" bec="0" bev="0" fileid="9" />
                <SequencePoint vc="1" uspid="230" ordinal="0" offset="66" sl="26" sc="9" el="26" ec="9" bec="0" bev="0" fileid="9" />
                <SequencePoint vc="136" uspid="231" ordinal="0" offset="67" sl="27" sc="9" el="27" ec="9" bec="0" bev="0" fileid="9" />
                <SequencePoint vc="0" uspid="232" ordinal="0" offset="92" sl="28" sc="9" el="28" ec="9" bec="0" bev="0" fileid="9" />
                <SequencePoint vc="0" uspid="233" ordinal="0" offset="93" sl="29" sc="13" el="29" ec="13" bec="0" bev="0" fileid="9" />
                <SequencePoint vc="0" uspid="234" ordinal="0" offset="100" sl="30" sc="9" el="30" ec="9" bec="0" bev="0" fileid="9" />
                <SequencePoint vc="136" uspid="235" ordinal="0" offset="101" sl="31" sc="5" el="31" ec="5" bec="0" bev="0" fileid="9" />
              </SequencePoints>
              <BranchPoints />
            </Method>
            <Method visited="true" cyclomaticComplexity="0" nPathComplexity="0" sequenceCoverage="100.0" branchCoverage="0" crapScore="0" isConstructor="false" isStatic="false" isGetter="false" isSetter="false">
              <Summary numSequencePoints="4" visitedSequencePoints="4" numBranchPoints="0" visitedBranchPoints="0" sequenceCoverage="100.0" branchCoverage="0" maxCyclomaticComplexity="0" minCyclomaticComplexity="0" maxCrapScore="0" minCrapScore="0" visitedClasses="0" numClasses="0" visitedMethods="1" numMethods="1" />
              <MetadataToken>100663324</MetadataToken>
              <Name>System.Void MainMenuStart::SetStartMenu()</Name>
              <FileRef uid="9" />
              <SequencePoints>
                <SequencePoint vc="1" uspid="236" ordinal="0" offset="0" sl="34" sc="5" el="34" ec="5" bec="0" bev="0" fileid="9" />
                <SequencePoint vc="1" uspid="237" ordinal="0" offset="1" sl="35" sc="9" el="35" ec="9" bec="0" bev="0" fileid="9" />
                <SequencePoint vc="1" uspid="238" ordinal="0" offset="14" sl="36" sc="9" el="36" ec="9" bec="0" bev="0" fileid="9" />
                <SequencePoint vc="1" uspid="239" ordinal="0" offset="27" sl="37" sc="5" el="37" ec="5" bec="0" bev="0" fileid="9" />
              </SequencePoints>
              <BranchPoints />
            </Method>
          </Methods>
        </Class>
        <Class>
          <Summary numSequencePoints="21" visitedSequencePoints="15" numBranchPoints="0" visitedBranchPoints="0" sequenceCoverage="71.43" branchCoverage="0.0" maxCyclomaticComplexity="0" minCyclomaticComplexity="0" maxCrapScore="0" minCrapScore="0" visitedClasses="1" numClasses="1" visitedMethods="3" numMethods="3" />
          <FullName>MetadataRecord</FullName>
          <Methods>
            <Method visited="true" cyclomaticComplexity="0" nPathComplexity="0" sequenceCoverage="100.0" branchCoverage="0" crapScore="0" isConstructor="false" isStatic="false" isGetter="false" isSetter="false">
              <Summary numSequencePoints="3" visitedSequencePoints="3" numBranchPoints="0" visitedBranchPoints="0" sequenceCoverage="100.0" branchCoverage="0" maxCyclomaticComplexity="0" minCyclomaticComplexity="0" maxCrapScore="0" minCrapScore="0" visitedClasses="0" numClasses="0" visitedMethods="1" numMethods="1" />
              <MetadataToken>100663326</MetadataToken>
              <Name>System.Void MetadataRecord::Start()</Name>
              <FileRef uid="10" />
              <SequencePoints>
                <SequencePoint vc="2" uspid="240" ordinal="0" offset="0" sl="20" sc="5" el="20" ec="5" bec="0" bev="0" fileid="10" />
                <SequencePoint vc="2" uspid="241" ordinal="0" offset="1" sl="21" sc="9" el="21" ec="9" bec="0" bev="0" fileid="10" />
                <SequencePoint vc="2" uspid="242" ordinal="0" offset="28" sl="22" sc="5" el="22" ec="5" bec="0" bev="0" fileid="10" />
              </SequencePoints>
              <BranchPoints />
            </Method>
            <Method visited="true" cyclomaticComplexity="0" nPathComplexity="0" sequenceCoverage="40.00" branchCoverage="0" crapScore="0" isConstructor="false" isStatic="false" isGetter="false" isSetter="false">
              <Summary numSequencePoints="10" visitedSequencePoints="4" numBranchPoints="0" visitedBranchPoints="0" sequenceCoverage="40.00" branchCoverage="0" maxCyclomaticComplexity="0" minCyclomaticComplexity="0" maxCrapScore="0" minCrapScore="0" visitedClasses="0" numClasses="0" visitedMethods="1" numMethods="1" />
              <MetadataToken>100663327</MetadataToken>
              <Name>UnityEngine.Vector3 MetadataRecord::GetSpawn(System.String)</Name>
              <FileRef uid="10" />
              <SequencePoints>
                <SequencePoint vc="2" uspid="243" ordinal="0" offset="0" sl="24" sc="5" el="24" ec="5" bec="0" bev="0" fileid="10" />
                <SequencePoint vc="2" uspid="244" ordinal="0" offset="1" sl="25" sc="9" el="25" ec="9" bec="0" bev="0" fileid="10" />
                <SequencePoint vc="0" uspid="245" ordinal="0" offset="77" sl="28" sc="17" el="28" ec="17" bec="0" bev="0" fileid="10" />
                <SequencePoint vc="0" uspid="246" ordinal="0" offset="95" sl="30" sc="17" el="30" ec="17" bec="0" bev="0" fileid="10" />
                <SequencePoint vc="0" uspid="247" ordinal="0" offset="113" sl="32" sc="17" el="32" ec="17" bec="0" bev="0" fileid="10" />
                <SequencePoint vc="0" uspid="248" ordinal="0" offset="131" sl="34" sc="17" el="34" ec="17" bec="0" bev="0" fileid="10" />
                <SequencePoint vc="2" uspid="249" ordinal="0" offset="149" sl="36" sc="17" el="36" ec="17" bec="0" bev="0" fileid="10" />
                <SequencePoint vc="0" uspid="250" ordinal="0" offset="158" sl="38" sc="17" el="38" ec="17" bec="0" bev="0" fileid="10" />
                <SequencePoint vc="0" uspid="251" ordinal="0" offset="167" sl="40" sc="17" el="40" ec="17" bec="0" bev="0" fileid="10" />
                <SequencePoint vc="2" uspid="252" ordinal="0" offset="176" sl="42" sc="5" el="42" ec="5" bec="0" bev="0" fileid="10" />
              </SequencePoints>
              <BranchPoints />
            </Method>
            <Method visited="true" cyclomaticComplexity="0" nPathComplexity="0" sequenceCoverage="100.0" branchCoverage="0" crapScore="0" isConstructor="false" isStatic="false" isGetter="false" isSetter="false">
              <Summary numSequencePoints="8" visitedSequencePoints="8" numBranchPoints="0" visitedBranchPoints="0" sequenceCoverage="100.0" branchCoverage="0" maxCyclomaticComplexity="0" minCyclomaticComplexity="0" maxCrapScore="0" minCrapScore="0" visitedClasses="0" numClasses="0" visitedMethods="1" numMethods="1" />
              <MetadataToken>100663328</MetadataToken>
              <Name>UnityEngine.Vector3 MetadataRecord::LoadSavePointTF()</Name>
              <FileRef uid="10" />
              <SequencePoints>
                <SequencePoint vc="2" uspid="253" ordinal="0" offset="0" sl="45" sc="5" el="45" ec="5" bec="0" bev="0" fileid="10" />
                <SequencePoint vc="2" uspid="254" ordinal="0" offset="1" sl="46" sc="9" el="46" ec="9" bec="0" bev="0" fileid="10" />
                <SequencePoint vc="2" uspid="255" ordinal="0" offset="12" sl="47" sc="9" el="47" ec="9" bec="0" bev="0" fileid="10" />
                <SequencePoint vc="1" uspid="256" ordinal="0" offset="21" sl="48" sc="9" el="48" ec="9" bec="0" bev="0" fileid="10" />
                <SequencePoint vc="1" uspid="257" ordinal="0" offset="22" sl="49" sc="13" el="49" ec="13" bec="0" bev="0" fileid="10" />
                <SequencePoint vc="1" uspid="258" ordinal="0" offset="38" sl="52" sc="9" el="52" ec="9" bec="0" bev="0" fileid="10" />
                <SequencePoint vc="1" uspid="259" ordinal="0" offset="39" sl="53" sc="13" el="53" ec="13" bec="0" bev="0" fileid="10" />
                <SequencePoint vc="2" uspid="260" ordinal="0" offset="48" sl="55" sc="5" el="55" ec="5" bec="0" bev="0" fileid="10" />
              </SequencePoints>
              <BranchPoints />
            </Method>
          </Methods>
        </Class>
        <Class>
          <Summary numSequencePoints="18" visitedSequencePoints="15" numBranchPoints="0" visitedBranchPoints="0" sequenceCoverage="83.33" branchCoverage="0.0" maxCyclomaticComplexity="0" minCyclomaticComplexity="0" maxCrapScore="0" minCrapScore="0" visitedClasses="1" numClasses="1" visitedMethods="2" numMethods="2" />
          <FullName>PlatformEffector</FullName>
          <Methods>
            <Method visited="true" cyclomaticComplexity="0" nPathComplexity="0" sequenceCoverage="100.0" branchCoverage="0" crapScore="0" isConstructor="false" isStatic="false" isGetter="false" isSetter="false">
              <Summary numSequencePoints="9" visitedSequencePoints="9" numBranchPoints="0" visitedBranchPoints="0" sequenceCoverage="100.0" branchCoverage="0" maxCyclomaticComplexity="0" minCyclomaticComplexity="0" maxCrapScore="0" minCrapScore="0" visitedClasses="0" numClasses="0" visitedMethods="1" numMethods="1" />
              <MetadataToken>100663330</MetadataToken>
              <Name>System.Void PlatformEffector::Start()</Name>
              <FileRef uid="11" />
              <SequencePoints>
                <SequencePoint vc="3" uspid="261" ordinal="0" offset="0" sl="15" sc="5" el="15" ec="5" bec="0" bev="0" fileid="11" />
                <SequencePoint vc="3" uspid="262" ordinal="0" offset="1" sl="16" sc="9" el="16" ec="9" bec="0" bev="0" fileid="11" />
                <SequencePoint vc="3" uspid="263" ordinal="0" offset="13" sl="18" sc="9" el="18" ec="9" bec="0" bev="0" fileid="11" />
                <SequencePoint vc="3" uspid="264" ordinal="0" offset="29" sl="19" sc="9" el="19" ec="9" bec="0" bev="0" fileid="11" />
                <SequencePoint vc="3" uspid="265" ordinal="0" offset="43" sl="20" sc="9" el="20" ec="9" bec="0" bev="0" fileid="11" />
                <SequencePoint vc="3" uspid="266" ordinal="0" offset="44" sl="21" sc="13" el="21" ec="13" bec="0" bev="0" fileid="11" />
                <SequencePoint vc="3" uspid="267" ordinal="0" offset="63" sl="22" sc="9" el="22" ec="9" bec="0" bev="0" fileid="11" />
                <SequencePoint vc="3" uspid="268" ordinal="0" offset="64" sl="23" sc="9" el="23" ec="9" bec="0" bev="0" fileid="11" />
                <SequencePoint vc="3" uspid="269" ordinal="0" offset="76" sl="24" sc="5" el="24" ec="5" bec="0" bev="0" fileid="11" />
              </SequencePoints>
              <BranchPoints />
            </Method>
            <Method visited="true" cyclomaticComplexity="0" nPathComplexity="0" sequenceCoverage="66.67" branchCoverage="0" crapScore="0" isConstructor="false" isStatic="false" isGetter="false" isSetter="false">
              <Summary numSequencePoints="9" visitedSequencePoints="6" numBranchPoints="0" visitedBranchPoints="0" sequenceCoverage="66.67" branchCoverage="0" maxCyclomaticComplexity="0" minCyclomaticComplexity="0" maxCrapScore="0" minCrapScore="0" visitedClasses="0" numClasses="0" visitedMethods="1" numMethods="1" />
              <MetadataToken>100663331</MetadataToken>
              <Name>System.Void PlatformEffector::Update()</Name>
              <FileRef uid="11" />
              <SequencePoints>
                <SequencePoint vc="507" uspid="270" ordinal="0" offset="0" sl="28" sc="5" el="28" ec="5" bec="0" bev="0" fileid="11" />
                <SequencePoint vc="507" uspid="271" ordinal="0" offset="1" sl="29" sc="9" el="29" ec="9" bec="0" bev="0" fileid="11" />
                <SequencePoint vc="0" uspid="272" ordinal="0" offset="22" sl="30" sc="9" el="30" ec="9" bec="0" bev="0" fileid="11" />
                <SequencePoint vc="0" uspid="273" ordinal="0" offset="23" sl="31" sc="13" el="31" ec="13" bec="0" bev="0" fileid="11" />
                <SequencePoint vc="0" uspid="274" ordinal="0" offset="47" sl="32" sc="9" el="32" ec="9" bec="0" bev="0" fileid="11" />
                <SequencePoint vc="507" uspid="275" ordinal="0" offset="50" sl="34" sc="9" el="34" ec="9" bec="0" bev="0" fileid="11" />
                <SequencePoint vc="507" uspid="276" ordinal="0" offset="51" sl="35" sc="13" el="35" ec="13" bec="0" bev="0" fileid="11" />
                <SequencePoint vc="507" uspid="277" ordinal="0" offset="75" sl="37" sc="9" el="37" ec="9" bec="0" bev="0" fileid="11" />
                <SequencePoint vc="507" uspid="278" ordinal="0" offset="76" sl="38" sc="5" el="38" ec="5" bec="0" bev="0" fileid="11" />
              </SequencePoints>
              <BranchPoints />
            </Method>
          </Methods>
        </Class>
        <Class>
          <Summary numSequencePoints="148" visitedSequencePoints="59" numBranchPoints="0" visitedBranchPoints="0" sequenceCoverage="39.86" branchCoverage="0.0" maxCyclomaticComplexity="0" minCyclomaticComplexity="0" maxCrapScore="0" minCrapScore="0" visitedClasses="1" numClasses="1" visitedMethods="6" numMethods="9" />
          <FullName>PlayerController</FullName>
          <Methods>
            <Method visited="true" cyclomaticComplexity="0" nPathComplexity="0" sequenceCoverage="100.0" branchCoverage="0" crapScore="0" isConstructor="false" isStatic="false" isGetter="false" isSetter="false">
              <Summary numSequencePoints="9" visitedSequencePoints="9" numBranchPoints="0" visitedBranchPoints="0" sequenceCoverage="100.0" branchCoverage="0" maxCyclomaticComplexity="0" minCyclomaticComplexity="0" maxCrapScore="0" minCrapScore="0" visitedClasses="0" numClasses="0" visitedMethods="1" numMethods="1" />
              <MetadataToken>100663333</MetadataToken>
              <Name>System.Void PlayerController::Start()</Name>
              <FileRef uid="12" />
              <SequencePoints>
                <SequencePoint vc="1" uspid="279" ordinal="0" offset="0" sl="44" sc="5" el="44" ec="5" bec="0" bev="0" fileid="12" />
                <SequencePoint vc="1" uspid="280" ordinal="0" offset="1" sl="45" sc="9" el="45" ec="9" bec="0" bev="0" fileid="12" />
                <SequencePoint vc="1" uspid="281" ordinal="0" offset="13" sl="46" sc="9" el="46" ec="9" bec="0" bev="0" fileid="12" />
                <SequencePoint vc="1" uspid="282" ordinal="0" offset="25" sl="47" sc="9" el="47" ec="9" bec="0" bev="0" fileid="12" />
                <SequencePoint vc="1" uspid="283" ordinal="0" offset="37" sl="48" sc="9" el="48" ec="9" bec="0" bev="0" fileid="12" />
                <SequencePoint vc="1" uspid="284" ordinal="0" offset="49" sl="49" sc="9" el="49" ec="9" bec="0" bev="0" fileid="12" />
                <SequencePoint vc="1" uspid="285" ordinal="0" offset="61" sl="50" sc="9" el="50" ec="9" bec="0" bev="0" fileid="12" />
                <SequencePoint vc="1" uspid="286" ordinal="0" offset="68" sl="51" sc="9" el="51" ec="9" bec="0" bev="0" fileid="12" />
                <SequencePoint vc="1" uspid="287" ordinal="0" offset="75" sl="52" sc="5" el="52" ec="5" bec="0" bev="0" fileid="12" />
              </SequencePoints>
              <BranchPoints />
            </Method>
            <Method visited="true" cyclomaticComplexity="0" nPathComplexity="0" sequenceCoverage="100.0" branchCoverage="0" crapScore="0" isConstructor="false" isStatic="false" isGetter="false" isSetter="false">
              <Summary numSequencePoints="3" visitedSequencePoints="3" numBranchPoints="0" visitedBranchPoints="0" sequenceCoverage="100.0" branchCoverage="0" maxCyclomaticComplexity="0" minCyclomaticComplexity="0" maxCrapScore="0" minCrapScore="0" visitedClasses="0" numClasses="0" visitedMethods="1" numMethods="1" />
              <MetadataToken>100663334</MetadataToken>
              <Name>System.Void PlayerController::OnLevelWasLoaded(System.Int32)</Name>
              <FileRef uid="12" />
              <SequencePoints>
                <SequencePoint vc="2" uspid="288" ordinal="0" offset="0" sl="55" sc="5" el="55" ec="5" bec="0" bev="0" fileid="12" />
                <SequencePoint vc="2" uspid="289" ordinal="0" offset="1" sl="56" sc="9" el="56" ec="9" bec="0" bev="0" fileid="12" />
                <SequencePoint vc="2" uspid="290" ordinal="0" offset="8" sl="57" sc="5" el="57" ec="5" bec="0" bev="0" fileid="12" />
              </SequencePoints>
              <BranchPoints />
            </Method>
            <Method visited="true" cyclomaticComplexity="0" nPathComplexity="0" sequenceCoverage="51.92" branchCoverage="0" crapScore="0" isConstructor="false" isStatic="false" isGetter="false" isSetter="false">
              <Summary numSequencePoints="52" visitedSequencePoints="27" numBranchPoints="0" visitedBranchPoints="0" sequenceCoverage="51.92" branchCoverage="0" maxCyclomaticComplexity="0" minCyclomaticComplexity="0" maxCrapScore="0" minCrapScore="0" visitedClasses="0" numClasses="0" visitedMethods="1" numMethods="1" />
              <MetadataToken>100663335</MetadataToken>
              <Name>System.Void PlayerController::Update()</Name>
              <FileRef uid="12" />
              <SequencePoints>
                <SequencePoint vc="6095" uspid="291" ordinal="0" offset="0" sl="61" sc="5" el="61" ec="5" bec="0" bev="0" fileid="12" />
                <SequencePoint vc="6095" uspid="292" ordinal="0" offset="1" sl="62" sc="9" el="62" ec="9" bec="0" bev="0" fileid="12" />
                <SequencePoint vc="6095" uspid="293" ordinal="0" offset="33" sl="62" sc="67" el="62" ec="67" bec="0" bev="0" fileid="12" />
                <SequencePoint vc="6095" uspid="294" ordinal="0" offset="34" sl="63" sc="13" el="63" ec="13" bec="0" bev="0" fileid="12" />
                <SequencePoint vc="6095" uspid="295" ordinal="0" offset="51" sl="64" sc="9" el="64" ec="9" bec="0" bev="0" fileid="12" />
                <SequencePoint vc="0" uspid="296" ordinal="0" offset="54" sl="65" sc="14" el="65" ec="14" bec="0" bev="0" fileid="12" />
                <SequencePoint vc="0" uspid="297" ordinal="0" offset="67" sl="66" sc="9" el="66" ec="9" bec="0" bev="0" fileid="12" />
                <SequencePoint vc="0" uspid="298" ordinal="0" offset="68" sl="67" sc="13" el="67" ec="13" bec="0" bev="0" fileid="12" />
                <SequencePoint vc="0" uspid="299" ordinal="0" offset="82" sl="68" sc="9" el="68" ec="9" bec="0" bev="0" fileid="12" />
                <SequencePoint vc="6095" uspid="300" ordinal="0" offset="83" sl="69" sc="9" el="69" ec="9" bec="0" bev="0" fileid="12" />
                <SequencePoint vc="6095" uspid="301" ordinal="0" offset="131" sl="70" sc="9" el="70" ec="9" bec="0" bev="0" fileid="12" />
                <SequencePoint vc="6024" uspid="302" ordinal="0" offset="141" sl="71" sc="9" el="71" ec="9" bec="0" bev="0" fileid="12" />
                <SequencePoint vc="6024" uspid="303" ordinal="0" offset="142" sl="72" sc="13" el="72" ec="13" bec="0" bev="0" fileid="12" />
                <SequencePoint vc="6024" uspid="304" ordinal="0" offset="149" sl="73" sc="13" el="73" ec="13" bec="0" bev="0" fileid="12" />
                <SequencePoint vc="6024" uspid="305" ordinal="0" offset="156" sl="74" sc="9" el="74" ec="9" bec="0" bev="0" fileid="12" />
                <SequencePoint vc="71" uspid="306" ordinal="0" offset="159" sl="76" sc="9" el="76" ec="9" bec="0" bev="0" fileid="12" />
                <SequencePoint vc="71" uspid="307" ordinal="0" offset="160" sl="77" sc="13" el="77" ec="13" bec="0" bev="0" fileid="12" />
                <SequencePoint vc="0" uspid="308" ordinal="0" offset="174" sl="78" sc="13" el="78" ec="13" bec="0" bev="0" fileid="12" />
                <SequencePoint vc="0" uspid="309" ordinal="0" offset="175" sl="79" sc="17" el="79" ec="17" bec="0" bev="0" fileid="12" />
                <SequencePoint vc="0" uspid="310" ordinal="0" offset="182" sl="80" sc="13" el="80" ec="13" bec="0" bev="0" fileid="12" />
                <SequencePoint vc="71" uspid="311" ordinal="0" offset="183" sl="81" sc="9" el="81" ec="9" bec="0" bev="0" fileid="12" />
                <SequencePoint vc="6095" uspid="312" ordinal="0" offset="184" sl="82" sc="9" el="82" ec="9" bec="0" bev="0" fileid="12" />
                <SequencePoint vc="0" uspid="313" ordinal="0" offset="200" sl="83" sc="9" el="83" ec="9" bec="0" bev="0" fileid="12" />
                <SequencePoint vc="0" uspid="314" ordinal="0" offset="201" sl="84" sc="13" el="84" ec="13" bec="0" bev="0" fileid="12" />
                <SequencePoint vc="0" uspid="315" ordinal="0" offset="218" sl="85" sc="9" el="85" ec="9" bec="0" bev="0" fileid="12" />
                <SequencePoint vc="6095" uspid="316" ordinal="0" offset="221" sl="86" sc="14" el="86" ec="14" bec="0" bev="0" fileid="12" />
                <SequencePoint vc="0" uspid="317" ordinal="0" offset="265" sl="87" sc="9" el="87" ec="9" bec="0" bev="0" fileid="12" />
                <SequencePoint vc="0" uspid="318" ordinal="0" offset="266" sl="88" sc="13" el="88" ec="13" bec="0" bev="0" fileid="12" />
                <SequencePoint vc="0" uspid="319" ordinal="0" offset="321" sl="89" sc="9" el="89" ec="9" bec="0" bev="0" fileid="12" />
                <SequencePoint vc="6095" uspid="320" ordinal="0" offset="322" sl="91" sc="9" el="91" ec="9" bec="0" bev="0" fileid="12" />
                <SequencePoint vc="0" uspid="321" ordinal="0" offset="383" sl="92" sc="9" el="92" ec="9" bec="0" bev="0" fileid="12" />
                <SequencePoint vc="0" uspid="322" ordinal="0" offset="384" sl="93" sc="13" el="93" ec="13" bec="0" bev="0" fileid="12" />
                <SequencePoint vc="0" uspid="323" ordinal="0" offset="391" sl="94" sc="9" el="94" ec="9" bec="0" bev="0" fileid="12" />
                <SequencePoint vc="6095" uspid="324" ordinal="0" offset="394" sl="95" sc="14" el="95" ec="14" bec="0" bev="0" fileid="12" />
                <SequencePoint vc="0" uspid="325" ordinal="0" offset="409" sl="96" sc="9" el="96" ec="9" bec="0" bev="0" fileid="12" />
                <SequencePoint vc="0" uspid="326" ordinal="0" offset="410" sl="97" sc="13" el="97" ec="13" bec="0" bev="0" fileid="12" />
                <SequencePoint vc="0" uspid="327" ordinal="0" offset="424" sl="98" sc="9" el="98" ec="9" bec="0" bev="0" fileid="12" />
                <SequencePoint vc="6095" uspid="328" ordinal="0" offset="425" sl="99" sc="9" el="99" ec="9" bec="0" bev="0" fileid="12" />
                <SequencePoint vc="6095" uspid="329" ordinal="0" offset="442" sl="100" sc="10" el="100" ec="10" bec="0" bev="0" fileid="12" />
                <SequencePoint vc="0" uspid="330" ordinal="0" offset="476" sl="101" sc="9" el="101" ec="9" bec="0" bev="0" fileid="12" />
                <SequencePoint vc="0" uspid="331" ordinal="0" offset="477" sl="102" sc="13" el="102" ec="13" bec="0" bev="0" fileid="12" />
                <SequencePoint vc="0" uspid="332" ordinal="0" offset="490" sl="103" sc="9" el="103" ec="9" bec="0" bev="0" fileid="12" />
                <SequencePoint vc="6095" uspid="333" ordinal="0" offset="493" sl="104" sc="14" el="104" ec="14" bec="0" bev="0" fileid="12" />
                <SequencePoint vc="0" uspid="334" ordinal="0" offset="527" sl="105" sc="9" el="105" ec="9" bec="0" bev="0" fileid="12" />
                <SequencePoint vc="0" uspid="335" ordinal="0" offset="528" sl="106" sc="13" el="106" ec="13" bec="0" bev="0" fileid="12" />
                <SequencePoint vc="0" uspid="336" ordinal="0" offset="541" sl="107" sc="9" el="107" ec="9" bec="0" bev="0" fileid="12" />
                <SequencePoint vc="6095" uspid="337" ordinal="0" offset="542" sl="108" sc="9" el="108" ec="9" bec="0" bev="0" fileid="12" />
                <SequencePoint vc="6095" uspid="338" ordinal="0" offset="575" sl="109" sc="9" el="109" ec="9" bec="0" bev="0" fileid="12" />
                <SequencePoint vc="6095" uspid="339" ordinal="0" offset="598" sl="110" sc="9" el="110" ec="9" bec="0" bev="0" fileid="12" />
                <SequencePoint vc="6095" uspid="340" ordinal="0" offset="636" sl="111" sc="9" el="111" ec="9" bec="0" bev="0" fileid="12" />
                <SequencePoint vc="6095" uspid="341" ordinal="0" offset="660" sl="112" sc="9" el="112" ec="9" bec="0" bev="0" fileid="12" />
                <SequencePoint vc="6095" uspid="342" ordinal="0" offset="683" sl="113" sc="5" el="113" ec="5" bec="0" bev="0" fileid="12" />
              </SequencePoints>
              <BranchPoints />
            </Method>
            <Method visited="true" cyclomaticComplexity="0" nPathComplexity="0" sequenceCoverage="100.0" branchCoverage="0" crapScore="0" isConstructor="false" isStatic="false" isGetter="false" isSetter="false">
              <Summary numSequencePoints="11" visitedSequencePoints="11" numBranchPoints="0" visitedBranchPoints="0" sequenceCoverage="100.0" branchCoverage="0" maxCyclomaticComplexity="0" minCyclomaticComplexity="0" maxCrapScore="0" minCrapScore="0" visitedClasses="0" numClasses="0" visitedMethods="1" numMethods="1" />
              <MetadataToken>100663336</MetadataToken>
              <Name>System.Void PlayerController::ZoneIn()</Name>
              <FileRef uid="12" />
              <SequencePoints>
                <SequencePoint vc="3" uspid="343" ordinal="0" offset="0" sl="116" sc="5" el="116" ec="5" bec="0" bev="0" fileid="12" />
                <SequencePoint vc="3" uspid="344" ordinal="0" offset="1" sl="117" sc="9" el="117" ec="9" bec="0" bev="0" fileid="12" />
                <SequencePoint vc="3" uspid="345" ordinal="0" offset="17" sl="118" sc="9" el="118" ec="9" bec="0" bev="0" fileid="12" />
                <SequencePoint vc="2" uspid="346" ordinal="0" offset="31" sl="119" sc="9" el="119" ec="9" bec="0" bev="0" fileid="12" />
                <SequencePoint vc="2" uspid="347" ordinal="0" offset="32" sl="120" sc="13" el="120" ec="13" bec="0" bev="0" fileid="12" />
                <SequencePoint vc="2" uspid="348" ordinal="0" offset="68" sl="121" sc="9" el="121" ec="9" bec="0" bev="0" fileid="12" />
                <SequencePoint vc="1" uspid="349" ordinal="0" offset="71" sl="123" sc="9" el="123" ec="9" bec="0" bev="0" fileid="12" />
                <SequencePoint vc="1" uspid="350" ordinal="0" offset="72" sl="124" sc="13" el="124" ec="13" bec="0" bev="0" fileid="12" />
                <SequencePoint vc="1" uspid="351" ordinal="0" offset="104" sl="125" sc="9" el="125" ec="9" bec="0" bev="0" fileid="12" />
                <SequencePoint vc="3" uspid="352" ordinal="0" offset="105" sl="126" sc="9" el="126" ec="9" bec="0" bev="0" fileid="12" />
                <SequencePoint vc="3" uspid="353" ordinal="0" offset="112" sl="127" sc="5" el="127" ec="5" bec="0" bev="0" fileid="12" />
              </SequencePoints>
              <BranchPoints />
            </Method>
            <Method visited="true" cyclomaticComplexity="0" nPathComplexity="0" sequenceCoverage="100.0" branchCoverage="0" crapScore="0" isConstructor="false" isStatic="false" isGetter="false" isSetter="false">
              <Summary numSequencePoints="3" visitedSequencePoints="3" numBranchPoints="0" visitedBranchPoints="0" sequenceCoverage="100.0" branchCoverage="0" maxCyclomaticComplexity="0" minCyclomaticComplexity="0" maxCrapScore="0" minCrapScore="0" visitedClasses="0" numClasses="0" visitedMethods="1" numMethods="1" />
              <MetadataToken>100663337</MetadataToken>
              <Name>System.Void PlayerController::HorizontalMove(System.Single)</Name>
              <FileRef uid="12" />
              <SequencePoints>
[...]
              <MetadataToken>100663367</MetadataToken>
              <Name>System.Boolean TestSuite/&lt;PlayerVerifyTest&gt;d__22::MoveNext()</Name>
              <FileRef uid="17" />
              <SequencePoints>
                <SequencePoint vc="1" uspid="626" ordinal="0" offset="31" sl="159" sc="5" el="159" ec="5" bec="0" bev="0" fileid="17" />
                <SequencePoint vc="1" uspid="627" ordinal="0" offset="32" sl="160" sc="9" el="160" ec="9" bec="0" bev="0" fileid="17" />
                <SequencePoint vc="1" uspid="628" ordinal="0" offset="48" sl="161" sc="9" el="161" ec="9" bec="0" bev="0" fileid="17" />
                <SequencePoint vc="1" uspid="629" ordinal="0" offset="62" sl="162" sc="9" el="162" ec="9" bec="0" bev="0" fileid="17" />
                <SequencePoint vc="1" uspid="630" ordinal="0" offset="63" sl="163" sc="13" el="163" ec="13" bec="0" bev="0" fileid="17" />
                <SequencePoint vc="1" uspid="631" ordinal="0" offset="82" sl="164" sc="13" el="164" ec="13" bec="0" bev="0" fileid="17" />
                <SequencePoint vc="1" uspid="632" ordinal="0" offset="99" sl="165" sc="9" el="165" ec="9" bec="0" bev="0" fileid="17" />
                <SequencePoint vc="0" uspid="633" ordinal="0" offset="102" sl="167" sc="9" el="167" ec="9" bec="0" bev="0" fileid="17" />
                <SequencePoint vc="0" uspid="634" ordinal="0" offset="103" sl="168" sc="13" el="168" ec="13" bec="0" bev="0" fileid="17" />
                <SequencePoint vc="0" uspid="635" ordinal="0" offset="109" sl="169" sc="9" el="169" ec="9" bec="0" bev="0" fileid="17" />
                <SequencePoint vc="1" uspid="636" ordinal="0" offset="110" sl="170" sc="9" el="170" ec="9" bec="0" bev="0" fileid="17" />
                <SequencePoint vc="1" uspid="637" ordinal="0" offset="133" sl="171" sc="5" el="171" ec="5" bec="0" bev="0" fileid="17" />
              </SequencePoints>
              <BranchPoints />
            </Method>
          </Methods>
        </Class>
        <Class>
          <Summary numSequencePoints="11" visitedSequencePoints="5" numBranchPoints="0" visitedBranchPoints="0" sequenceCoverage="45.45" branchCoverage="0.0" maxCyclomaticComplexity="0" minCyclomaticComplexity="0" maxCrapScore="0" minCrapScore="0" visitedClasses="1" numClasses="1" visitedMethods="1" numMethods="1" />
          <FullName>TestSuite/&lt;CellPathTest&gt;d__23</FullName>
          <Methods>
            <Method visited="true" cyclomaticComplexity="0" nPathComplexity="0" sequenceCoverage="45.45" branchCoverage="0" crapScore="0" isConstructor="false" isStatic="false" isGetter="false" isSetter="false">
              <Summary numSequencePoints="11" visitedSequencePoints="5" numBranchPoints="0" visitedBranchPoints="0" sequenceCoverage="45.45" branchCoverage="0" maxCyclomaticComplexity="0" minCyclomaticComplexity="0" maxCrapScore="0" minCrapScore="0" visitedClasses="0" numClasses="0" visitedMethods="1" numMethods="1" />
              <MetadataToken>100663373</MetadataToken>
              <Name>System.Boolean TestSuite/&lt;CellPathTest&gt;d__23::MoveNext()</Name>
              <FileRef uid="17" />
              <SequencePoints>
                <SequencePoint vc="1" uspid="638" ordinal="0" offset="45" sl="175" sc="5" el="175" ec="5" bec="0" bev="0" fileid="17" />
                <SequencePoint vc="1" uspid="639" ordinal="0" offset="46" sl="178" sc="14" el="178" ec="14" bec="0" bev="0" fileid="17" />
                <SequencePoint vc="1" uspid="640" ordinal="0" offset="56" sl="179" sc="9" el="179" ec="9" bec="0" bev="0" fileid="17" />
                <SequencePoint vc="1" uspid="641" ordinal="0" offset="57" sl="180" sc="13" el="180" ec="13" bec="0" bev="0" fileid="17" />
                <SequencePoint vc="0" uspid="642" ordinal="0" offset="79" sl="181" sc="13" el="181" ec="13" bec="0" bev="0" fileid="17" />
                <SequencePoint vc="0" uspid="643" ordinal="0" offset="118" sl="182" sc="9" el="182" ec="9" bec="0" bev="0" fileid="17" />
                <SequencePoint vc="0" uspid="644" ordinal="0" offset="119" sl="178" sc="34" el="178" ec="34" bec="0" bev="0" fileid="17" />
                <SequencePoint vc="1" uspid="645" ordinal="0" offset="135" sl="178" sc="27" el="178" ec="27" bec="0" bev="0" fileid="17" />
                <SequencePoint vc="0" uspid="646" ordinal="0" offset="148" sl="184" sc="9" el="184" ec="9" bec="0" bev="0" fileid="17" />
                <SequencePoint vc="0" uspid="647" ordinal="0" offset="172" sl="185" sc="9" el="185" ec="9" bec="0" bev="0" fileid="17" />
                <SequencePoint vc="0" uspid="648" ordinal="0" offset="195" sl="186" sc="5" el="186" ec="5" bec="0" bev="0" fileid="17" />
              </SequencePoints>
              <BranchPoints />
            </Method>
          </Methods>
        </Class>
        <Class>
          <Summary numSequencePoints="5" visitedSequencePoints="3" numBranchPoints="0" visitedBranchPoints="0" sequenceCoverage="60.00" branchCoverage="0.0" maxCyclomaticComplexity="0" minCyclomaticComplexity="0" maxCrapScore="0" minCrapScore="0" visitedClasses="1" numClasses="1" visitedMethods="1" numMethods="1" />
          <FullName>TestSuite/&lt;LoadTestCell&gt;d__24</FullName>
          <Methods>
            <Method visited="true" cyclomaticComplexity="0" nPathComplexity="0" sequenceCoverage="60.00" branchCoverage="0" crapScore="0" isConstructor="false" isStatic="false" isGetter="false" isSetter="false">
              <Summary numSequencePoints="5" visitedSequencePoints="3" numBranchPoints="0" visitedBranchPoints="0" sequenceCoverage="60.00" branchCoverage="0" maxCyclomaticComplexity="0" minCyclomaticComplexity="0" maxCrapScore="0" minCrapScore="0" visitedClasses="0" numClasses="0" visitedMethods="1" numMethods="1" />
              <MetadataToken>100663379</MetadataToken>
              <Name>System.Boolean TestSuite/&lt;LoadTestCell&gt;d__24::MoveNext()</Name>
              <FileRef uid="17" />
              <SequencePoints>
                <SequencePoint vc="1" uspid="649" ordinal="0" offset="31" sl="190" sc="5" el="190" ec="5" bec="0" bev="0" fileid="17" />
                <SequencePoint vc="1" uspid="650" ordinal="0" offset="32" sl="191" sc="9" el="191" ec="9" bec="0" bev="0" fileid="17" />
                <SequencePoint vc="1" uspid="651" ordinal="0" offset="49" sl="192" sc="9" el="192" ec="9" bec="0" bev="0" fileid="17" />
                <SequencePoint vc="0" uspid="652" ordinal="0" offset="73" sl="193" sc="9" el="193" ec="9" bec="0" bev="0" fileid="17" />
                <SequencePoint vc="0" uspid="653" ordinal="0" offset="96" sl="194" sc="5" el="194" ec="5" bec="0" bev="0" fileid="17" />
              </SequencePoints>
              <BranchPoints />
            </Method>
          </Methods>
        </Class>
        <Class>
          <Summary numSequencePoints="6" visitedSequencePoints="6" numBranchPoints="0" visitedBranchPoints="0" sequenceCoverage="100.0" branchCoverage="0.0" maxCyclomaticComplexity="0" minCyclomaticComplexity="0" maxCrapScore="0" minCrapScore="0" visitedClasses="1" numClasses="1" visitedMethods="1" numMethods="1" />
          <FullName>TestSuite/&lt;HorizontalMovementTest&gt;d__25</FullName>
          <Methods>
            <Method visited="true" cyclomaticComplexity="0" nPathComplexity="0" sequenceCoverage="100.0" branchCoverage="0" crapScore="0" isConstructor="false" isStatic="false" isGetter="false" isSetter="false">
              <Summary numSequencePoints="6" visitedSequencePoints="6" numBranchPoints="0" visitedBranchPoints="0" sequenceCoverage="100.0" branchCoverage="0" maxCyclomaticComplexity="0" minCyclomaticComplexity="0" maxCrapScore="0" minCrapScore="0" visitedClasses="0" numClasses="0" visitedMethods="1" numMethods="1" />
              <MetadataToken>100663385</MetadataToken>
              <Name>System.Boolean TestSuite/&lt;HorizontalMovementTest&gt;d__25::MoveNext()</Name>
              <FileRef uid="17" />
              <SequencePoints>
                <SequencePoint vc="1" uspid="654" ordinal="0" offset="31" sl="198" sc="5" el="198" ec="5" bec="0" bev="0" fileid="17" />
                <SequencePoint vc="1" uspid="655" ordinal="0" offset="32" sl="199" sc="9" el="199" ec="9" bec="0" bev="0" fileid="17" />
                <SequencePoint vc="1" uspid="656" ordinal="0" offset="45" sl="200" sc="9" el="200" ec="9" bec="0" bev="0" fileid="17" />
                <SequencePoint vc="1" uspid="657" ordinal="0" offset="58" sl="201" sc="9" el="201" ec="9" bec="0" bev="0" fileid="17" />
                <SequencePoint vc="1" uspid="658" ordinal="0" offset="65" sl="202" sc="9" el="202" ec="9" bec="0" bev="0" fileid="17" />
                <SequencePoint vc="1" uspid="659" ordinal="0" offset="88" sl="203" sc="5" el="203" ec="5" bec="0" bev="0" fileid="17" />
              </SequencePoints>
              <BranchPoints />
            </Method>
          </Methods>
        </Class>
        <Class>
          <Summary numSequencePoints="10" visitedSequencePoints="7" numBranchPoints="0" visitedBranchPoints="0" sequenceCoverage="70.00" branchCoverage="0.0" maxCyclomaticComplexity="0" minCyclomaticComplexity="0" maxCrapScore="0" minCrapScore="0" visitedClasses="1" numClasses="1" visitedMethods="1" numMethods="1" />
          <FullName>TestSuite/&lt;JumpTest&gt;d__26</FullName>
          <Methods>
            <Method visited="true" cyclomaticComplexity="0" nPathComplexity="0" sequenceCoverage="70.00" branchCoverage="0" crapScore="0" isConstructor="false" isStatic="false" isGetter="false" isSetter="false">
              <Summary numSequencePoints="10" visitedSequencePoints="7" numBranchPoints="0" visitedBranchPoints="0" sequenceCoverage="70.00" branchCoverage="0" maxCyclomaticComplexity="0" minCyclomaticComplexity="0" maxCrapScore="0" minCrapScore="0" visitedClasses="0" numClasses="0" visitedMethods="1" numMethods="1" />
              <MetadataToken>100663391</MetadataToken>
              <Name>System.Boolean TestSuite/&lt;JumpTest&gt;d__26::MoveNext()</Name>
              <FileRef uid="17" />
              <SequencePoints>
                <SequencePoint vc="1" uspid="660" ordinal="0" offset="60" sl="207" sc="5" el="207" ec="5" bec="0" bev="0" fileid="17" />
                <SequencePoint vc="1" uspid="661" ordinal="0" offset="61" sl="208" sc="9" el="208" ec="9" bec="0" bev="0" fileid="17" />
                <SequencePoint vc="1" uspid="662" ordinal="0" offset="73" sl="209" sc="9" el="209" ec="9" bec="0" bev="0" fileid="17" />
                <SequencePoint vc="1" uspid="663" ordinal="0" offset="113" sl="210" sc="9" el="210" ec="9" bec="0" bev="0" fileid="17" />
                <SequencePoint vc="1" uspid="664" ordinal="0" offset="125" sl="211" sc="9" el="211" ec="9" bec="0" bev="0" fileid="17" />
                <SequencePoint vc="1" uspid="665" ordinal="0" offset="165" sl="212" sc="9" el="212" ec="9" bec="0" bev="0" fileid="17" />
                <SequencePoint vc="1" uspid="666" ordinal="0" offset="177" sl="213" sc="9" el="213" ec="9" bec="0" bev="0" fileid="17" />
                <SequencePoint vc="0" uspid="667" ordinal="0" offset="220" sl="214" sc="9" el="214" ec="9" bec="0" bev="0" fileid="17" />
                <SequencePoint vc="0" uspid="668" ordinal="0" offset="227" sl="215" sc="9" el="215" ec="9" bec="0" bev="0" fileid="17" />
                <SequencePoint vc="0" uspid="669" ordinal="0" offset="250" sl="216" sc="5" el="216" ec="5" bec="0" bev="0" fileid="17" />
              </SequencePoints>
              <BranchPoints />
            </Method>
          </Methods>
        </Class>
        <Class>
          <Summary numSequencePoints="10" visitedSequencePoints="0" numBranchPoints="0" visitedBranchPoints="0" sequenceCoverage="0.0" branchCoverage="0.0" maxCyclomaticComplexity="0" minCyclomaticComplexity="0" maxCrapScore="0" minCrapScore="0" visitedClasses="0" numClasses="1" visitedMethods="0" numMethods="1" />
          <FullName>TestSuite/&lt;DashTest&gt;d__27</FullName>
          <Methods>
            <Method visited="false" cyclomaticComplexity="0" nPathComplexity="0" sequenceCoverage="0.0" branchCoverage="0" crapScore="0" isConstructor="false" isStatic="false" isGetter="false" isSetter="false">
              <Summary numSequencePoints="10" visitedSequencePoints="0" numBranchPoints="0" visitedBranchPoints="0" sequenceCoverage="0.0" branchCoverage="0" maxCyclomaticComplexity="0" minCyclomaticComplexity="0" maxCrapScore="0" minCrapScore="0" visitedClasses="0" numClasses="0" visitedMethods="0" numMethods="1" />
              <MetadataToken>100663397</MetadataToken>
              <Name>System.Boolean TestSuite/&lt;DashTest&gt;d__27::MoveNext()</Name>
              <FileRef uid="17" />
              <SequencePoints>
                <SequencePoint vc="0" uspid="670" ordinal="0" offset="54" sl="220" sc="0" el="220" ec="0" bec="0" bev="0" fileid="17" />
                <SequencePoint vc="0" uspid="671" ordinal="0" offset="55" sl="221" sc="0" el="221" ec="0" bec="0" bev="0" fileid="17" />
                <SequencePoint vc="0" uspid="672" ordinal="0" offset="68" sl="222" sc="0" el="222" ec="0" bec="0" bev="0" fileid="17" />
                <SequencePoint vc="0" uspid="673" ordinal="0" offset="80" sl="223" sc="0" el="223" ec="0" bec="0" bev="0" fileid="17" />
                <SequencePoint vc="0" uspid="674" ordinal="0" offset="119" sl="224" sc="0" el="224" ec="0" bec="0" bev="0" fileid="17" />
                <SequencePoint vc="0" uspid="675" ordinal="0" offset="132" sl="225" sc="0" el="225" ec="0" bec="0" bev="0" fileid="17" />
                <SequencePoint vc="0" uspid="676" ordinal="0" offset="144" sl="226" sc="0" el="226" ec="0" bec="0" bev="0" fileid="17" />
                <SequencePoint vc="0" uspid="677" ordinal="0" offset="183" sl="227" sc="0" el="227" ec="0" bec="0" bev="0" fileid="17" />
                <SequencePoint vc="0" uspid="678" ordinal="0" offset="190" sl="228" sc="0" el="228" ec="0" bec="0" bev="0" fileid="17" />
                <SequencePoint vc="0" uspid="679" ordinal="0" offset="213" sl="229" sc="0" el="229" ec="0" bec="0" bev="0" fileid="17" />
              </SequencePoints>
              <BranchPoints />
            </Method>
          </Methods>
        </Class>
        <Class>
          <Summary numSequencePoints="9" visitedSequencePoints="0" numBranchPoints="0" visitedBranchPoints="0" sequenceCoverage="0.0" branchCoverage="0.0" maxCyclomaticComplexity="0" minCyclomaticComplexity="0" maxCrapScore="0" minCrapScore="0" visitedClasses="0" numClasses="1" visitedMethods="0" numMethods="1" />
          <FullName>TestSuite/&lt;CombatTest&gt;d__28</FullName>
          <Methods>
            <Method visited="false" cyclomaticComplexity="0" nPathComplexity="0" sequenceCoverage="0.0" branchCoverage="0" crapScore="0" isConstructor="false" isStatic="false" isGetter="false" isSetter="false">
              <Summary numSequencePoints="9" visitedSequencePoints="0" numBranchPoints="0" visitedBranchPoints="0" sequenceCoverage="0.0" branchCoverage="0" maxCyclomaticComplexity="0" minCyclomaticComplexity="0" maxCrapScore="0" minCrapScore="0" visitedClasses="0" numClasses="0" visitedMethods="0" numMethods="1" />
              <MetadataToken>100663403</MetadataToken>
              <Name>System.Boolean TestSuite/&lt;CombatTest&gt;d__28::MoveNext()</Name>
              <FileRef uid="17" />
              <SequencePoints>
                <SequencePoint vc="0" uspid="680" ordinal="0" offset="45" sl="233" sc="0" el="233" ec="0" bec="0" bev="0" fileid="17" />
                <SequencePoint vc="0" uspid="681" ordinal="0" offset="46" sl="234" sc="0" el="234" ec="0" bec="0" bev="0" fileid="17" />
                <SequencePoint vc="0" uspid="682" ordinal="0" offset="91" sl="235" sc="0" el="235" ec="0" bec="0" bev="0" fileid="17" />
                <SequencePoint vc="0" uspid="683" ordinal="0" offset="103" sl="236" sc="0" el="236" ec="0" bec="0" bev="0" fileid="17" />
                <SequencePoint vc="0" uspid="684" ordinal="0" offset="115" sl="237" sc="0" el="237" ec="0" bec="0" bev="0" fileid="17" />
                <SequencePoint vc="0" uspid="685" ordinal="0" offset="155" sl="238" sc="0" el="238" ec="0" bec="0" bev="0" fileid="17" />
                <SequencePoint vc="0" uspid="686" ordinal="0" offset="167" sl="239" sc="0" el="239" ec="0" bec="0" bev="0" fileid="17" />
                <SequencePoint vc="0" uspid="687" ordinal="0" offset="174" sl="240" sc="0" el="240" ec="0" bec="0" bev="0" fileid="17" />
                <SequencePoint vc="0" uspid="688" ordinal="0" offset="197" sl="241" sc="0" el="241" ec="0" bec="0" bev="0" fileid="17" />
              </SequencePoints>
              <BranchPoints />
            </Method>
          </Methods>
        </Class>
        <Class>
          <Summary numSequencePoints="12" visitedSequencePoints="0" numBranchPoints="0" visitedBranchPoints="0" sequenceCoverage="0.0" branchCoverage="0.0" maxCyclomaticComplexity="0" minCyclomaticComplexity="0" maxCrapScore="0" minCrapScore="0" visitedClasses="0" numClasses="1" visitedMethods="0" numMethods="1" />
          <FullName>TestSuite/&lt;CameraLimitTest&gt;d__29</FullName>
          <Methods>
            <Method visited="false" cyclomaticComplexity="0" nPathComplexity="0" sequenceCoverage="0.0" branchCoverage="0" crapScore="0" isConstructor="false" isStatic="false" isGetter="false" isSetter="false">
              <Summary numSequencePoints="12" visitedSequencePoints="0" numBranchPoints="0" visitedBranchPoints="0" sequenceCoverage="0.0" branchCoverage="0" maxCyclomaticComplexity="0" minCyclomaticComplexity="0" maxCrapScore="0" minCrapScore="0" visitedClasses="0" numClasses="0" visitedMethods="0" numMethods="1" />
              <MetadataToken>100663409</MetadataToken>
              <Name>System.Boolean TestSuite/&lt;CameraLimitTest&gt;d__29::MoveNext()</Name>
              <FileRef uid="17" />
              <SequencePoints>
                <SequencePoint vc="0" uspid="689" ordinal="0" offset="72" sl="245" sc="0" el="245" ec="0" bec="0" bev="0" fileid="17" />
                <SequencePoint vc="0" uspid="690" ordinal="0" offset="73" sl="246" sc="0" el="246" ec="0" bec="0" bev="0" fileid="17" />
                <SequencePoint vc="0" uspid="691" ordinal="0" offset="118" sl="247" sc="0" el="247" ec="0" bec="0" bev="0" fileid="17" />
                <SequencePoint vc="0" uspid="692" ordinal="0" offset="157" sl="248" sc="0" el="248" ec="0" bec="0" bev="0" fileid="17" />
                <SequencePoint vc="0" uspid="693" ordinal="0" offset="202" sl="249" sc="0" el="249" ec="0" bec="0" bev="0" fileid="17" />
                <SequencePoint vc="0" uspid="694" ordinal="0" offset="241" sl="250" sc="0" el="250" ec="0" bec="0" bev="0" fileid="17" />
                <SequencePoint vc="0" uspid="695" ordinal="0" offset="286" sl="251" sc="0" el="251" ec="0" bec="0" bev="0" fileid="17" />
                <SequencePoint vc="0" uspid="696" ordinal="0" offset="325" sl="252" sc="0" el="252" ec="0" bec="0" bev="0" fileid="17" />
                <SequencePoint vc="0" uspid="697" ordinal="0" offset="370" sl="253" sc="0" el="253" ec="0" bec="0" bev="0" fileid="17" />
                <SequencePoint vc="0" uspid="698" ordinal="0" offset="409" sl="254" sc="0" el="254" ec="0" bec="0" bev="0" fileid="17" />
                <SequencePoint vc="0" uspid="699" ordinal="0" offset="416" sl="255" sc="0" el="255" ec="0" bec="0" bev="0" fileid="17" />
                <SequencePoint vc="0" uspid="700" ordinal="0" offset="439" sl="256" sc="0" el="256" ec="0" bec="0" bev="0" fileid="17" />
              </SequencePoints>
              <BranchPoints />
            </Method>
          </Methods>
        </Class>
      </Classes>
    </Module>
  </Modules>
</CoverageSession>