<?xml version="1.0" encoding="utf-8"?>
<CoverageSession xmlns:xsd="http://www.w3.org/2001/XMLSchema" xmlns:xsi="http://www.w3.org/2001/XMLSchema-instance" Version="0.0.0.0">
  <Summary numSequencePoints="1729" visitedSequencePoints="1129" numBranchPoints="0" visitedBranchPoints="0" sequenceCoverage="65.30" branchCoverage="0.0" maxCyclomaticComplexity="0" minCyclomaticComplexity="0" maxCrapScore="0" minCrapScore="0" visitedClasses="43" numClasses="53" visitedMethods="100" numMethods="126" />
  <Modules>
    <Module>
      <Summary numSequencePoints="1259" visitedSequencePoints="875" numBranchPoints="0" visitedBranchPoints="0" sequenceCoverage="69.50" branchCoverage="0.0" maxCyclomaticComplexity="0" minCyclomaticComplexity="0" maxCrapScore="0" minCrapScore="0" visitedClasses="27" numClasses="29" visitedMethods="81" numMethods="99" />
      <ModuleTime>0001-01-01T00:00:00</ModuleTime>
      <ModuleName>GameAssembly</ModuleName>
      <Files>
        <File uid="1" fullPath="C:/Users/William Brett/Documents/GitHub/DuskVale/Assets/Scripts/AngelController.cs" />
        <File uid="2" fullPath="C:/Users/William Brett/Documents/GitHub/DuskVale/Assets/Scripts/AngelTrigger.cs" />
        <File uid="3" fullPath="C:/Users/William Brett/Documents/GitHub/DuskVale/Assets/Scripts/BGMHandler.cs" />
        <File uid="4" fullPath="C:/Users/William Brett/Documents/GitHub/DuskVale/Assets/Scripts/BGMPersistance.cs" />
        <File uid="5" fullPath="C:/Users/William Brett/Documents/GitHub/DuskVale/Assets/Scripts/CameraController.cs" />
        <File uid="6" fullPath="C:/Users/William Brett/Documents/GitHub/DuskVale/Assets/Scripts/CellPathway.cs" />
        <File uid="7" fullPath="C:/Users/William Brett/Documents/GitHub/DuskVale/Assets/Scripts/DarkWizardController.cs" />
        <File uid="8" fullPath="C:/Users/William Brett/Documents/GitHub/DuskVale/Assets/Scripts/DarkWizardTrigger.cs" />
        <File uid="9" fullPath="C:/Users/William Brett/Documents/GitHub/DuskVale/Assets/Scripts/EventSystemPersistence.cs" />
        <File uid="10" fullPath="C:/Users/William Brett/Documents/GitHub/DuskVale/Assets/Scripts/EventSystemSpawner.cs" />
        <File uid="11" fullPath="C:/Users/William Brett/Documents/GitHub/DuskVale/Assets/Scripts/ExitButton.cs" />
        <File uid="12" fullPath="C:/Users/William Brett/Documents/GitHub/DuskVale/Assets/Scripts/HealthBarController.cs" />
        <File uid="13" fullPath="C:/Users/William Brett/Documents/GitHub/DuskVale/Assets/Scripts/HealthManager.cs" />
        <File uid="14" fullPath="C:/Users/William Brett/Documents/GitHub/DuskVale/Assets/Scripts/HellcatController.cs" />
        <File uid="15" fullPath="C:/Users/William Brett/Documents/GitHub/DuskVale/Assets/Scripts/HellcatMobController.cs" />
        <File uid="16" fullPath="C:/Users/William Brett/Documents/GitHub/DuskVale/Assets/Scripts/LoadChecker.cs" />
        <File uid="17" fullPath="C:/Users/William Brett/Documents/GitHub/DuskVale/Assets/Scripts/LoadManager.cs" />
        <File uid="18" fullPath="C:/Users/William Brett/Documents/GitHub/DuskVale/Assets/Scripts/MainMenuParallax.cs" />
        <File uid="19" fullPath="C:/Users/William Brett/Documents/GitHub/DuskVale/Assets/Scripts/MainMenuStart.cs" />
        <File uid="20" fullPath="C:/Users/William Brett/Documents/GitHub/DuskVale/Assets/Scripts/MetadataRecord.cs" />
        <File uid="21" fullPath="C:/Users/William Brett/Documents/GitHub/DuskVale/Assets/Scripts/PauseMenuController.cs" />
        <File uid="22" fullPath="C:/Users/William Brett/Documents/GitHub/DuskVale/Assets/Scripts/PickupHandler.cs" />
        <File uid="23" fullPath="C:/Users/William Brett/Documents/GitHub/DuskVale/Assets/Scripts/PlatformEffector.cs" />
        <File uid="24" fullPath="C:/Users/William Brett/Documents/GitHub/DuskVale/Assets/Scripts/PlayerController.cs" />
        <File uid="25" fullPath="C:/Users/William Brett/Documents/GitHub/DuskVale/Assets/Scripts/PlayerRecord.cs" />
        <File uid="26" fullPath="C:/Users/William Brett/Documents/GitHub/DuskVale/Assets/Scripts/ProjectileManager.cs" />
        <File uid="27" fullPath="C:/Users/William Brett/Documents/GitHub/DuskVale/Assets/Scripts/SaveManager.cs" />
        <File uid="28" fullPath="C:/Users/William Brett/Documents/GitHub/DuskVale/Assets/Scripts/SkeletonAwake.cs" />
        <File uid="29" fullPath="C:/Users/William Brett/Documents/GitHub/DuskVale/Assets/Scripts/SkeletonController.cs" />
      </Files>
      <Classes>
        <Class>
          <Summary numSequencePoints="53" visitedSequencePoints="53" numBranchPoints="0" visitedBranchPoints="0" sequenceCoverage="100.0" branchCoverage="0.0" maxCyclomaticComplexity="0" minCyclomaticComplexity="0" maxCrapScore="0" minCrapScore="0" visitedClasses="1" numClasses="1" visitedMethods="5" numMethods="5" />
          <FullName>AngelController</FullName>
          <Methods>
            <Method visited="true" cyclomaticComplexity="0" nPathComplexity="0" sequenceCoverage="100.0" branchCoverage="0" crapScore="0" isConstructor="false" isStatic="false" isGetter="false" isSetter="false">
              <Summary numSequencePoints="9" visitedSequencePoints="9" numBranchPoints="0" visitedBranchPoints="0" sequenceCoverage="100.0" branchCoverage="0" maxCyclomaticComplexity="0" minCyclomaticComplexity="0" maxCrapScore="0" minCrapScore="0" visitedClasses="0" numClasses="0" visitedMethods="1" numMethods="1" />
              <MetadataToken>100663297</MetadataToken>
              <Name>System.Void AngelController::Start()</Name>
              <FileRef uid="1" />
              <SequencePoints>
                <SequencePoint vc="1" uspid="1" ordinal="0" offset="0" sl="23" sc="5" el="23" ec="5" bec="0" bev="0" fileid="1" />
                <SequencePoint vc="1" uspid="2" ordinal="0" offset="1" sl="24" sc="9" el="24" ec="9" bec="0" bev="0" fileid="1" />
                <SequencePoint vc="1" uspid="3" ordinal="0" offset="13" sl="25" sc="9" el="25" ec="9" bec="0" bev="0" fileid="1" />
                <SequencePoint vc="1" uspid="4" ordinal="0" offset="25" sl="26" sc="9" el="26" ec="9" bec="0" bev="0" fileid="1" />
                <SequencePoint vc="1" uspid="5" ordinal="0" offset="37" sl="27" sc="9" el="27" ec="9" bec="0" bev="0" fileid="1" />
                <SequencePoint vc="1" uspid="6" ordinal="0" offset="59" sl="28" sc="9" el="28" ec="9" bec="0" bev="0" fileid="1" />
                <SequencePoint vc="1" uspid="7" ordinal="0" offset="77" sl="29" sc="9" el="29" ec="9" bec="0" bev="0" fileid="1" />
                <SequencePoint vc="1" uspid="8" ordinal="0" offset="84" sl="30" sc="9" el="30" ec="9" bec="0" bev="0" fileid="1" />
                <SequencePoint vc="1" uspid="9" ordinal="0" offset="91" sl="31" sc="5" el="31" ec="5" bec="0" bev="0" fileid="1" />
              </SequencePoints>
              <BranchPoints />
            </Method>
            <Method visited="true" cyclomaticComplexity="0" nPathComplexity="0" sequenceCoverage="100.0" branchCoverage="0" crapScore="0" isConstructor="false" isStatic="false" isGetter="false" isSetter="false">
              <Summary numSequencePoints="34" visitedSequencePoints="34" numBranchPoints="0" visitedBranchPoints="0" sequenceCoverage="100.0" branchCoverage="0" maxCyclomaticComplexity="0" minCyclomaticComplexity="0" maxCrapScore="0" minCrapScore="0" visitedClasses="0" numClasses="0" visitedMethods="1" numMethods="1" />
              <MetadataToken>100663298</MetadataToken>
              <Name>System.Void AngelController::Update()</Name>
              <FileRef uid="1" />
              <SequencePoints>
                <SequencePoint vc="7897" uspid="10" ordinal="0" offset="0" sl="35" sc="5" el="35" ec="5" bec="0" bev="0" fileid="1" />
                <SequencePoint vc="7897" uspid="11" ordinal="0" offset="1" sl="36" sc="9" el="36" ec="9" bec="0" bev="0" fileid="1" />
                <SequencePoint vc="100" uspid="12" ordinal="0" offset="14" sl="37" sc="9" el="37" ec="9" bec="0" bev="0" fileid="1" />
                <SequencePoint vc="100" uspid="13" ordinal="0" offset="15" sl="38" sc="13" el="38" ec="13" bec="0" bev="0" fileid="1" />
                <SequencePoint vc="100" uspid="14" ordinal="0" offset="29" sl="39" sc="13" el="39" ec="13" bec="0" bev="0" fileid="1" />
                <SequencePoint vc="1" uspid="15" ordinal="0" offset="42" sl="40" sc="13" el="40" ec="13" bec="0" bev="0" fileid="1" />
                <SequencePoint vc="1" uspid="16" ordinal="0" offset="43" sl="41" sc="17" el="41" ec="17" bec="0" bev="0" fileid="1" />
                <SequencePoint vc="1" uspid="17" ordinal="0" offset="50" sl="42" sc="17" el="42" ec="17" bec="0" bev="0" fileid="1" />
                <SequencePoint vc="1" uspid="18" ordinal="0" offset="58" sl="43" sc="17" el="43" ec="17" bec="0" bev="0" fileid="1" />
                <SequencePoint vc="1" uspid="19" ordinal="0" offset="76" sl="44" sc="13" el="44" ec="13" bec="0" bev="0" fileid="1" />
                <SequencePoint vc="100" uspid="20" ordinal="0" offset="77" sl="45" sc="9" el="45" ec="9" bec="0" bev="0" fileid="1" />
                <SequencePoint vc="7797" uspid="21" ordinal="0" offset="83" sl="46" sc="14" el="46" ec="14" bec="0" bev="0" fileid="1" />
                <SequencePoint vc="200" uspid="22" ordinal="0" offset="99" sl="47" sc="9" el="47" ec="9" bec="0" bev="0" fileid="1" />
                <SequencePoint vc="200" uspid="23" ordinal="0" offset="100" sl="48" sc="13" el="48" ec="13" bec="0" bev="0" fileid="1" />
                <SequencePoint vc="100" uspid="24" ordinal="0" offset="116" sl="49" sc="13" el="49" ec="13" bec="0" bev="0" fileid="1" />
                <SequencePoint vc="100" uspid="25" ordinal="0" offset="117" sl="50" sc="17" el="50" ec="17" bec="0" bev="0" fileid="1" />
                <SequencePoint vc="100" uspid="26" ordinal="0" offset="131" sl="51" sc="17" el="51" ec="17" bec="0" bev="0" fileid="1" />
                <SequencePoint vc="100" uspid="27" ordinal="0" offset="215" sl="52" sc="17" el="52" ec="17" bec="0" bev="0" fileid="1" />
                <SequencePoint vc="1" uspid="28" ordinal="0" offset="230" sl="53" sc="17" el="53" ec="17" bec="0" bev="0" fileid="1" />
                <SequencePoint vc="1" uspid="29" ordinal="0" offset="231" sl="54" sc="21" el="54" ec="21" bec="0" bev="0" fileid="1" />
                <SequencePoint vc="1" uspid="30" ordinal="0" offset="239" sl="55" sc="21" el="55" ec="21" bec="0" bev="0" fileid="1" />
                <SequencePoint vc="1" uspid="31" ordinal="0" offset="246" sl="56" sc="17" el="56" ec="17" bec="0" bev="0" fileid="1" />
                <SequencePoint vc="100" uspid="32" ordinal="0" offset="247" sl="57" sc="13" el="57" ec="13" bec="0" bev="0" fileid="1" />
                <SequencePoint vc="100" uspid="33" ordinal="0" offset="253" sl="59" sc="13" el="59" ec="13" bec="0" bev="0" fileid="1" />
                <SequencePoint vc="100" uspid="34" ordinal="0" offset="254" sl="60" sc="17" el="60" ec="17" bec="0" bev="0" fileid="1" />
                <SequencePoint vc="100" uspid="35" ordinal="0" offset="268" sl="61" sc="17" el="61" ec="17" bec="0" bev="0" fileid="1" />
                <SequencePoint vc="100" uspid="36" ordinal="0" offset="352" sl="62" sc="17" el="62" ec="17" bec="0" bev="0" fileid="1" />
                <SequencePoint vc="1" uspid="37" ordinal="0" offset="367" sl="63" sc="17" el="63" ec="17" bec="0" bev="0" fileid="1" />
                <SequencePoint vc="1" uspid="38" ordinal="0" offset="368" sl="64" sc="21" el="64" ec="21" bec="0" bev="0" fileid="1" />
                <SequencePoint vc="1" uspid="39" ordinal="0" offset="386" sl="65" sc="21" el="65" ec="21" bec="0" bev="0" fileid="1" />
                <SequencePoint vc="1" uspid="40" ordinal="0" offset="393" sl="66" sc="17" el="66" ec="17" bec="0" bev="0" fileid="1" />
                <SequencePoint vc="100" uspid="41" ordinal="0" offset="394" sl="67" sc="13" el="67" ec="13" bec="0" bev="0" fileid="1" />
                <SequencePoint vc="200" uspid="42" ordinal="0" offset="395" sl="69" sc="9" el="69" ec="9" bec="0" bev="0" fileid="1" />
                <SequencePoint vc="7897" uspid="43" ordinal="0" offset="396" sl="76" sc="5" el="76" ec="5" bec="0" bev="0" fileid="1" />
              </SequencePoints>
              <BranchPoints />
            </Method>
            <Method visited="true" cyclomaticComplexity="0" nPathComplexity="0" sequenceCoverage="100.0" branchCoverage="0" crapScore="0" isConstructor="false" isStatic="false" isGetter="false" isSetter="false">
              <Summary numSequencePoints="3" visitedSequencePoints="3" numBranchPoints="0" visitedBranchPoints="0" sequenceCoverage="100.0" branchCoverage="0" maxCyclomaticComplexity="0" minCyclomaticComplexity="0" maxCrapScore="0" minCrapScore="0" visitedClasses="0" numClasses="0" visitedMethods="1" numMethods="1" />
              <MetadataToken>100663299</MetadataToken>
              <Name>System.Void AngelController::Trigger()</Name>
              <FileRef uid="1" />
              <SequencePoints>
                <SequencePoint vc="1" uspid="44" ordinal="0" offset="0" sl="79" sc="5" el="79" ec="5" bec="0" bev="0" fileid="1" />
                <SequencePoint vc="1" uspid="45" ordinal="0" offset="1" sl="80" sc="13" el="80" ec="13" bec="0" bev="0" fileid="1" />
                <SequencePoint vc="1" uspid="46" ordinal="0" offset="9" sl="81" sc="5" el="81" ec="5" bec="0" bev="0" fileid="1" />
              </SequencePoints>
              <BranchPoints />
            </Method>
            <Method visited="true" cyclomaticComplexity="0" nPathComplexity="0" sequenceCoverage="100.0" branchCoverage="0" crapScore="0" isConstructor="false" isStatic="false" isGetter="false" isSetter="false">
              <Summary numSequencePoints="6" visitedSequencePoints="6" numBranchPoints="0" visitedBranchPoints="0" sequenceCoverage="100.0" branchCoverage="0" maxCyclomaticComplexity="0" minCyclomaticComplexity="0" maxCrapScore="0" minCrapScore="0" visitedClasses="0" numClasses="0" visitedMethods="1" numMethods="1" />
              <MetadataToken>100663300</MetadataToken>
              <Name>System.Void AngelController::OnTriggerEnter2D(UnityEngine.Collider2D)</Name>
              <FileRef uid="1" />
              <SequencePoints>
                <SequencePoint vc="7" uspid="47" ordinal="0" offset="0" sl="84" sc="5" el="84" ec="5" bec="0" bev="0" fileid="1" />
                <SequencePoint vc="7" uspid="48" ordinal="0" offset="1" sl="85" sc="9" el="85" ec="9" bec="0" bev="0" fileid="1" />
                <SequencePoint vc="4" uspid="49" ordinal="0" offset="21" sl="86" sc="9" el="86" ec="9" bec="0" bev="0" fileid="1" />
                <SequencePoint vc="4" uspid="50" ordinal="0" offset="22" sl="87" sc="13" el="87" ec="13" bec="0" bev="0" fileid="1" />
                <SequencePoint vc="4" uspid="51" ordinal="0" offset="40" sl="88" sc="9" el="88" ec="9" bec="0" bev="0" fileid="1" />
                <SequencePoint vc="7" uspid="52" ordinal="0" offset="41" sl="89" sc="5" el="89" ec="5" bec="0" bev="0" fileid="1" />
              </SequencePoints>
              <BranchPoints />
            </Method>
            <Method visited="true" cyclomaticComplexity="0" nPathComplexity="0" sequenceCoverage="100.0" branchCoverage="0" crapScore="0" isConstructor="true" isStatic="false" isGetter="false" isSetter="false">
              <Summary numSequencePoints="1" visitedSequencePoints="1" numBranchPoints="0" visitedBranchPoints="0" sequenceCoverage="100.0" branchCoverage="0" maxCyclomaticComplexity="0" minCyclomaticComplexity="0" maxCrapScore="0" minCrapScore="0" visitedClasses="0" numClasses="0" visitedMethods="1" numMethods="1" />
              <MetadataToken>100663301</MetadataToken>
              <Name>AngelController::AngelController()</Name>
              <FileRef uid="1" />
              <SequencePoints>
                <SequencePoint vc="4" uspid="53" ordinal="0" offset="0" sl="13" sc="5" el="13" ec="5" bec="0" bev="0" fileid="1" />
              </SequencePoints>
              <BranchPoints />
            </Method>
          </Methods>
        </Class>
        <Class>
          <Summary numSequencePoints="12" visitedSequencePoints="12" numBranchPoints="0" visitedBranchPoints="0" sequenceCoverage="100.0" branchCoverage="0.0" maxCyclomaticComplexity="0" minCyclomaticComplexity="0" maxCrapScore="0" minCrapScore="0" visitedClasses="1" numClasses="1" visitedMethods="3" numMethods="3" />
          <FullName>AngelTrigger</FullName>
          <Methods>
            <Method visited="true" cyclomaticComplexity="0" nPathComplexity="0" sequenceCoverage="100.0" branchCoverage="0" crapScore="0" isConstructor="false" isStatic="false" isGetter="false" isSetter="false">
              <Summary numSequencePoints="2" visitedSequencePoints="2" numBranchPoints="0" visitedBranchPoints="0" sequenceCoverage="100.0" branchCoverage="0" maxCyclomaticComplexity="0" minCyclomaticComplexity="0" maxCrapScore="0" minCrapScore="0" visitedClasses="0" numClasses="0" visitedMethods="1" numMethods="1" />
              <MetadataToken>100663302</MetadataToken>
              <Name>System.Void AngelTrigger::Start()</Name>
              <FileRef uid="2" />
              <SequencePoints>
                <SequencePoint vc="1" uspid="54" ordinal="0" offset="0" sl="11" sc="5" el="11" ec="5" bec="0" bev="0" fileid="2" />
                <SequencePoint vc="1" uspid="55" ordinal="0" offset="1" sl="13" sc="5" el="13" ec="5" bec="0" bev="0" fileid="2" />
              </SequencePoints>
              <BranchPoints />
            </Method>
            <Method visited="true" cyclomaticComplexity="0" nPathComplexity="0" sequenceCoverage="100.0" branchCoverage="0" crapScore="0" isConstructor="false" isStatic="false" isGetter="false" isSetter="false">
              <Summary numSequencePoints="3" visitedSequencePoints="3" numBranchPoints="0" visitedBranchPoints="0" sequenceCoverage="100.0" branchCoverage="0" maxCyclomaticComplexity="0" minCyclomaticComplexity="0" maxCrapScore="0" minCrapScore="0" visitedClasses="0" numClasses="0" visitedMethods="1" numMethods="1" />
              <MetadataToken>100663303</MetadataToken>
              <Name>System.Void AngelTrigger::Update()</Name>
              <FileRef uid="2" />
              <SequencePoints>
                <SequencePoint vc="7897" uspid="56" ordinal="0" offset="0" sl="17" sc="5" el="17" ec="5" bec="0" bev="0" fileid="2" />
                <SequencePoint vc="7897" uspid="57" ordinal="0" offset="1" sl="18" sc="9" el="18" ec="9" bec="0" bev="0" fileid="2" />
                <SequencePoint vc="7897" uspid="58" ordinal="0" offset="15" sl="19" sc="5" el="19" ec="5" bec="0" bev="0" fileid="2" />
              </SequencePoints>
              <BranchPoints />
            </Method>
            <Method visited="true" cyclomaticComplexity="0" nPathComplexity="0" sequenceCoverage="100.0" branchCoverage="0" crapScore="0" isConstructor="false" isStatic="false" isGetter="false" isSetter="false">
              <Summary numSequencePoints="7" visitedSequencePoints="7" numBranchPoints="0" visitedBranchPoints="0" sequenceCoverage="100.0" branchCoverage="0" maxCyclomaticComplexity="0" minCyclomaticComplexity="0" maxCrapScore="0" minCrapScore="0" visitedClasses="0" numClasses="0" visitedMethods="1" numMethods="1" />
              <MetadataToken>100663304</MetadataToken>
              <Name>System.Void AngelTrigger::OnTriggerEnter2D(UnityEngine.Collider2D)</Name>
              <FileRef uid="2" />
              <SequencePoints>
                <SequencePoint vc="4" uspid="59" ordinal="0" offset="0" sl="22" sc="5" el="22" ec="5" bec="0" bev="0" fileid="2" />
                <SequencePoint vc="4" uspid="60" ordinal="0" offset="1" sl="23" sc="9" el="23" ec="9" bec="0" bev="0" fileid="2" />
                <SequencePoint vc="1" uspid="61" ordinal="0" offset="14" sl="24" sc="9" el="24" ec="9" bec="0" bev="0" fileid="2" />
                <SequencePoint vc="1" uspid="62" ordinal="0" offset="15" sl="25" sc="13" el="25" ec="13" bec="0" bev="0" fileid="2" />
                <SequencePoint vc="1" uspid="63" ordinal="0" offset="26" sl="26" sc="13" el="26" ec="13" bec="0" bev="0" fileid="2" />
                <SequencePoint vc="1" uspid="64" ordinal="0" offset="38" sl="27" sc="9" el="27" ec="9" bec="0" bev="0" fileid="2" />
                <SequencePoint vc="4" uspid="65" ordinal="0" offset="39" sl="28" sc="5" el="28" ec="5" bec="0" bev="0" fileid="2" />
              </SequencePoints>
              <BranchPoints />
            </Method>
          </Methods>
        </Class>
        <Class>
          <Summary numSequencePoints="144" visitedSequencePoints="53" numBranchPoints="0" visitedBranchPoints="0" sequenceCoverage="36.81" branchCoverage="0.0" maxCyclomaticComplexity="0" minCyclomaticComplexity="0" maxCrapScore="0" minCrapScore="0" visitedClasses="1" numClasses="1" visitedMethods="5" numMethods="5" />
          <FullName>BGMHandler</FullName>
          <Methods>
            <Method visited="true" cyclomaticComplexity="0" nPathComplexity="0" sequenceCoverage="100.0" branchCoverage="0" crapScore="0" isConstructor="false" isStatic="false" isGetter="false" isSetter="false">
              <Summary numSequencePoints="4" visitedSequencePoints="4" numBranchPoints="0" visitedBranchPoints="0" sequenceCoverage="100.0" branchCoverage="0" maxCyclomaticComplexity="0" minCyclomaticComplexity="0" maxCrapScore="0" minCrapScore="0" visitedClasses="0" numClasses="0" visitedMethods="1" numMethods="1" />
              <MetadataToken>100663306</MetadataToken>
              <Name>System.Void BGMHandler::Start()</Name>
              <FileRef uid="3" />
              <SequencePoints>
                <SequencePoint vc="1" uspid="66" ordinal="0" offset="0" sl="19" sc="5" el="19" ec="5" bec="0" bev="0" fileid="3" />
                <SequencePoint vc="1" uspid="67" ordinal="0" offset="1" sl="20" sc="9" el="20" ec="9" bec="0" bev="0" fileid="3" />
                <SequencePoint vc="1" uspid="68" ordinal="0" offset="13" sl="21" sc="9" el="21" ec="9" bec="0" bev="0" fileid="3" />
                <SequencePoint vc="1" uspid="69" ordinal="0" offset="20" sl="22" sc="5" el="22" ec="5" bec="0" bev="0" fileid="3" />
              </SequencePoints>
              <BranchPoints />
            </Method>
            <Method visited="true" cyclomaticComplexity="0" nPathComplexity="0" sequenceCoverage="17.86" branchCoverage="0" crapScore="0" isConstructor="false" isStatic="false" isGetter="false" isSetter="false">
              <Summary numSequencePoints="56" visitedSequencePoints="10" numBranchPoints="0" visitedBranchPoints="0" sequenceCoverage="17.86" branchCoverage="0" maxCyclomaticComplexity="0" minCyclomaticComplexity="0" maxCrapScore="0" minCrapScore="0" visitedClasses="0" numClasses="0" visitedMethods="1" numMethods="1" />
              <MetadataToken>100663307</MetadataToken>
              <Name>System.Void BGMHandler::OnLevelWasLoaded(System.Int32)</Name>
              <FileRef uid="3" />
              <SequencePoints>
                <SequencePoint vc="3" uspid="70" ordinal="0" offset="0" sl="25" sc="5" el="25" ec="5" bec="0" bev="0" fileid="3" />
                <SequencePoint vc="3" uspid="71" ordinal="0" offset="1" sl="26" sc="9" el="26" ec="9" bec="0" bev="0" fileid="3" />
                <SequencePoint vc="0" uspid="72" ordinal="0" offset="670" sl="29" sc="17" el="29" ec="17" bec="0" bev="0" fileid="3" />
                <SequencePoint vc="0" uspid="73" ordinal="0" offset="692" sl="29" sc="42" el="29" ec="42" bec="0" bev="0" fileid="3" />
                <SequencePoint vc="0" uspid="74" ordinal="0" offset="699" sl="30" sc="17" el="30" ec="17" bec="0" bev="0" fileid="3" />
                <SequencePoint vc="1" uspid="75" ordinal="0" offset="704" sl="32" sc="17" el="32" ec="17" bec="0" bev="0" fileid="3" />
                <SequencePoint vc="0" uspid="76" ordinal="0" offset="726" sl="32" sc="41" el="32" ec="41" bec="0" bev="0" fileid="3" />
                <SequencePoint vc="1" uspid="77" ordinal="0" offset="733" sl="33" sc="17" el="33" ec="17" bec="0" bev="0" fileid="3" />
                <SequencePoint vc="1" uspid="78" ordinal="0" offset="738" sl="35" sc="17" el="35" ec="17" bec="0" bev="0" fileid="3" />
                <SequencePoint vc="1" uspid="79" ordinal="0" offset="760" sl="35" sc="41" el="35" ec="41" bec="0" bev="0" fileid="3" />
                <SequencePoint vc="1" uspid="80" ordinal="0" offset="767" sl="36" sc="17" el="36" ec="17" bec="0" bev="0" fileid="3" />
                <SequencePoint vc="0" uspid="81" ordinal="0" offset="772" sl="38" sc="17" el="38" ec="17" bec="0" bev="0" fileid="3" />
                <SequencePoint vc="0" uspid="82" ordinal="0" offset="794" sl="38" sc="41" el="38" ec="41" bec="0" bev="0" fileid="3" />
                <SequencePoint vc="0" uspid="83" ordinal="0" offset="801" sl="39" sc="17" el="39" ec="17" bec="0" bev="0" fileid="3" />
                <SequencePoint vc="0" uspid="84" ordinal="0" offset="806" sl="41" sc="17" el="41" ec="17" bec="0" bev="0" fileid="3" />
                <SequencePoint vc="0" uspid="85" ordinal="0" offset="828" sl="41" sc="41" el="41" ec="41" bec="0" bev="0" fileid="3" />
                <SequencePoint vc="0" uspid="86" ordinal="0" offset="835" sl="42" sc="17" el="42" ec="17" bec="0" bev="0" fileid="3" />
                <SequencePoint vc="0" uspid="87" ordinal="0" offset="840" sl="44" sc="17" el="44" ec="17" bec="0" bev="0" fileid="3" />
                <SequencePoint vc="0" uspid="88" ordinal="0" offset="862" sl="44" sc="41" el="44" ec="41" bec="0" bev="0" fileid="3" />
                <SequencePoint vc="0" uspid="89" ordinal="0" offset="869" sl="45" sc="17" el="45" ec="17" bec="0" bev="0" fileid="3" />
                <SequencePoint vc="0" uspid="90" ordinal="0" offset="874" sl="47" sc="17" el="47" ec="17" bec="0" bev="0" fileid="3" />
                <SequencePoint vc="0" uspid="91" ordinal="0" offset="896" sl="47" sc="42" el="47" ec="42" bec="0" bev="0" fileid="3" />
                <SequencePoint vc="0" uspid="92" ordinal="0" offset="903" sl="48" sc="17" el="48" ec="17" bec="0" bev="0" fileid="3" />
                <SequencePoint vc="0" uspid="93" ordinal="0" offset="908" sl="50" sc="17" el="50" ec="17" bec="0" bev="0" fileid="3" />
                <SequencePoint vc="0" uspid="94" ordinal="0" offset="930" sl="50" sc="42" el="50" ec="42" bec="0" bev="0" fileid="3" />
                <SequencePoint vc="0" uspid="95" ordinal="0" offset="937" sl="51" sc="17" el="51" ec="17" bec="0" bev="0" fileid="3" />
                <SequencePoint vc="0" uspid="96" ordinal="0" offset="942" sl="53" sc="17" el="53" ec="17" bec="0" bev="0" fileid="3" />
                <SequencePoint vc="0" uspid="97" ordinal="0" offset="964" sl="53" sc="42" el="53" ec="42" bec="0" bev="0" fileid="3" />
                <SequencePoint vc="0" uspid="98" ordinal="0" offset="971" sl="54" sc="17" el="54" ec="17" bec="0" bev="0" fileid="3" />
                <SequencePoint vc="0" uspid="99" ordinal="0" offset="976" sl="56" sc="17" el="56" ec="17" bec="0" bev="0" fileid="3" />
                <SequencePoint vc="0" uspid="100" ordinal="0" offset="998" sl="56" sc="42" el="56" ec="42" bec="0" bev="0" fileid="3" />
                <SequencePoint vc="0" uspid="101" ordinal="0" offset="1005" sl="57" sc="17" el="57" ec="17" bec="0" bev="0" fileid="3" />
                <SequencePoint vc="0" uspid="102" ordinal="0" offset="1010" sl="59" sc="17" el="59" ec="17" bec="0" bev="0" fileid="3" />
                <SequencePoint vc="0" uspid="103" ordinal="0" offset="1032" sl="59" sc="42" el="59" ec="42" bec="0" bev="0" fileid="3" />
                <SequencePoint vc="0" uspid="104" ordinal="0" offset="1039" sl="60" sc="17" el="60" ec="17" bec="0" bev="0" fileid="3" />
                <SequencePoint vc="0" uspid="105" ordinal="0" offset="1044" sl="62" sc="17" el="62" ec="17" bec="0" bev="0" fileid="3" />
                <SequencePoint vc="0" uspid="106" ordinal="0" offset="1066" sl="62" sc="42" el="62" ec="42" bec="0" bev="0" fileid="3" />
                <SequencePoint vc="0" uspid="107" ordinal="0" offset="1073" sl="63" sc="17" el="63" ec="17" bec="0" bev="0" fileid="3" />
                <SequencePoint vc="0" uspid="108" ordinal="0" offset="1078" sl="65" sc="17" el="65" ec="17" bec="0" bev="0" fileid="3" />
                <SequencePoint vc="0" uspid="109" ordinal="0" offset="1100" sl="65" sc="42" el="65" ec="42" bec="0" bev="0" fileid="3" />
                <SequencePoint vc="0" uspid="110" ordinal="0" offset="1107" sl="66" sc="17" el="66" ec="17" bec="0" bev="0" fileid="3" />
                <SequencePoint vc="0" uspid="111" ordinal="0" offset="1112" sl="68" sc="17" el="68" ec="17" bec="0" bev="0" fileid="3" />
                <SequencePoint vc="0" uspid="112" ordinal="0" offset="1134" sl="68" sc="42" el="68" ec="42" bec="0" bev="0" fileid="3" />
                <SequencePoint vc="0" uspid="113" ordinal="0" offset="1141" sl="69" sc="17" el="69" ec="17" bec="0" bev="0" fileid="3" />
                <SequencePoint vc="0" uspid="114" ordinal="0" offset="1143" sl="71" sc="17" el="71" ec="17" bec="0" bev="0" fileid="3" />
                <SequencePoint vc="0" uspid="115" ordinal="0" offset="1165" sl="71" sc="42" el="71" ec="42" bec="0" bev="0" fileid="3" />
                <SequencePoint vc="0" uspid="116" ordinal="0" offset="1172" sl="72" sc="17" el="72" ec="17" bec="0" bev="0" fileid="3" />
                <SequencePoint vc="0" uspid="117" ordinal="0" offset="1174" sl="74" sc="17" el="74" ec="17" bec="0" bev="0" fileid="3" />
                <SequencePoint vc="0" uspid="118" ordinal="0" offset="1196" sl="74" sc="42" el="74" ec="42" bec="0" bev="0" fileid="3" />
                <SequencePoint vc="0" uspid="119" ordinal="0" offset="1203" sl="75" sc="17" el="75" ec="17" bec="0" bev="0" fileid="3" />
                <SequencePoint vc="0" uspid="120" ordinal="0" offset="1205" sl="77" sc="17" el="77" ec="17" bec="0" bev="0" fileid="3" />
                <SequencePoint vc="0" uspid="121" ordinal="0" offset="1227" sl="77" sc="42" el="77" ec="42" bec="0" bev="0" fileid="3" />
                <SequencePoint vc="0" uspid="122" ordinal="0" offset="1234" sl="78" sc="17" el="78" ec="17" bec="0" bev="0" fileid="3" />
                <SequencePoint vc="1" uspid="123" ordinal="0" offset="1236" sl="80" sc="17" el="80" ec="17" bec="0" bev="0" fileid="3" />
                <SequencePoint vc="1" uspid="124" ordinal="0" offset="1243" sl="81" sc="17" el="81" ec="17" bec="0" bev="0" fileid="3" />
                <SequencePoint vc="3" uspid="125" ordinal="0" offset="1245" sl="84" sc="5" el="84" ec="5" bec="0" bev="0" fileid="3" />
              </SequencePoints>
              <BranchPoints />
            </Method>
            <Method visited="true" cyclomaticComplexity="0" nPathComplexity="0" sequenceCoverage="22.41" branchCoverage="0" crapScore="0" isConstructor="false" isStatic="false" isGetter="false" isSetter="false">
              <Summary numSequencePoints="58" visitedSequencePoints="13" numBranchPoints="0" visitedBranchPoints="0" sequenceCoverage="22.41" branchCoverage="0" maxCyclomaticComplexity="0" minCyclomaticComplexity="0" maxCrapScore="0" minCrapScore="0" visitedClasses="0" numClasses="0" visitedMethods="1" numMethods="1" />
              <MetadataToken>100663308</MetadataToken>
              <Name>System.Void BGMHandler::ChooseBGM()</Name>
              <FileRef uid="3" />
              <SequencePoints>
                <SequencePoint vc="3" uspid="126" ordinal="0" offset="0" sl="87" sc="5" el="87" ec="5" bec="0" bev="0" fileid="3" />
                <SequencePoint vc="3" uspid="127" ordinal="0" offset="1" sl="89" sc="9" el="89" ec="9" bec="0" bev="0" fileid="3" />
                <SequencePoint vc="1" uspid="128" ordinal="0" offset="670" sl="92" sc="17" el="92" ec="17" bec="0" bev="0" fileid="3" />
                <SequencePoint vc="1" uspid="129" ordinal="0" offset="681" sl="93" sc="17" el="93" ec="17" bec="0" bev="0" fileid="3" />
                <SequencePoint vc="1" uspid="130" ordinal="0" offset="694" sl="94" sc="17" el="94" ec="17" bec="0" bev="0" fileid="3" />
                <SequencePoint vc="0" uspid="131" ordinal="0" offset="699" sl="96" sc="17" el="96" ec="17" bec="0" bev="0" fileid="3" />
                <SequencePoint vc="0" uspid="132" ordinal="0" offset="710" sl="97" sc="17" el="97" ec="17" bec="0" bev="0" fileid="3" />
                <SequencePoint vc="0" uspid="133" ordinal="0" offset="723" sl="98" sc="17" el="98" ec="17" bec="0" bev="0" fileid="3" />
                <SequencePoint vc="1" uspid="134" ordinal="0" offset="728" sl="100" sc="17" el="100" ec="17" bec="0" bev="0" fileid="3" />
                <SequencePoint vc="1" uspid="135" ordinal="0" offset="739" sl="101" sc="17" el="101" ec="17" bec="0" bev="0" fileid="3" />
                <SequencePoint vc="1" uspid="136" ordinal="0" offset="752" sl="102" sc="17" el="102" ec="17" bec="0" bev="0" fileid="3" />
                <SequencePoint vc="0" uspid="137" ordinal="0" offset="757" sl="104" sc="17" el="104" ec="17" bec="0" bev="0" fileid="3" />
                <SequencePoint vc="0" uspid="138" ordinal="0" offset="768" sl="105" sc="17" el="105" ec="17" bec="0" bev="0" fileid="3" />
                <SequencePoint vc="0" uspid="139" ordinal="0" offset="781" sl="106" sc="17" el="106" ec="17" bec="0" bev="0" fileid="3" />
                <SequencePoint vc="0" uspid="140" ordinal="0" offset="786" sl="108" sc="17" el="108" ec="17" bec="0" bev="0" fileid="3" />
                <SequencePoint vc="0" uspid="141" ordinal="0" offset="797" sl="109" sc="17" el="109" ec="17" bec="0" bev="0" fileid="3" />
                <SequencePoint vc="0" uspid="142" ordinal="0" offset="810" sl="110" sc="17" el="110" ec="17" bec="0" bev="0" fileid="3" />
                <SequencePoint vc="0" uspid="143" ordinal="0" offset="815" sl="112" sc="17" el="112" ec="17" bec="0" bev="0" fileid="3" />
                <SequencePoint vc="0" uspid="144" ordinal="0" offset="826" sl="113" sc="17" el="113" ec="17" bec="0" bev="0" fileid="3" />
                <SequencePoint vc="0" uspid="145" ordinal="0" offset="839" sl="114" sc="17" el="114" ec="17" bec="0" bev="0" fileid="3" />
                <SequencePoint vc="0" uspid="146" ordinal="0" offset="844" sl="116" sc="17" el="116" ec="17" bec="0" bev="0" fileid="3" />
                <SequencePoint vc="0" uspid="147" ordinal="0" offset="855" sl="117" sc="17" el="117" ec="17" bec="0" bev="0" fileid="3" />
                <SequencePoint vc="0" uspid="148" ordinal="0" offset="868" sl="118" sc="17" el="118" ec="17" bec="0" bev="0" fileid="3" />
                <SequencePoint vc="0" uspid="149" ordinal="0" offset="873" sl="120" sc="17" el="120" ec="17" bec="0" bev="0" fileid="3" />
                <SequencePoint vc="0" uspid="150" ordinal="0" offset="884" sl="121" sc="17" el="121" ec="17" bec="0" bev="0" fileid="3" />
                <SequencePoint vc="0" uspid="151" ordinal="0" offset="897" sl="122" sc="17" el="122" ec="17" bec="0" bev="0" fileid="3" />
                <SequencePoint vc="0" uspid="152" ordinal="0" offset="902" sl="124" sc="17" el="124" ec="17" bec="0" bev="0" fileid="3" />
                <SequencePoint vc="0" uspid="153" ordinal="0" offset="913" sl="125" sc="17" el="125" ec="17" bec="0" bev="0" fileid="3" />
                <SequencePoint vc="0" uspid="154" ordinal="0" offset="926" sl="126" sc="17" el="126" ec="17" bec="0" bev="0" fileid="3" />
                <SequencePoint vc="0" uspid="155" ordinal="0" offset="931" sl="128" sc="17" el="128" ec="17" bec="0" bev="0" fileid="3" />
                <SequencePoint vc="0" uspid="156" ordinal="0" offset="942" sl="129" sc="17" el="129" ec="17" bec="0" bev="0" fileid="3" />
                <SequencePoint vc="0" uspid="157" ordinal="0" offset="955" sl="130" sc="17" el="130" ec="17" bec="0" bev="0" fileid="3" />
                <SequencePoint vc="0" uspid="158" ordinal="0" offset="960" sl="132" sc="17" el="132" ec="17" bec="0" bev="0" fileid="3" />
                <SequencePoint vc="0" uspid="159" ordinal="0" offset="971" sl="133" sc="17" el="133" ec="17" bec="0" bev="0" fileid="3" />
                <SequencePoint vc="0" uspid="160" ordinal="0" offset="984" sl="134" sc="17" el="134" ec="17" bec="0" bev="0" fileid="3" />
                <SequencePoint vc="0" uspid="161" ordinal="0" offset="989" sl="136" sc="17" el="136" ec="17" bec="0" bev="0" fileid="3" />
                <SequencePoint vc="0" uspid="162" ordinal="0" offset="1000" sl="137" sc="17" el="137" ec="17" bec="0" bev="0" fileid="3" />
                <SequencePoint vc="0" uspid="163" ordinal="0" offset="1013" sl="138" sc="17" el="138" ec="17" bec="0" bev="0" fileid="3" />
                <SequencePoint vc="0" uspid="164" ordinal="0" offset="1018" sl="140" sc="17" el="140" ec="17" bec="0" bev="0" fileid="3" />
                <SequencePoint vc="0" uspid="165" ordinal="0" offset="1029" sl="141" sc="17" el="141" ec="17" bec="0" bev="0" fileid="3" />
                <SequencePoint vc="0" uspid="166" ordinal="0" offset="1042" sl="142" sc="17" el="142" ec="17" bec="0" bev="0" fileid="3" />
                <SequencePoint vc="0" uspid="167" ordinal="0" offset="1044" sl="144" sc="17" el="144" ec="17" bec="0" bev="0" fileid="3" />
                <SequencePoint vc="0" uspid="168" ordinal="0" offset="1055" sl="145" sc="17" el="145" ec="17" bec="0" bev="0" fileid="3" />
                <SequencePoint vc="0" uspid="169" ordinal="0" offset="1068" sl="146" sc="17" el="146" ec="17" bec="0" bev="0" fileid="3" />
                <SequencePoint vc="0" uspid="170" ordinal="0" offset="1070" sl="148" sc="17" el="148" ec="17" bec="0" bev="0" fileid="3" />
                <SequencePoint vc="0" uspid="171" ordinal="0" offset="1081" sl="149" sc="17" el="149" ec="17" bec="0" bev="0" fileid="3" />
                <SequencePoint vc="0" uspid="172" ordinal="0" offset="1094" sl="150" sc="17" el="150" ec="17" bec="0" bev="0" fileid="3" />
                <SequencePoint vc="0" uspid="173" ordinal="0" offset="1096" sl="152" sc="17" el="152" ec="17" bec="0" bev="0" fileid="3" />
                <SequencePoint vc="0" uspid="174" ordinal="0" offset="1107" sl="153" sc="17" el="153" ec="17" bec="0" bev="0" fileid="3" />
                <SequencePoint vc="0" uspid="175" ordinal="0" offset="1120" sl="154" sc="17" el="154" ec="17" bec="0" bev="0" fileid="3" />
                <SequencePoint vc="0" uspid="176" ordinal="0" offset="1122" sl="156" sc="17" el="156" ec="17" bec="0" bev="0" fileid="3" />
                <SequencePoint vc="0" uspid="177" ordinal="0" offset="1133" sl="157" sc="17" el="157" ec="17" bec="0" bev="0" fileid="3" />
                <SequencePoint vc="0" uspid="178" ordinal="0" offset="1146" sl="158" sc="17" el="158" ec="17" bec="0" bev="0" fileid="3" />
                <SequencePoint vc="1" uspid="179" ordinal="0" offset="1148" sl="160" sc="17" el="160" ec="17" bec="0" bev="0" fileid="3" />
                <SequencePoint vc="1" uspid="180" ordinal="0" offset="1155" sl="161" sc="17" el="161" ec="17" bec="0" bev="0" fileid="3" />
                <SequencePoint vc="1" uspid="181" ordinal="0" offset="1162" sl="162" sc="17" el="162" ec="17" bec="0" bev="0" fileid="3" />
                <SequencePoint vc="1" uspid="182" ordinal="0" offset="1169" sl="163" sc="17" el="163" ec="17" bec="0" bev="0" fileid="3" />
                <SequencePoint vc="3" uspid="183" ordinal="0" offset="1171" sl="165" sc="5" el="165" ec="5" bec="0" bev="0" fileid="3" />
              </SequencePoints>
              <BranchPoints />
            </Method>
            <Method visited="true" cyclomaticComplexity="0" nPathComplexity="0" sequenceCoverage="100.0" branchCoverage="0" crapScore="0" isConstructor="false" isStatic="false" isGetter="false" isSetter="false">
              <Summary numSequencePoints="5" visitedSequencePoints="5" numBranchPoints="0" visitedBranchPoints="0" sequenceCoverage="100.0" branchCoverage="0" maxCyclomaticComplexity="0" minCyclomaticComplexity="0" maxCrapScore="0" minCrapScore="0" visitedClasses="0" numClasses="0" visitedMethods="1" numMethods="1" />
              <MetadataToken>100663309</MetadataToken>
              <Name>System.Void BGMHandler::StartBGM(UnityEngine.GameObject)</Name>
              <FileRef uid="3" />
              <SequencePoints>
                <SequencePoint vc="2" uspid="184" ordinal="0" offset="0" sl="168" sc="5" el="168" ec="5" bec="0" bev="0" fileid="3" />
                <SequencePoint vc="2" uspid="185" ordinal="0" offset="1" sl="169" sc="9" el="169" ec="9" bec="0" bev="0" fileid="3" />
                <SequencePoint vc="2" uspid="186" ordinal="0" offset="42" sl="170" sc="9" el="170" ec="9" bec="0" bev="0" fileid="3" />
                <SequencePoint vc="2" uspid="187" ordinal="0" offset="59" sl="171" sc="9" el="171" ec="9" bec="0" bev="0" fileid="3" />
                <SequencePoint vc="2" uspid="188" ordinal="0" offset="71" sl="172" sc="5" el="172" ec="5" bec="0" bev="0" fileid="3" />
              </SequencePoints>
              <BranchPoints />
            </Method>
            <Method visited="true" cyclomaticComplexity="0" nPathComplexity="0" sequenceCoverage="100.0" branchCoverage="0" crapScore="0" isConstructor="false" isStatic="false" isGetter="false" isSetter="false">
              <Summary numSequencePoints="21" visitedSequencePoints="21" numBranchPoints="0" visitedBranchPoints="0" sequenceCoverage="100.0" branchCoverage="0" maxCyclomaticComplexity="0" minCyclomaticComplexity="0" maxCrapScore="0" minCrapScore="0" visitedClasses="0" numClasses="0" visitedMethods="1" numMethods="1" />
              <MetadataToken>100663310</MetadataToken>
              <Name>System.Void BGMHandler::Update()</Name>
              <FileRef uid="3" />
              <SequencePoints>
                <SequencePoint vc="9363" uspid="189" ordinal="0" offset="0" sl="176" sc="5" el="176" ec="5" bec="0" bev="0" fileid="3" />
                <SequencePoint vc="9363" uspid="190" ordinal="0" offset="1" sl="177" sc="9" el="177" ec="9" bec="0" bev="0" fileid="3" />
                <SequencePoint vc="28" uspid="191" ordinal="0" offset="14" sl="178" sc="9" el="178" ec="9" bec="0" bev="0" fileid="3" />
                <SequencePoint vc="28" uspid="192" ordinal="0" offset="15" sl="179" sc="13" el="179" ec="13" bec="0" bev="0" fileid="3" />
                <SequencePoint vc="26" uspid="193" ordinal="0" offset="30" sl="180" sc="13" el="180" ec="13" bec="0" bev="0" fileid="3" />
                <SequencePoint vc="26" uspid="194" ordinal="0" offset="31" sl="181" sc="17" el="181" ec="17" bec="0" bev="0" fileid="3" />
                <SequencePoint vc="25" uspid="195" ordinal="0" offset="53" sl="181" sc="40" el="181" ec="40" bec="0" bev="0" fileid="3" />
                <SequencePoint vc="25" uspid="196" ordinal="0" offset="54" sl="182" sc="21" el="182" ec="21" bec="0" bev="0" fileid="3" />
                <SequencePoint vc="25" uspid="197" ordinal="0" offset="78" sl="183" sc="17" el="183" ec="17" bec="0" bev="0" fileid="3" />
                <SequencePoint vc="1" uspid="198" ordinal="0" offset="81" sl="185" sc="17" el="185" ec="17" bec="0" bev="0" fileid="3" />
                <SequencePoint vc="1" uspid="199" ordinal="0" offset="82" sl="186" sc="21" el="186" ec="21" bec="0" bev="0" fileid="3" />
                <SequencePoint vc="1" uspid="200" ordinal="0" offset="89" sl="187" sc="21" el="187" ec="21" bec="0" bev="0" fileid="3" />
                <SequencePoint vc="1" uspid="201" ordinal="0" offset="101" sl="188" sc="21" el="188" ec="21" bec="0" bev="0" fileid="3" />
                <SequencePoint vc="1" uspid="202" ordinal="0" offset="108" sl="190" sc="17" el="190" ec="17" bec="0" bev="0" fileid="3" />
                <SequencePoint vc="26" uspid="203" ordinal="0" offset="109" sl="191" sc="13" el="191" ec="13" bec="0" bev="0" fileid="3" />
                <SequencePoint vc="2" uspid="204" ordinal="0" offset="112" sl="193" sc="13" el="193" ec="13" bec="0" bev="0" fileid="3" />
                <SequencePoint vc="2" uspid="205" ordinal="0" offset="113" sl="194" sc="17" el="194" ec="17" bec="0" bev="0" fileid="3" />
                <SequencePoint vc="2" uspid="206" ordinal="0" offset="120" sl="195" sc="17" el="195" ec="17" bec="0" bev="0" fileid="3" />
                <SequencePoint vc="2" uspid="207" ordinal="0" offset="127" sl="197" sc="13" el="197" ec="13" bec="0" bev="0" fileid="3" />
                <SequencePoint vc="28" uspid="208" ordinal="0" offset="128" sl="199" sc="9" el="199" ec="9" bec="0" bev="0" fileid="3" />
                <SequencePoint vc="9363" uspid="209" ordinal="0" offset="129" sl="200" sc="5" el="200" ec="5" bec="0" bev="0" fileid="3" />
              </SequencePoints>
              <BranchPoints />
            </Method>
          </Methods>
        </Class>
        <Class>
          <Summary numSequencePoints="3" visitedSequencePoints="3" numBranchPoints="0" visitedBranchPoints="0" sequenceCoverage="100.0" branchCoverage="0.0" maxCyclomaticComplexity="0" minCyclomaticComplexity="0" maxCrapScore="0" minCrapScore="0" visitedClasses="1" numClasses="1" visitedMethods="1" numMethods="1" />
          <FullName>BGMPersistance</FullName>
          <Methods>
            <Method visited="true" cyclomaticComplexity="0" nPathComplexity="0" sequenceCoverage="100.0" branchCoverage="0" crapScore="0" isConstructor="false" isStatic="false" isGetter="false" isSetter="false">
              <Summary numSequencePoints="3" visitedSequencePoints="3" numBranchPoints="0" visitedBranchPoints="0" sequenceCoverage="100.0" branchCoverage="0" maxCyclomaticComplexity="0" minCyclomaticComplexity="0" maxCrapScore="0" minCrapScore="0" visitedClasses="0" numClasses="0" visitedMethods="1" numMethods="1" />
              <MetadataToken>100663312</MetadataToken>
              <Name>System.Void BGMPersistance::Start()</Name>
              <FileRef uid="4" />
              <SequencePoints>
                <SequencePoint vc="1" uspid="210" ordinal="0" offset="0" sl="8" sc="5" el="8" ec="5" bec="0" bev="0" fileid="4" />
                <SequencePoint vc="1" uspid="211" ordinal="0" offset="1" sl="9" sc="9" el="9" ec="9" bec="0" bev="0" fileid="4" />
                <SequencePoint vc="1" uspid="212" ordinal="0" offset="13" sl="10" sc="5" el="10" ec="5" bec="0" bev="0" fileid="4" />
              </SequencePoints>
              <BranchPoints />
            </Method>
          </Methods>
        </Class>
        <Class>
          <Summary numSequencePoints="61" visitedSequencePoints="43" numBranchPoints="0" visitedBranchPoints="0" sequenceCoverage="70.49" branchCoverage="0.0" maxCyclomaticComplexity="0" minCyclomaticComplexity="0" maxCrapScore="0" minCrapScore="0" visitedClasses="1" numClasses="1" visitedMethods="2" numMethods="2" />
          <FullName>CameraController</FullName>
          <Methods>
            <Method visited="true" cyclomaticComplexity="0" nPathComplexity="0" sequenceCoverage="57.14" branchCoverage="0" crapScore="0" isConstructor="false" isStatic="false" isGetter="false" isSetter="false">
              <Summary numSequencePoints="35" visitedSequencePoints="20" numBranchPoints="0" visitedBranchPoints="0" sequenceCoverage="57.14" branchCoverage="0" maxCyclomaticComplexity="0" minCyclomaticComplexity="0" maxCrapScore="0" minCrapScore="0" visitedClasses="0" numClasses="0" visitedMethods="1" numMethods="1" />
              <MetadataToken>100663314</MetadataToken>
              <Name>System.Void CameraController::Start()</Name>
              <FileRef uid="5" />
              <SequencePoints>
                <SequencePoint vc="3" uspid="213" ordinal="0" offset="0" sl="23" sc="5" el="23" ec="5" bec="0" bev="0" fileid="5" />
                <SequencePoint vc="3" uspid="214" ordinal="0" offset="1" sl="24" sc="9" el="24" ec="9" bec="0" bev="0" fileid="5" />
                <SequencePoint vc="3" uspid="215" ordinal="0" offset="13" sl="25" sc="9" el="25" ec="9" bec="0" bev="0" fileid="5" />
                <SequencePoint vc="3" uspid="216" ordinal="0" offset="29" sl="26" sc="9" el="26" ec="9" bec="0" bev="0" fileid="5" />
                <SequencePoint vc="3" uspid="217" ordinal="0" offset="43" sl="27" sc="9" el="27" ec="9" bec="0" bev="0" fileid="5" />
                <SequencePoint vc="3" uspid="218" ordinal="0" offset="44" sl="28" sc="13" el="28" ec="13" bec="0" bev="0" fileid="5" />
                <SequencePoint vc="3" uspid="219" ordinal="0" offset="63" sl="29" sc="9" el="29" ec="9" bec="0" bev="0" fileid="5" />
                <SequencePoint vc="0" uspid="220" ordinal="0" offset="66" sl="31" sc="9" el="31" ec="9" bec="0" bev="0" fileid="5" />
                <SequencePoint vc="0" uspid="221" ordinal="0" offset="67" sl="32" sc="13" el="32" ec="13" bec="0" bev="0" fileid="5" />
                <SequencePoint vc="0" uspid="222" ordinal="0" offset="79" sl="33" sc="9" el="33" ec="9" bec="0" bev="0" fileid="5" />
                <SequencePoint vc="3" uspid="223" ordinal="0" offset="80" sl="35" sc="9" el="35" ec="9" bec="0" bev="0" fileid="5" />
                <SequencePoint vc="3" uspid="224" ordinal="0" offset="96" sl="36" sc="9" el="36" ec="9" bec="0" bev="0" fileid="5" />
                <SequencePoint vc="3" uspid="225" ordinal="0" offset="110" sl="37" sc="9" el="37" ec="9" bec="0" bev="0" fileid="5" />
                <SequencePoint vc="3" uspid="226" ordinal="0" offset="111" sl="38" sc="13" el="38" ec="13" bec="0" bev="0" fileid="5" />
                <SequencePoint vc="3" uspid="227" ordinal="0" offset="135" sl="39" sc="13" el="39" ec="13" bec="0" bev="0" fileid="5" />
                <SequencePoint vc="3" uspid="228" ordinal="0" offset="159" sl="40" sc="13" el="40" ec="13" bec="0" bev="0" fileid="5" />
                <SequencePoint vc="3" uspid="229" ordinal="0" offset="183" sl="41" sc="13" el="41" ec="13" bec="0" bev="0" fileid="5" />
                <SequencePoint vc="3" uspid="230" ordinal="0" offset="207" sl="42" sc="9" el="42" ec="9" bec="0" bev="0" fileid="5" />
                <SequencePoint vc="3" uspid="231" ordinal="0" offset="208" sl="44" sc="9" el="44" ec="9" bec="0" bev="0" fileid="5" />
                <SequencePoint vc="0" uspid="232" ordinal="0" offset="224" sl="45" sc="9" el="45" ec="9" bec="0" bev="0" fileid="5" />
                <SequencePoint vc="0" uspid="233" ordinal="0" offset="225" sl="46" sc="13" el="46" ec="13" bec="0" bev="0" fileid="5" />
                <SequencePoint vc="0" uspid="234" ordinal="0" offset="236" sl="47" sc="9" el="47" ec="9" bec="0" bev="0" fileid="5" />
                <SequencePoint vc="3" uspid="235" ordinal="0" offset="237" sl="48" sc="9" el="48" ec="9" bec="0" bev="0" fileid="5" />
                <SequencePoint vc="0" uspid="236" ordinal="0" offset="253" sl="49" sc="9" el="49" ec="9" bec="0" bev="0" fileid="5" />
                <SequencePoint vc="0" uspid="237" ordinal="0" offset="254" sl="50" sc="13" el="50" ec="13" bec="0" bev="0" fileid="5" />
                <SequencePoint vc="0" uspid="238" ordinal="0" offset="265" sl="51" sc="9" el="51" ec="9" bec="0" bev="0" fileid="5" />
                <SequencePoint vc="3" uspid="239" ordinal="0" offset="266" sl="52" sc="9" el="52" ec="9" bec="0" bev="0" fileid="5" />
                <SequencePoint vc="0" uspid="240" ordinal="0" offset="284" sl="53" sc="9" el="53" ec="9" bec="0" bev="0" fileid="5" />
                <SequencePoint vc="0" uspid="241" ordinal="0" offset="285" sl="54" sc="13" el="54" ec="13" bec="0" bev="0" fileid="5" />
                <SequencePoint vc="0" uspid="242" ordinal="0" offset="296" sl="55" sc="9" el="55" ec="9" bec="0" bev="0" fileid="5" />
                <SequencePoint vc="3" uspid="243" ordinal="0" offset="297" sl="56" sc="9" el="56" ec="9" bec="0" bev="0" fileid="5" />
                <SequencePoint vc="0" uspid="244" ordinal="0" offset="315" sl="57" sc="9" el="57" ec="9" bec="0" bev="0" fileid="5" />
                <SequencePoint vc="0" uspid="245" ordinal="0" offset="316" sl="58" sc="13" el="58" ec="13" bec="0" bev="0" fileid="5" />
                <SequencePoint vc="0" uspid="246" ordinal="0" offset="327" sl="59" sc="9" el="59" ec="9" bec="0" bev="0" fileid="5" />
                <SequencePoint vc="3" uspid="247" ordinal="0" offset="328" sl="60" sc="5" el="60" ec="5" bec="0" bev="0" fileid="5" />
              </SequencePoints>
              <BranchPoints />
            </Method>
            <Method visited="true" cyclomaticComplexity="0" nPathComplexity="0" sequenceCoverage="88.46" branchCoverage="0" crapScore="0" isConstructor="false" isStatic="false" isGetter="false" isSetter="false">
              <Summary numSequencePoints="26" visitedSequencePoints="23" numBranchPoints="0" visitedBranchPoints="0" sequenceCoverage="88.46" branchCoverage="0" maxCyclomaticComplexity="0" minCyclomaticComplexity="0" maxCrapScore="0" minCrapScore="0" visitedClasses="0" numClasses="0" visitedMethods="1" numMethods="1" />
              <MetadataToken>100663315</MetadataToken>
              <Name>System.Void CameraController::Update()</Name>
              <FileRef uid="5" />
              <SequencePoints>
                <SequencePoint vc="8785" uspid="248" ordinal="0" offset="0" sl="66" sc="5" el="66" ec="5" bec="0" bev="0" fileid="5" />
                <SequencePoint vc="8785" uspid="249" ordinal="0" offset="1" sl="67" sc="9" el="67" ec="9" bec="0" bev="0" fileid="5" />
                <SequencePoint vc="8785" uspid="250" ordinal="0" offset="23" sl="68" sc="9" el="68" ec="9" bec="0" bev="0" fileid="5" />
                <SequencePoint vc="8785" uspid="251" ordinal="0" offset="45" sl="70" sc="9" el="70" ec="9" bec="0" bev="0" fileid="5" />
                <SequencePoint vc="741" uspid="252" ordinal="0" offset="66" sl="71" sc="9" el="71" ec="9" bec="0" bev="0" fileid="5" />
                <SequencePoint vc="741" uspid="253" ordinal="0" offset="67" sl="72" sc="13" el="72" ec="13" bec="0" bev="0" fileid="5" />
                <SequencePoint vc="741" uspid="254" ordinal="0" offset="79" sl="73" sc="9" el="73" ec="9" bec="0" bev="0" fileid="5" />
                <SequencePoint vc="8044" uspid="255" ordinal="0" offset="82" sl="74" sc="14" el="74" ec="14" bec="0" bev="0" fileid="5" />
                <SequencePoint vc="2" uspid="256" ordinal="0" offset="105" sl="75" sc="9" el="75" ec="9" bec="0" bev="0" fileid="5" />
                <SequencePoint vc="2" uspid="257" ordinal="0" offset="106" sl="76" sc="13" el="76" ec="13" bec="0" bev="0" fileid="5" />
                <SequencePoint vc="2" uspid="258" ordinal="0" offset="118" sl="77" sc="9" el="77" ec="9" bec="0" bev="0" fileid="5" />
                <SequencePoint vc="8785" uspid="259" ordinal="0" offset="119" sl="78" sc="9" el="78" ec="9" bec="0" bev="0" fileid="5" />
                <SequencePoint vc="0" uspid="260" ordinal="0" offset="142" sl="79" sc="9" el="79" ec="9" bec="0" bev="0" fileid="5" />
                <SequencePoint vc="0" uspid="261" ordinal="0" offset="143" sl="80" sc="13" el="80" ec="13" bec="0" bev="0" fileid="5" />
                <SequencePoint vc="0" uspid="262" ordinal="0" offset="155" sl="81" sc="9" el="81" ec="9" bec="0" bev="0" fileid="5" />
                <SequencePoint vc="8785" uspid="263" ordinal="0" offset="158" sl="82" sc="14" el="82" ec="14" bec="0" bev="0" fileid="5" />
                <SequencePoint vc="888" uspid="264" ordinal="0" offset="181" sl="83" sc="9" el="83" ec="9" bec="0" bev="0" fileid="5" />
                <SequencePoint vc="888" uspid="265" ordinal="0" offset="182" sl="84" sc="13" el="84" ec="13" bec="0" bev="0" fileid="5" />
                <SequencePoint vc="888" uspid="266" ordinal="0" offset="194" sl="85" sc="9" el="85" ec="9" bec="0" bev="0" fileid="5" />
                <SequencePoint vc="8785" uspid="267" ordinal="0" offset="195" sl="87" sc="9" el="87" ec="9" bec="0" bev="0" fileid="5" />
                <SequencePoint vc="8785" uspid="268" ordinal="0" offset="230" sl="88" sc="9" el="88" ec="9" bec="0" bev="0" fileid="5" />
                <SequencePoint vc="8785" uspid="269" ordinal="0" offset="265" sl="89" sc="9" el="89" ec="9" bec="0" bev="0" fileid="5" />
                <SequencePoint vc="8785" uspid="270" ordinal="0" offset="341" sl="90" sc="9" el="90" ec="9" bec="0" bev="0" fileid="5" />
                <SequencePoint vc="8785" uspid="271" ordinal="0" offset="354" sl="91" sc="9" el="91" ec="9" bec="0" bev="0" fileid="5" />
                <SequencePoint vc="8785" uspid="272" ordinal="0" offset="432" sl="92" sc="9" el="92" ec="9" bec="0" bev="0" fileid="5" />
                <SequencePoint vc="8785" uspid="273" ordinal="0" offset="445" sl="94" sc="5" el="94" ec="5" bec="0" bev="0" fileid="5" />
              </SequencePoints>
              <BranchPoints />
            </Method>
          </Methods>
        </Class>
        <Class>
          <Summary numSequencePoints="11" visitedSequencePoints="11" numBranchPoints="0" visitedBranchPoints="0" sequenceCoverage="100.0" branchCoverage="0.0" maxCyclomaticComplexity="0" minCyclomaticComplexity="0" maxCrapScore="0" minCrapScore="0" visitedClasses="1" numClasses="1" visitedMethods="1" numMethods="1" />
          <FullName>CellPathway</FullName>
          <Methods>
            <Method visited="true" cyclomaticComplexity="0" nPathComplexity="0" sequenceCoverage="100.0" branchCoverage="0" crapScore="0" isConstructor="false" isStatic="false" isGetter="false" isSetter="false">
              <Summary numSequencePoints="11" visitedSequencePoints="11" numBranchPoints="0" visitedBranchPoints="0" sequenceCoverage="100.0" branchCoverage="0" maxCyclomaticComplexity="0" minCyclomaticComplexity="0" maxCrapScore="0" minCrapScore="0" visitedClasses="0" numClasses="0" visitedMethods="1" numMethods="1" />
              <MetadataToken>100663317</MetadataToken>
              <Name>System.Void CellPathway::OnTriggerEnter2D(UnityEngine.Collider2D)</Name>
              <FileRef uid="6" />
              <SequencePoints>
                <SequencePoint vc="7" uspid="274" ordinal="0" offset="0" sl="13" sc="5" el="13" ec="5" bec="0" bev="0" fileid="6" />
                <SequencePoint vc="7" uspid="275" ordinal="0" offset="1" sl="14" sc="9" el="14" ec="9" bec="0" bev="0" fileid="6" />
                <SequencePoint vc="1" uspid="276" ordinal="0" offset="21" sl="15" sc="9" el="15" ec="9" bec="0" bev="0" fileid="6" />
                <SequencePoint vc="1" uspid="277" ordinal="0" offset="22" sl="16" sc="13" el="16" ec="13" bec="0" bev="0" fileid="6" />
                <SequencePoint vc="1" uspid="278" ordinal="0" offset="38" sl="17" sc="13" el="17" ec="13" bec="0" bev="0" fileid="6" />
                <SequencePoint vc="1" uspid="279" ordinal="0" offset="52" sl="18" sc="13" el="18" ec="13" bec="0" bev="0" fileid="6" />
                <SequencePoint vc="1" uspid="280" ordinal="0" offset="53" sl="19" sc="17" el="19" ec="17" bec="0" bev="0" fileid="6" />
                <SequencePoint vc="1" uspid="281" ordinal="0" offset="77" sl="21" sc="17" el="21" ec="17" bec="0" bev="0" fileid="6" />
                <SequencePoint vc="1" uspid="282" ordinal="0" offset="89" sl="22" sc="13" el="22" ec="13" bec="0" bev="0" fileid="6" />
                <SequencePoint vc="1" uspid="283" ordinal="0" offset="90" sl="23" sc="9" el="23" ec="9" bec="0" bev="0" fileid="6" />
                <SequencePoint vc="7" uspid="284" ordinal="0" offset="91" sl="25" sc="5" el="25" ec="5" bec="0" bev="0" fileid="6" />
              </SequencePoints>
              <BranchPoints />
            </Method>
          </Methods>
        </Class>
        <Class>
          <Summary numSequencePoints="84" visitedSequencePoints="84" numBranchPoints="0" visitedBranchPoints="0" sequenceCoverage="100.0" branchCoverage="0.0" maxCyclomaticComplexity="0" minCyclomaticComplexity="0" maxCrapScore="0" minCrapScore="0" visitedClasses="1" numClasses="1" visitedMethods="4" numMethods="4" />
          <FullName>DarkWizardController</FullName>
          <Methods>
            <Method visited="true" cyclomaticComplexity="0" nPathComplexity="0" sequenceCoverage="100.0" branchCoverage="0" crapScore="0" isConstructor="false" isStatic="false" isGetter="false" isSetter="false">
              <Summary numSequencePoints="5" visitedSequencePoints="5" numBranchPoints="0" visitedBranchPoints="0" sequenceCoverage="100.0" branchCoverage="0" maxCyclomaticComplexity="0" minCyclomaticComplexity="0" maxCrapScore="0" minCrapScore="0" visitedClasses="0" numClasses="0" visitedMethods="1" numMethods="1" />
              <MetadataToken>100663319</MetadataToken>
              <Name>System.Void DarkWizardController::Start()</Name>
              <FileRef uid="7" />
              <SequencePoints>
                <SequencePoint vc="1" uspid="285" ordinal="0" offset="0" sl="31" sc="5" el="31" ec="5" bec="0" bev="0" fileid="7" />
                <SequencePoint vc="1" uspid="286" ordinal="0" offset="1" sl="32" sc="9" el="32" ec="9" bec="0" bev="0" fileid="7" />
                <SequencePoint vc="1" uspid="287" ordinal="0" offset="13" sl="33" sc="9" el="33" ec="9" bec="0" bev="0" fileid="7" />
                <SequencePoint vc="1" uspid="288" ordinal="0" offset="25" sl="34" sc="9" el="34" ec="9" bec="0" bev="0" fileid="7" />
                <SequencePoint vc="1" uspid="289" ordinal="0" offset="32" sl="35" sc="5" el="35" ec="5" bec="0" bev="0" fileid="7" />
              </SequencePoints>
              <BranchPoints />
            </Method>
            <Method visited="true" cyclomaticComplexity="0" nPathComplexity="0" sequenceCoverage="100.0" branchCoverage="0" crapScore="0" isConstructor="false" isStatic="false" isGetter="false" isSetter="false">
              <Summary numSequencePoints="63" visitedSequencePoints="63" numBranchPoints="0" visitedBranchPoints="0" sequenceCoverage="100.0" branchCoverage="0" maxCyclomaticComplexity="0" minCyclomaticComplexity="0" maxCrapScore="0" minCrapScore="0" visitedClasses="0" numClasses="0" visitedMethods="1" numMethods="1" />
              <MetadataToken>100663320</MetadataToken>
              <Name>System.Void DarkWizardController::Update()</Name>
              <FileRef uid="7" />
              <SequencePoints>
                <SequencePoint vc="7897" uspid="290" ordinal="0" offset="0" sl="39" sc="5" el="39" ec="5" bec="0" bev="0" fileid="7" />
                <SequencePoint vc="7897" uspid="291" ordinal="0" offset="1" sl="40" sc="9" el="40" ec="9" bec="0" bev="0" fileid="7" />
                <SequencePoint vc="7296" uspid="292" ordinal="0" offset="30" sl="41" sc="9" el="41" ec="9" bec="0" bev="0" fileid="7" />
                <SequencePoint vc="7296" uspid="293" ordinal="0" offset="31" sl="42" sc="13" el="42" ec="13" bec="0" bev="0" fileid="7" />
                <SequencePoint vc="5124" uspid="294" ordinal="0" offset="80" sl="43" sc="13" el="43" ec="13" bec="0" bev="0" fileid="7" />
                <SequencePoint vc="5124" uspid="295" ordinal="0" offset="81" sl="44" sc="17" el="44" ec="17" bec="0" bev="0" fileid="7" />
                <SequencePoint vc="5124" uspid="296" ordinal="0" offset="94" sl="45" sc="13" el="45" ec="13" bec="0" bev="0" fileid="7" />
                <SequencePoint vc="2172" uspid="297" ordinal="0" offset="97" sl="47" sc="13" el="47" ec="13" bec="0" bev="0" fileid="7" />
                <SequencePoint vc="2172" uspid="298" ordinal="0" offset="98" sl="48" sc="17" el="48" ec="17" bec="0" bev="0" fileid="7" />
                <SequencePoint vc="2172" uspid="299" ordinal="0" offset="111" sl="50" sc="13" el="50" ec="13" bec="0" bev="0" fileid="7" />
                <SequencePoint vc="7296" uspid="300" ordinal="0" offset="112" sl="52" sc="9" el="52" ec="9" bec="0" bev="0" fileid="7" />
                <SequencePoint vc="601" uspid="301" ordinal="0" offset="115" sl="54" sc="9" el="54" ec="9" bec="0" bev="0" fileid="7" />
                <SequencePoint vc="601" uspid="302" ordinal="0" offset="116" sl="55" sc="13" el="55" ec="13" bec="0" bev="0" fileid="7" />
                <SequencePoint vc="601" uspid="303" ordinal="0" offset="127" sl="56" sc="13" el="56" ec="13" bec="0" bev="0" fileid="7" />
                <SequencePoint vc="601" uspid="304" ordinal="0" offset="136" sl="57" sc="13" el="57" ec="13" bec="0" bev="0" fileid="7" />
                <SequencePoint vc="601" uspid="305" ordinal="0" offset="137" sl="58" sc="17" el="58" ec="17" bec="0" bev="0" fileid="7" />
                <SequencePoint vc="601" uspid="306" ordinal="0" offset="146" sl="59" sc="17" el="59" ec="17" bec="0" bev="0" fileid="7" />
                <SequencePoint vc="601" uspid="307" ordinal="0" offset="163" sl="60" sc="13" el="60" ec="13" bec="0" bev="0" fileid="7" />
                <SequencePoint vc="601" uspid="308" ordinal="0" offset="164" sl="61" sc="9" el="61" ec="9" bec="0" bev="0" fileid="7" />
                <SequencePoint vc="7897" uspid="309" ordinal="0" offset="165" sl="62" sc="9" el="62" ec="9" bec="0" bev="0" fileid="7" />
                <SequencePoint vc="600" uspid="310" ordinal="0" offset="186" sl="63" sc="9" el="63" ec="9" bec="0" bev="0" fileid="7" />
                <SequencePoint vc="600" uspid="311" ordinal="0" offset="187" sl="64" sc="13" el="64" ec="13" bec="0" bev="0" fileid="7" />
                <SequencePoint vc="600" uspid="312" ordinal="0" offset="201" sl="65" sc="13" el="65" ec="13" bec="0" bev="0" fileid="7" />
                <SequencePoint vc="3" uspid="313" ordinal="0" offset="220" sl="66" sc="13" el="66" ec="13" bec="0" bev="0" fileid="7" />
                <SequencePoint vc="3" uspid="314" ordinal="0" offset="221" sl="67" sc="17" el="67" ec="17" bec="0" bev="0" fileid="7" />
                <SequencePoint vc="3" uspid="315" ordinal="0" offset="239" sl="68" sc="13" el="68" ec="13" bec="0" bev="0" fileid="7" />
                <SequencePoint vc="597" uspid="316" ordinal="0" offset="242" sl="69" sc="18" el="69" ec="18" bec="0" bev="0" fileid="7" />
                <SequencePoint vc="3" uspid="317" ordinal="0" offset="261" sl="70" sc="13" el="70" ec="13" bec="0" bev="0" fileid="7" />
                <SequencePoint vc="3" uspid="318" ordinal="0" offset="262" sl="71" sc="17" el="71" ec="17" bec="0" bev="0" fileid="7" />
                <SequencePoint vc="3" uspid="319" ordinal="0" offset="280" sl="72" sc="13" el="72" ec="13" bec="0" bev="0" fileid="7" />
                <SequencePoint vc="594" uspid="320" ordinal="0" offset="283" sl="73" sc="18" el="73" ec="18" bec="0" bev="0" fileid="7" />
                <SequencePoint vc="3" uspid="321" ordinal="0" offset="302" sl="74" sc="13" el="74" ec="13" bec="0" bev="0" fileid="7" />
                <SequencePoint vc="3" uspid="322" ordinal="0" offset="303" sl="75" sc="17" el="75" ec="17" bec="0" bev="0" fileid="7" />
                <SequencePoint vc="3" uspid="323" ordinal="0" offset="321" sl="76" sc="13" el="76" ec="13" bec="0" bev="0" fileid="7" />
                <SequencePoint vc="600" uspid="324" ordinal="0" offset="322" sl="77" sc="13" el="77" ec="13" bec="0" bev="0" fileid="7" />
                <SequencePoint vc="3" uspid="325" ordinal="0" offset="341" sl="78" sc="13" el="78" ec="13" bec="0" bev="0" fileid="7" />
                <SequencePoint vc="3" uspid="326" ordinal="0" offset="342" sl="79" sc="17" el="79" ec="17" bec="0" bev="0" fileid="7" />
                <SequencePoint vc="3" uspid="327" ordinal="0" offset="360" sl="80" sc="13" el="80" ec="13" bec="0" bev="0" fileid="7" />
                <SequencePoint vc="600" uspid="328" ordinal="0" offset="361" sl="81" sc="13" el="81" ec="13" bec="0" bev="0" fileid="7" />
                <SequencePoint vc="3" uspid="329" ordinal="0" offset="380" sl="82" sc="13" el="82" ec="13" bec="0" bev="0" fileid="7" />
                <SequencePoint vc="3" uspid="330" ordinal="0" offset="381" sl="83" sc="17" el="83" ec="17" bec="0" bev="0" fileid="7" />
                <SequencePoint vc="3" uspid="331" ordinal="0" offset="399" sl="84" sc="13" el="84" ec="13" bec="0" bev="0" fileid="7" />
                <SequencePoint vc="600" uspid="332" ordinal="0" offset="400" sl="85" sc="13" el="85" ec="13" bec="0" bev="0" fileid="7" />
                <SequencePoint vc="3" uspid="333" ordinal="0" offset="419" sl="86" sc="13" el="86" ec="13" bec="0" bev="0" fileid="7" />
                <SequencePoint vc="3" uspid="334" ordinal="0" offset="420" sl="87" sc="17" el="87" ec="17" bec="0" bev="0" fileid="7" />
                <SequencePoint vc="3" uspid="335" ordinal="0" offset="438" sl="88" sc="13" el="88" ec="13" bec="0" bev="0" fileid="7" />
                <SequencePoint vc="600" uspid="336" ordinal="0" offset="439" sl="89" sc="13" el="89" ec="13" bec="0" bev="0" fileid="7" />
                <SequencePoint vc="3" uspid="337" ordinal="0" offset="458" sl="90" sc="13" el="90" ec="13" bec="0" bev="0" fileid="7" />
                <SequencePoint vc="3" uspid="338" ordinal="0" offset="459" sl="91" sc="17" el="91" ec="17" bec="0" bev="0" fileid="7" />
                <SequencePoint vc="3" uspid="339" ordinal="0" offset="477" sl="92" sc="17" el="92" ec="17" bec="0" bev="0" fileid="7" />
                <SequencePoint vc="2" uspid="340" ordinal="0" offset="489" sl="93" sc="17" el="93" ec="17" bec="0" bev="0" fileid="7" />
                <SequencePoint vc="2" uspid="341" ordinal="0" offset="490" sl="94" sc="21" el="94" ec="21" bec="0" bev="0" fileid="7" />
                <SequencePoint vc="2" uspid="342" ordinal="0" offset="524" sl="95" sc="17" el="95" ec="17" bec="0" bev="0" fileid="7" />
                <SequencePoint vc="1" uspid="343" ordinal="0" offset="527" sl="97" sc="17" el="97" ec="17" bec="0" bev="0" fileid="7" />
                <SequencePoint vc="1" uspid="344" ordinal="0" offset="528" sl="98" sc="21" el="98" ec="21" bec="0" bev="0" fileid="7" />
                <SequencePoint vc="1" uspid="345" ordinal="0" offset="562" sl="99" sc="17" el="99" ec="17" bec="0" bev="0" fileid="7" />
                <SequencePoint vc="3" uspid="346" ordinal="0" offset="563" sl="100" sc="13" el="100" ec="13" bec="0" bev="0" fileid="7" />
                <SequencePoint vc="597" uspid="347" ordinal="0" offset="566" sl="101" sc="18" el="101" ec="18" bec="0" bev="0" fileid="7" />
                <SequencePoint vc="3" uspid="348" ordinal="0" offset="585" sl="102" sc="13" el="102" ec="13" bec="0" bev="0" fileid="7" />
                <SequencePoint vc="3" uspid="349" ordinal="0" offset="586" sl="103" sc="17" el="103" ec="17" bec="0" bev="0" fileid="7" />
                <SequencePoint vc="3" uspid="350" ordinal="0" offset="604" sl="104" sc="13" el="104" ec="13" bec="0" bev="0" fileid="7" />
                <SequencePoint vc="600" uspid="351" ordinal="0" offset="605" sl="105" sc="9" el="105" ec="9" bec="0" bev="0" fileid="7" />
                <SequencePoint vc="7897" uspid="352" ordinal="0" offset="606" sl="106" sc="5" el="106" ec="5" bec="0" bev="0" fileid="7" />
              </SequencePoints>
              <BranchPoints />
            </Method>
            <Method visited="true" cyclomaticComplexity="0" nPathComplexity="0" sequenceCoverage="100.0" branchCoverage="0" crapScore="0" isConstructor="false" isStatic="false" isGetter="false" isSetter="false">
              <Summary numSequencePoints="8" visitedSequencePoints="8" numBranchPoints="0" visitedBranchPoints="0" sequenceCoverage="100.0" branchCoverage="0" maxCyclomaticComplexity="0" minCyclomaticComplexity="0" maxCrapScore="0" minCrapScore="0" visitedClasses="0" numClasses="0" visitedMethods="1" numMethods="1" />
              <MetadataToken>100663321</MetadataToken>
              <Name>System.Void DarkWizardController::FireRight()</Name>
              <FileRef uid="7" />
              <SequencePoints>
                <SequencePoint vc="101" uspid="353" ordinal="0" offset="0" sl="109" sc="5" el="109" ec="5" bec="0" bev="0" fileid="7" />
                <SequencePoint vc="101" uspid="354" ordinal="0" offset="1" sl="110" sc="9" el="110" ec="9" bec="0" bev="0" fileid="7" />
                <SequencePoint vc="2" uspid="355" ordinal="0" offset="14" sl="111" sc="9" el="111" ec="9" bec="0" bev="0" fileid="7" />
                <SequencePoint vc="2" uspid="356" ordinal="0" offset="15" sl="112" sc="13" el="112" ec="13" bec="0" bev="0" fileid="7" />
                <SequencePoint vc="2" uspid="357" ordinal="0" offset="22" sl="113" sc="13" el="113" ec="13" bec="0" bev="0" fileid="7" />
                <SequencePoint vc="2" uspid="358" ordinal="0" offset="33" sl="114" sc="13" el="114" ec="13" bec="0" bev="0" fileid="7" />
                <SequencePoint vc="2" uspid="359" ordinal="0" offset="51" sl="115" sc="9" el="115" ec="9" bec="0" bev="0" fileid="7" />
                <SequencePoint vc="101" uspid="360" ordinal="0" offset="52" sl="116" sc="5" el="116" ec="5" bec="0" bev="0" fileid="7" />
              </SequencePoints>
              <BranchPoints />
            </Method>
            <Method visited="true" cyclomaticComplexity="0" nPathComplexity="0" sequenceCoverage="100.0" branchCoverage="0" crapScore="0" isConstructor="false" isStatic="false" isGetter="false" isSetter="false">
              <Summary numSequencePoints="8" visitedSequencePoints="8" numBranchPoints="0" visitedBranchPoints="0" sequenceCoverage="100.0" branchCoverage="0" maxCyclomaticComplexity="0" minCyclomaticComplexity="0" maxCrapScore="0" minCrapScore="0" visitedClasses="0" numClasses="0" visitedMethods="1" numMethods="1" />
              <MetadataToken>100663322</MetadataToken>
              <Name>System.Void DarkWizardController::FireLeft()</Name>
              <FileRef uid="7" />
              <SequencePoints>
                <SequencePoint vc="100" uspid="361" ordinal="0" offset="0" sl="119" sc="5" el="119" ec="5" bec="0" bev="0" fileid="7" />
                <SequencePoint vc="100" uspid="362" ordinal="0" offset="1" sl="120" sc="9" el="120" ec="9" bec="0" bev="0" fileid="7" />
                <SequencePoint vc="1" uspid="363" ordinal="0" offset="14" sl="121" sc="9" el="121" ec="9" bec="0" bev="0" fileid="7" />
                <SequencePoint vc="1" uspid="364" ordinal="0" offset="15" sl="122" sc="13" el="122" ec="13" bec="0" bev="0" fileid="7" />
                <SequencePoint vc="1" uspid="365" ordinal="0" offset="22" sl="123" sc="13" el="123" ec="13" bec="0" bev="0" fileid="7" />
                <SequencePoint vc="1" uspid="366" ordinal="0" offset="33" sl="124" sc="13" el="124" ec="13" bec="0" bev="0" fileid="7" />
                <SequencePoint vc="1" uspid="367" ordinal="0" offset="51" sl="125" sc="9" el="125" ec="9" bec="0" bev="0" fileid="7" />
                <SequencePoint vc="100" uspid="368" ordinal="0" offset="52" sl="126" sc="5" el="126" ec="5" bec="0" bev="0" fileid="7" />
              </SequencePoints>
              <BranchPoints />
            </Method>
          </Methods>
        </Class>
        <Class>
          <Summary numSequencePoints="19" visitedSequencePoints="19" numBranchPoints="0" visitedBranchPoints="0" sequenceCoverage="100.0" branchCoverage="0.0" maxCyclomaticComplexity="0" minCyclomaticComplexity="0" maxCrapScore="0" minCrapScore="0" visitedClasses="1" numClasses="1" visitedMethods="3" numMethods="3" />
          <FullName>DarkWizardTrigger</FullName>
          <Methods>
            <Method visited="true" cyclomaticComplexity="0" nPathComplexity="0" sequenceCoverage="100.0" branchCoverage="0" crapScore="0" isConstructor="false" isStatic="false" isGetter="false" isSetter="false">
              <Summary numSequencePoints="3" visitedSequencePoints="3" numBranchPoints="0" visitedBranchPoints="0" sequenceCoverage="100.0" branchCoverage="0" maxCyclomaticComplexity="0" minCyclomaticComplexity="0" maxCrapScore="0" minCrapScore="0" visitedClasses="0" numClasses="0" visitedMethods="1" numMethods="1" />
              <MetadataToken>100663324</MetadataToken>
              <Name>System.Void DarkWizardTrigger::OnTriggerEnter2D(UnityEngine.Collider2D)</Name>
              <FileRef uid="8" />
              <SequencePoints>
                <SequencePoint vc="7" uspid="369" ordinal="0" offset="0" sl="22" sc="5" el="22" ec="5" bec="0" bev="0" fileid="8" />
                <SequencePoint vc="7" uspid="370" ordinal="0" offset="1" sl="23" sc="9" el="23" ec="9" bec="0" bev="0" fileid="8" />
                <SequencePoint vc="7" uspid="371" ordinal="0" offset="9" sl="24" sc="5" el="24" ec="5" bec="0" bev="0" fileid="8" />
              </SequencePoints>
              <BranchPoints />
            </Method>
            <Method visited="true" cyclomaticComplexity="0" nPathComplexity="0" sequenceCoverage="100.0" branchCoverage="0" crapScore="0" isConstructor="false" isStatic="false" isGetter="false" isSetter="false">
              <Summary numSequencePoints="4" visitedSequencePoints="4" numBranchPoints="0" visitedBranchPoints="0" sequenceCoverage="100.0" branchCoverage="0" maxCyclomaticComplexity="0" minCyclomaticComplexity="0" maxCrapScore="0" minCrapScore="0" visitedClasses="0" numClasses="0" visitedMethods="1" numMethods="1" />
              <MetadataToken>100663325</MetadataToken>
              <Name>System.Void DarkWizardTrigger::OnTriggerStay2D(UnityEngine.Collider2D)</Name>
              <FileRef uid="8" />
              <SequencePoints>
                <SequencePoint vc="4893" uspid="372" ordinal="0" offset="0" sl="27" sc="5" el="27" ec="5" bec="0" bev="0" fileid="8" />
                <SequencePoint vc="4893" uspid="373" ordinal="0" offset="1" sl="28" sc="9" el="28" ec="9" bec="0" bev="0" fileid="8" />
                <SequencePoint vc="4893" uspid="374" ordinal="0" offset="8" sl="29" sc="9" el="29" ec="9" bec="0" bev="0" fileid="8" />
                <SequencePoint vc="4893" uspid="375" ordinal="0" offset="16" sl="30" sc="5" el="30" ec="5" bec="0" bev="0" fileid="8" />
              </SequencePoints>
              <BranchPoints />
            </Method>
            <Method visited="true" cyclomaticComplexity="0" nPathComplexity="0" sequenceCoverage="100.0" branchCoverage="0" crapScore="0" isConstructor="false" isStatic="false" isGetter="false" isSetter="false">
              <Summary numSequencePoints="12" visitedSequencePoints="12" numBranchPoints="0" visitedBranchPoints="0" sequenceCoverage="100.0" branchCoverage="0" maxCyclomaticComplexity="0" minCyclomaticComplexity="0" maxCrapScore="0" minCrapScore="0" visitedClasses="0" numClasses="0" visitedMethods="1" numMethods="1" />
              <MetadataToken>100663326</MetadataToken>
              <Name>System.Void DarkWizardTrigger::Fire(UnityEngine.Collider2D)</Name>
              <FileRef uid="8" />
              <SequencePoints>
                <SequencePoint vc="4900" uspid="376" ordinal="0" offset="0" sl="33" sc="5" el="33" ec="5" bec="0" bev="0" fileid="8" />
                <SequencePoint vc="4900" uspid="377" ordinal="0" offset="1" sl="34" sc="9" el="34" ec="9" bec="0" bev="0" fileid="8" />
                <SequencePoint vc="201" uspid="378" ordinal="0" offset="21" sl="35" sc="9" el="35" ec="9" bec="0" bev="0" fileid="8" />
                <SequencePoint vc="201" uspid="379" ordinal="0" offset="22" sl="36" sc="13" el="36" ec="13" bec="0" bev="0" fileid="8" />
                <SequencePoint vc="101" uspid="380" ordinal="0" offset="32" sl="37" sc="13" el="37" ec="13" bec="0" bev="0" fileid="8" />
                <SequencePoint vc="101" uspid="381" ordinal="0" offset="33" sl="38" sc="17" el="38" ec="17" bec="0" bev="0" fileid="8" />
                <SequencePoint vc="101" uspid="382" ordinal="0" offset="45" sl="39" sc="13" el="39" ec="13" bec="0" bev="0" fileid="8" />
                <SequencePoint vc="100" uspid="383" ordinal="0" offset="48" sl="41" sc="13" el="41" ec="13" bec="0" bev="0" fileid="8" />
                <SequencePoint vc="100" uspid="384" ordinal="0" offset="49" sl="42" sc="17" el="42" ec="17" bec="0" bev="0" fileid="8" />
                <SequencePoint vc="100" uspid="385" ordinal="0" offset="61" sl="43" sc="13" el="43" ec="13" bec="0" bev="0" fileid="8" />
[...]
                <SequencePoint vc="0" uspid="1634" ordinal="0" offset="227" sl="451" sc="0" el="451" ec="0" bec="0" bev="0" fileid="30" />
                <SequencePoint vc="0" uspid="1635" ordinal="0" offset="255" sl="452" sc="0" el="452" ec="0" bec="0" bev="0" fileid="30" />
                <SequencePoint vc="0" uspid="1636" ordinal="0" offset="271" sl="453" sc="0" el="453" ec="0" bec="0" bev="0" fileid="30" />
                <SequencePoint vc="0" uspid="1637" ordinal="0" offset="294" sl="454" sc="0" el="454" ec="0" bec="0" bev="0" fileid="30" />
              </SequencePoints>
              <BranchPoints />
            </Method>
          </Methods>
        </Class>
        <Class>
          <Summary numSequencePoints="11" visitedSequencePoints="0" numBranchPoints="0" visitedBranchPoints="0" sequenceCoverage="0.0" branchCoverage="0.0" maxCyclomaticComplexity="0" minCyclomaticComplexity="0" maxCrapScore="0" minCrapScore="0" visitedClasses="0" numClasses="1" visitedMethods="0" numMethods="1" />
          <FullName>TestSuite/&lt;PauseMenuTest&gt;d__57</FullName>
          <Methods>
            <Method visited="false" cyclomaticComplexity="0" nPathComplexity="0" sequenceCoverage="0.0" branchCoverage="0" crapScore="0" isConstructor="false" isStatic="false" isGetter="false" isSetter="false">
              <Summary numSequencePoints="11" visitedSequencePoints="0" numBranchPoints="0" visitedBranchPoints="0" sequenceCoverage="0.0" branchCoverage="0" maxCyclomaticComplexity="0" minCyclomaticComplexity="0" maxCrapScore="0" minCrapScore="0" visitedClasses="0" numClasses="0" visitedMethods="0" numMethods="1" />
              <MetadataToken>100663434</MetadataToken>
              <Name>System.Boolean TestSuite/&lt;PauseMenuTest&gt;d__57::MoveNext()</Name>
              <FileRef uid="30" />
              <SequencePoints>
                <SequencePoint vc="0" uspid="1638" ordinal="0" offset="45" sl="457" sc="0" el="457" ec="0" bec="0" bev="0" fileid="30" />
                <SequencePoint vc="0" uspid="1639" ordinal="0" offset="48" sl="458" sc="0" el="458" ec="0" bec="0" bev="0" fileid="30" />
                <SequencePoint vc="0" uspid="1640" ordinal="0" offset="49" sl="458" sc="0" el="458" ec="0" bec="0" bev="0" fileid="30" />
                <SequencePoint vc="0" uspid="1641" ordinal="0" offset="72" sl="458" sc="0" el="458" ec="0" bec="0" bev="0" fileid="30" />
                <SequencePoint vc="0" uspid="1642" ordinal="0" offset="73" sl="458" sc="0" el="458" ec="0" bec="0" bev="0" fileid="30" />
                <SequencePoint vc="0" uspid="1643" ordinal="0" offset="100" sl="459" sc="0" el="459" ec="0" bec="0" bev="0" fileid="30" />
                <SequencePoint vc="0" uspid="1644" ordinal="0" offset="121" sl="460" sc="0" el="460" ec="0" bec="0" bev="0" fileid="30" />
                <SequencePoint vc="0" uspid="1645" ordinal="0" offset="147" sl="461" sc="0" el="461" ec="0" bec="0" bev="0" fileid="30" />
                <SequencePoint vc="0" uspid="1646" ordinal="0" offset="168" sl="462" sc="0" el="462" ec="0" bec="0" bev="0" fileid="30" />
                <SequencePoint vc="0" uspid="1647" ordinal="0" offset="184" sl="463" sc="0" el="463" ec="0" bec="0" bev="0" fileid="30" />
                <SequencePoint vc="0" uspid="1648" ordinal="0" offset="207" sl="464" sc="0" el="464" ec="0" bec="0" bev="0" fileid="30" />
              </SequencePoints>
              <BranchPoints />
            </Method>
          </Methods>
        </Class>
        <Class>
          <Summary numSequencePoints="14" visitedSequencePoints="0" numBranchPoints="0" visitedBranchPoints="0" sequenceCoverage="0.0" branchCoverage="0.0" maxCyclomaticComplexity="0" minCyclomaticComplexity="0" maxCrapScore="0" minCrapScore="0" visitedClasses="0" numClasses="1" visitedMethods="0" numMethods="1" />
          <FullName>TestSuite/&lt;SaveGameTest&gt;d__58</FullName>
          <Methods>
            <Method visited="false" cyclomaticComplexity="0" nPathComplexity="0" sequenceCoverage="0.0" branchCoverage="0" crapScore="0" isConstructor="false" isStatic="false" isGetter="false" isSetter="false">
              <Summary numSequencePoints="14" visitedSequencePoints="0" numBranchPoints="0" visitedBranchPoints="0" sequenceCoverage="0.0" branchCoverage="0" maxCyclomaticComplexity="0" minCyclomaticComplexity="0" maxCrapScore="0" minCrapScore="0" visitedClasses="0" numClasses="0" visitedMethods="0" numMethods="1" />
              <MetadataToken>100663440</MetadataToken>
              <Name>System.Boolean TestSuite/&lt;SaveGameTest&gt;d__58::MoveNext()</Name>
              <FileRef uid="30" />
              <SequencePoints>
                <SequencePoint vc="0" uspid="1649" ordinal="0" offset="60" sl="468" sc="0" el="468" ec="0" bec="0" bev="0" fileid="30" />
                <SequencePoint vc="0" uspid="1650" ordinal="0" offset="63" sl="469" sc="0" el="469" ec="0" bec="0" bev="0" fileid="30" />
                <SequencePoint vc="0" uspid="1651" ordinal="0" offset="64" sl="469" sc="0" el="469" ec="0" bec="0" bev="0" fileid="30" />
                <SequencePoint vc="0" uspid="1652" ordinal="0" offset="87" sl="469" sc="0" el="469" ec="0" bec="0" bev="0" fileid="30" />
                <SequencePoint vc="0" uspid="1653" ordinal="0" offset="88" sl="469" sc="0" el="469" ec="0" bec="0" bev="0" fileid="30" />
                <SequencePoint vc="0" uspid="1654" ordinal="0" offset="115" sl="470" sc="0" el="470" ec="0" bec="0" bev="0" fileid="30" />
                <SequencePoint vc="0" uspid="1655" ordinal="0" offset="132" sl="471" sc="0" el="471" ec="0" bec="0" bev="0" fileid="30" />
                <SequencePoint vc="0" uspid="1656" ordinal="0" offset="164" sl="472" sc="0" el="472" ec="0" bec="0" bev="0" fileid="30" />
                <SequencePoint vc="0" uspid="1657" ordinal="0" offset="206" sl="473" sc="0" el="473" ec="0" bec="0" bev="0" fileid="30" />
                <SequencePoint vc="0" uspid="1658" ordinal="0" offset="238" sl="474" sc="0" el="474" ec="0" bec="0" bev="0" fileid="30" />
                <SequencePoint vc="0" uspid="1659" ordinal="0" offset="259" sl="475" sc="0" el="475" ec="0" bec="0" bev="0" fileid="30" />
                <SequencePoint vc="0" uspid="1660" ordinal="0" offset="275" sl="476" sc="0" el="476" ec="0" bec="0" bev="0" fileid="30" />
                <SequencePoint vc="0" uspid="1661" ordinal="0" offset="281" sl="478" sc="0" el="478" ec="0" bec="0" bev="0" fileid="30" />
                <SequencePoint vc="0" uspid="1662" ordinal="0" offset="304" sl="479" sc="0" el="479" ec="0" bec="0" bev="0" fileid="30" />
              </SequencePoints>
              <BranchPoints />
            </Method>
          </Methods>
        </Class>
        <Class>
          <Summary numSequencePoints="29" visitedSequencePoints="0" numBranchPoints="0" visitedBranchPoints="0" sequenceCoverage="0.0" branchCoverage="0.0" maxCyclomaticComplexity="0" minCyclomaticComplexity="0" maxCrapScore="0" minCrapScore="0" visitedClasses="0" numClasses="1" visitedMethods="0" numMethods="1" />
          <FullName>TestSuite/&lt;PauseTitleTest&gt;d__59</FullName>
          <Methods>
            <Method visited="false" cyclomaticComplexity="0" nPathComplexity="0" sequenceCoverage="0.0" branchCoverage="0" crapScore="0" isConstructor="false" isStatic="false" isGetter="false" isSetter="false">
              <Summary numSequencePoints="29" visitedSequencePoints="0" numBranchPoints="0" visitedBranchPoints="0" sequenceCoverage="0.0" branchCoverage="0" maxCyclomaticComplexity="0" minCyclomaticComplexity="0" maxCrapScore="0" minCrapScore="0" visitedClasses="0" numClasses="0" visitedMethods="0" numMethods="1" />
              <MetadataToken>100663446</MetadataToken>
              <Name>System.Boolean TestSuite/&lt;PauseTitleTest&gt;d__59::MoveNext()</Name>
              <FileRef uid="30" />
              <SequencePoints>
                <SequencePoint vc="0" uspid="1663" ordinal="0" offset="54" sl="483" sc="0" el="483" ec="0" bec="0" bev="0" fileid="30" />
                <SequencePoint vc="0" uspid="1664" ordinal="0" offset="57" sl="484" sc="0" el="484" ec="0" bec="0" bev="0" fileid="30" />
                <SequencePoint vc="0" uspid="1665" ordinal="0" offset="58" sl="484" sc="0" el="484" ec="0" bec="0" bev="0" fileid="30" />
                <SequencePoint vc="0" uspid="1666" ordinal="0" offset="81" sl="484" sc="0" el="484" ec="0" bec="0" bev="0" fileid="30" />
                <SequencePoint vc="0" uspid="1667" ordinal="0" offset="82" sl="484" sc="0" el="484" ec="0" bec="0" bev="0" fileid="30" />
                <SequencePoint vc="0" uspid="1668" ordinal="0" offset="109" sl="485" sc="0" el="485" ec="0" bec="0" bev="0" fileid="30" />
                <SequencePoint vc="0" uspid="1669" ordinal="0" offset="130" sl="486" sc="0" el="486" ec="0" bec="0" bev="0" fileid="30" />
                <SequencePoint vc="0" uspid="1670" ordinal="0" offset="151" sl="488" sc="0" el="488" ec="0" bec="0" bev="0" fileid="30" />
                <SequencePoint vc="0" uspid="1671" ordinal="0" offset="183" sl="489" sc="0" el="489" ec="0" bec="0" bev="0" fileid="30" />
                <SequencePoint vc="0" uspid="1672" ordinal="0" offset="190" sl="490" sc="0" el="490" ec="0" bec="0" bev="0" fileid="30" />
                <SequencePoint vc="0" uspid="1673" ordinal="0" offset="197" sl="491" sc="0" el="491" ec="0" bec="0" bev="0" fileid="30" />
                <SequencePoint vc="0" uspid="1674" ordinal="0" offset="224" sl="491" sc="0" el="491" ec="0" bec="0" bev="0" fileid="30" />
                <SequencePoint vc="0" uspid="1675" ordinal="0" offset="225" sl="492" sc="0" el="492" ec="0" bec="0" bev="0" fileid="30" />
                <SequencePoint vc="0" uspid="1676" ordinal="0" offset="232" sl="493" sc="0" el="493" ec="0" bec="0" bev="0" fileid="30" />
                <SequencePoint vc="0" uspid="1677" ordinal="0" offset="233" sl="494" sc="0" el="494" ec="0" bec="0" bev="0" fileid="30" />
                <SequencePoint vc="0" uspid="1678" ordinal="0" offset="249" sl="495" sc="0" el="495" ec="0" bec="0" bev="0" fileid="30" />
                <SequencePoint vc="0" uspid="1679" ordinal="0" offset="265" sl="496" sc="0" el="496" ec="0" bec="0" bev="0" fileid="30" />
                <SequencePoint vc="0" uspid="1680" ordinal="0" offset="266" sl="497" sc="0" el="497" ec="0" bec="0" bev="0" fileid="30" />
                <SequencePoint vc="0" uspid="1681" ordinal="0" offset="273" sl="498" sc="0" el="498" ec="0" bec="0" bev="0" fileid="30" />
                <SequencePoint vc="0" uspid="1682" ordinal="0" offset="274" sl="499" sc="0" el="499" ec="0" bec="0" bev="0" fileid="30" />
                <SequencePoint vc="0" uspid="1683" ordinal="0" offset="290" sl="500" sc="0" el="500" ec="0" bec="0" bev="0" fileid="30" />
                <SequencePoint vc="0" uspid="1684" ordinal="0" offset="309" sl="501" sc="0" el="501" ec="0" bec="0" bev="0" fileid="30" />
                <SequencePoint vc="0" uspid="1685" ordinal="0" offset="310" sl="502" sc="0" el="502" ec="0" bec="0" bev="0" fileid="30" />
                <SequencePoint vc="0" uspid="1686" ordinal="0" offset="316" sl="503" sc="0" el="503" ec="0" bec="0" bev="0" fileid="30" />
                <SequencePoint vc="0" uspid="1687" ordinal="0" offset="319" sl="505" sc="0" el="505" ec="0" bec="0" bev="0" fileid="30" />
                <SequencePoint vc="0" uspid="1688" ordinal="0" offset="320" sl="506" sc="0" el="506" ec="0" bec="0" bev="0" fileid="30" />
                <SequencePoint vc="0" uspid="1689" ordinal="0" offset="326" sl="507" sc="0" el="507" ec="0" bec="0" bev="0" fileid="30" />
                <SequencePoint vc="0" uspid="1690" ordinal="0" offset="327" sl="508" sc="0" el="508" ec="0" bec="0" bev="0" fileid="30" />
                <SequencePoint vc="0" uspid="1691" ordinal="0" offset="350" sl="509" sc="0" el="509" ec="0" bec="0" bev="0" fileid="30" />
              </SequencePoints>
              <BranchPoints />
            </Method>
          </Methods>
        </Class>
        <Class>
          <Summary numSequencePoints="14" visitedSequencePoints="0" numBranchPoints="0" visitedBranchPoints="0" sequenceCoverage="0.0" branchCoverage="0.0" maxCyclomaticComplexity="0" minCyclomaticComplexity="0" maxCrapScore="0" minCrapScore="0" visitedClasses="0" numClasses="1" visitedMethods="0" numMethods="1" />
          <FullName>TestSuite/&lt;LoadGameTest&gt;d__60</FullName>
          <Methods>
            <Method visited="false" cyclomaticComplexity="0" nPathComplexity="0" sequenceCoverage="0.0" branchCoverage="0" crapScore="0" isConstructor="false" isStatic="false" isGetter="false" isSetter="false">
              <Summary numSequencePoints="14" visitedSequencePoints="0" numBranchPoints="0" visitedBranchPoints="0" sequenceCoverage="0.0" branchCoverage="0" maxCyclomaticComplexity="0" minCyclomaticComplexity="0" maxCrapScore="0" minCrapScore="0" visitedClasses="0" numClasses="0" visitedMethods="0" numMethods="1" />
              <MetadataToken>100663452</MetadataToken>
              <Name>System.Boolean TestSuite/&lt;LoadGameTest&gt;d__60::MoveNext()</Name>
              <FileRef uid="30" />
              <SequencePoints>
                <SequencePoint vc="0" uspid="1692" ordinal="0" offset="54" sl="513" sc="0" el="513" ec="0" bec="0" bev="0" fileid="30" />
                <SequencePoint vc="0" uspid="1693" ordinal="0" offset="57" sl="514" sc="0" el="514" ec="0" bec="0" bev="0" fileid="30" />
                <SequencePoint vc="0" uspid="1694" ordinal="0" offset="58" sl="514" sc="0" el="514" ec="0" bec="0" bev="0" fileid="30" />
                <SequencePoint vc="0" uspid="1695" ordinal="0" offset="81" sl="514" sc="0" el="514" ec="0" bec="0" bev="0" fileid="30" />
                <SequencePoint vc="0" uspid="1696" ordinal="0" offset="82" sl="514" sc="0" el="514" ec="0" bec="0" bev="0" fileid="30" />
                <SequencePoint vc="0" uspid="1697" ordinal="0" offset="109" sl="515" sc="0" el="515" ec="0" bec="0" bev="0" fileid="30" />
                <SequencePoint vc="0" uspid="1698" ordinal="0" offset="128" sl="516" sc="0" el="516" ec="0" bec="0" bev="0" fileid="30" />
                <SequencePoint vc="0" uspid="1699" ordinal="0" offset="140" sl="517" sc="0" el="517" ec="0" bec="0" bev="0" fileid="30" />
                <SequencePoint vc="0" uspid="1700" ordinal="0" offset="162" sl="518" sc="0" el="518" ec="0" bec="0" bev="0" fileid="30" />
                <SequencePoint vc="0" uspid="1701" ordinal="0" offset="184" sl="519" sc="0" el="519" ec="0" bec="0" bev="0" fileid="30" />
                <SequencePoint vc="0" uspid="1702" ordinal="0" offset="216" sl="521" sc="0" el="521" ec="0" bec="0" bev="0" fileid="30" />
                <SequencePoint vc="0" uspid="1703" ordinal="0" offset="241" sl="522" sc="0" el="522" ec="0" bec="0" bev="0" fileid="30" />
                <SequencePoint vc="0" uspid="1704" ordinal="0" offset="257" sl="523" sc="0" el="523" ec="0" bec="0" bev="0" fileid="30" />
                <SequencePoint vc="0" uspid="1705" ordinal="0" offset="280" sl="524" sc="0" el="524" ec="0" bec="0" bev="0" fileid="30" />
              </SequencePoints>
              <BranchPoints />
            </Method>
          </Methods>
        </Class>
        <Class>
          <Summary numSequencePoints="24" visitedSequencePoints="0" numBranchPoints="0" visitedBranchPoints="0" sequenceCoverage="0.0" branchCoverage="0.0" maxCyclomaticComplexity="0" minCyclomaticComplexity="0" maxCrapScore="0" minCrapScore="0" visitedClasses="0" numClasses="1" visitedMethods="0" numMethods="1" />
          <FullName>TestSuite/&lt;PickupDestructionTest&gt;d__61</FullName>
          <Methods>
            <Method visited="false" cyclomaticComplexity="0" nPathComplexity="0" sequenceCoverage="0.0" branchCoverage="0" crapScore="0" isConstructor="false" isStatic="false" isGetter="false" isSetter="false">
              <Summary numSequencePoints="24" visitedSequencePoints="0" numBranchPoints="0" visitedBranchPoints="0" sequenceCoverage="0.0" branchCoverage="0" maxCyclomaticComplexity="0" minCyclomaticComplexity="0" maxCrapScore="0" minCrapScore="0" visitedClasses="0" numClasses="0" visitedMethods="0" numMethods="1" />
              <MetadataToken>100663458</MetadataToken>
              <Name>System.Boolean TestSuite/&lt;PickupDestructionTest&gt;d__61::MoveNext()</Name>
              <FileRef uid="30" />
              <SequencePoints>
                <SequencePoint vc="0" uspid="1706" ordinal="0" offset="69" sl="528" sc="0" el="528" ec="0" bec="0" bev="0" fileid="30" />
                <SequencePoint vc="0" uspid="1707" ordinal="0" offset="72" sl="529" sc="0" el="529" ec="0" bec="0" bev="0" fileid="30" />
                <SequencePoint vc="0" uspid="1708" ordinal="0" offset="73" sl="529" sc="0" el="529" ec="0" bec="0" bev="0" fileid="30" />
                <SequencePoint vc="0" uspid="1709" ordinal="0" offset="96" sl="529" sc="0" el="529" ec="0" bec="0" bev="0" fileid="30" />
                <SequencePoint vc="0" uspid="1710" ordinal="0" offset="97" sl="529" sc="0" el="529" ec="0" bec="0" bev="0" fileid="30" />
                <SequencePoint vc="0" uspid="1711" ordinal="0" offset="124" sl="530" sc="0" el="530" ec="0" bec="0" bev="0" fileid="30" />
                <SequencePoint vc="0" uspid="1712" ordinal="0" offset="141" sl="531" sc="0" el="531" ec="0" bec="0" bev="0" fileid="30" />
                <SequencePoint vc="0" uspid="1713" ordinal="0" offset="173" sl="532" sc="0" el="532" ec="0" bec="0" bev="0" fileid="30" />
                <SequencePoint vc="0" uspid="1714" ordinal="0" offset="189" sl="533" sc="0" el="533" ec="0" bec="0" bev="0" fileid="30" />
                <SequencePoint vc="0" uspid="1715" ordinal="0" offset="206" sl="534" sc="0" el="534" ec="0" bec="0" bev="0" fileid="30" />
                <SequencePoint vc="0" uspid="1716" ordinal="0" offset="238" sl="535" sc="0" el="535" ec="0" bec="0" bev="0" fileid="30" />
                <SequencePoint vc="0" uspid="1717" ordinal="0" offset="254" sl="536" sc="0" el="536" ec="0" bec="0" bev="0" fileid="30" />
                <SequencePoint vc="0" uspid="1718" ordinal="0" offset="271" sl="537" sc="0" el="537" ec="0" bec="0" bev="0" fileid="30" />
                <SequencePoint vc="0" uspid="1719" ordinal="0" offset="303" sl="538" sc="0" el="538" ec="0" bec="0" bev="0" fileid="30" />
                <SequencePoint vc="0" uspid="1720" ordinal="0" offset="319" sl="539" sc="0" el="539" ec="0" bec="0" bev="0" fileid="30" />
                <SequencePoint vc="0" uspid="1721" ordinal="0" offset="335" sl="540" sc="0" el="540" ec="0" bec="0" bev="0" fileid="30" />
                <SequencePoint vc="0" uspid="1722" ordinal="0" offset="370" sl="541" sc="0" el="541" ec="0" bec="0" bev="0" fileid="30" />
                <SequencePoint vc="0" uspid="1723" ordinal="0" offset="371" sl="542" sc="0" el="542" ec="0" bec="0" bev="0" fileid="30" />
                <SequencePoint vc="0" uspid="1724" ordinal="0" offset="377" sl="543" sc="0" el="543" ec="0" bec="0" bev="0" fileid="30" />
                <SequencePoint vc="0" uspid="1725" ordinal="0" offset="380" sl="545" sc="0" el="545" ec="0" bec="0" bev="0" fileid="30" />
                <SequencePoint vc="0" uspid="1726" ordinal="0" offset="381" sl="546" sc="0" el="546" ec="0" bec="0" bev="0" fileid="30" />
                <SequencePoint vc="0" uspid="1727" ordinal="0" offset="387" sl="547" sc="0" el="547" ec="0" bec="0" bev="0" fileid="30" />
                <SequencePoint vc="0" uspid="1728" ordinal="0" offset="388" sl="548" sc="0" el="548" ec="0" bec="0" bev="0" fileid="30" />
                <SequencePoint vc="0" uspid="1729" ordinal="0" offset="411" sl="549" sc="0" el="549" ec="0" bec="0" bev="0" fileid="30" />
              </SequencePoints>
              <BranchPoints />
            </Method>
          </Methods>
        </Class>
      </Classes>
    </Module>
  </Modules>
</CoverageSession>